TN:
SF:src\components\DashboardLayout.tsx
FN:57,(anonymous_0)
FN:75,(anonymous_1)
FN:81,(anonymous_2)
FN:83,(anonymous_3)
FN:94,(anonymous_4)
FN:104,(anonymous_5)
FN:127,(anonymous_6)
FN:137,(anonymous_7)
FN:141,(anonymous_8)
FN:143,(anonymous_9)
FN:151,(anonymous_10)
FN:173,(anonymous_11)
FN:175,(anonymous_12)
FN:183,(anonymous_13)
FN:212,(anonymous_14)
FN:227,(anonymous_15)
FN:235,(anonymous_16)
FN:265,(anonymous_17)
FN:272,(anonymous_18)
FNF:19
FNH:0
FNDA:0,(anonymous_0)
FNDA:0,(anonymous_1)
FNDA:0,(anonymous_2)
FNDA:0,(anonymous_3)
FNDA:0,(anonymous_4)
FNDA:0,(anonymous_5)
FNDA:0,(anonymous_6)
FNDA:0,(anonymous_7)
FNDA:0,(anonymous_8)
FNDA:0,(anonymous_9)
FNDA:0,(anonymous_10)
FNDA:0,(anonymous_11)
FNDA:0,(anonymous_12)
FNDA:0,(anonymous_13)
FNDA:0,(anonymous_14)
FNDA:0,(anonymous_15)
FNDA:0,(anonymous_16)
FNDA:0,(anonymous_17)
FNDA:0,(anonymous_18)
DA:37,0
DA:45,0
DA:57,0
DA:58,0
DA:59,0
DA:60,0
DA:61,0
DA:64,0
DA:65,0
DA:66,0
DA:68,0
DA:69,0
DA:70,0
DA:73,0
DA:75,0
DA:76,0
DA:77,0
DA:78,0
DA:81,0
DA:82,0
DA:84,0
DA:89,0
DA:90,0
DA:93,0
DA:94,0
DA:96,0
DA:98,0
DA:104,0
DA:127,0
DA:138,0
DA:141,0
DA:144,0
DA:152,0
DA:173,0
DA:176,0
DA:184,0
DA:212,0
DA:227,0
DA:235,0
DA:265,0
DA:272,0
LF:41
LH:0
BRDA:69,0,0,0
BRDA:69,0,1,0
BRDA:70,1,0,0
BRDA:70,1,1,0
BRDA:70,2,0,0
BRDA:70,2,1,0
BRDA:89,3,0,0
BRDA:89,3,1,0
BRDA:96,4,0,0
BRDA:96,4,1,0
BRDA:101,5,0,0
BRDA:101,5,1,0
BRDA:111,6,0,0
BRDA:111,6,1,0
BRDA:142,7,0,0
BRDA:142,7,1,0
BRDA:145,8,0,0
BRDA:145,8,1,0
BRDA:154,9,0,0
BRDA:154,9,1,0
BRDA:157,10,0,0
BRDA:157,10,1,0
BRDA:177,11,0,0
BRDA:177,11,1,0
BRDA:185,12,0,0
BRDA:185,12,1,0
BRDA:188,13,0,0
BRDA:188,13,1,0
BRDA:250,14,0,0
BRDA:250,14,1,0
BRF:30
BRH:0
end_of_record
TN:
SF:src\components\ErrorBoundary.tsx
FN:20,(anonymous_0)
FN:24,(anonymous_1)
FN:29,(anonymous_2)
FN:47,(anonymous_3)
FNF:4
FNH:0
FNDA:0,(anonymous_0)
FNDA:0,(anonymous_1)
FNDA:0,(anonymous_2)
FNDA:0,(anonymous_3)
DA:15,0
DA:21,0
DA:25,0
DA:26,0
DA:30,0
DA:31,0
DA:47,0
DA:58,0
LF:8
LH:0
BRDA:30,0,0,0
BRDA:30,0,1,0
BRDA:41,1,0,0
BRDA:41,1,1,0
BRF:4
BRH:0
end_of_record
TN:
SF:src\components\RequireAuth.tsx
FN:9,RequireAuth
FNF:1
FNH:0
FNDA:0,RequireAuth
DA:10,0
DA:11,0
DA:13,0
DA:14,0
DA:24,0
DA:25,0
DA:28,0
LF:7
LH:0
BRDA:13,0,0,0
BRDA:13,0,1,0
BRDA:24,1,0,0
BRDA:24,1,1,0
BRF:4
BRH:0
end_of_record
TN:
SF:src\components\auth\SessionTimeout.tsx
FN:10,SessionTimeout
FN:15,(anonymous_1)
FNF:2
FNH:0
FNDA:0,SessionTimeout
FNDA:0,(anonymous_1)
DA:8,0
DA:11,0
DA:12,0
DA:13,0
DA:15,0
DA:16,0
DA:17,0
DA:20,0
DA:21,0
DA:22,0
DA:27,0
DA:31,0
DA:33,0
LF:13
LH:0
BRDA:31,0,0,0
BRDA:31,0,1,0
BRDA:50,1,0,0
BRDA:50,1,1,0
BRF:4
BRH:0
end_of_record
TN:
SF:src\components\common\ThemeToggle.tsx
FN:5,ThemeToggle
FN:9,(anonymous_1)
FN:17,(anonymous_2)
FN:27,(anonymous_3)
FN:33,(anonymous_4)
FNF:5
FNH:0
FNDA:0,ThemeToggle
FNDA:0,(anonymous_1)
FNDA:0,(anonymous_2)
FNDA:0,(anonymous_3)
FNDA:0,(anonymous_4)
DA:6,0
DA:7,0
DA:9,0
DA:10,0
DA:13,0
DA:14,0
DA:17,0
DA:18,0
DA:19,0
DA:20,0
DA:21,0
DA:23,0
DA:27,0
DA:28,0
DA:29,0
DA:30,0
DA:33,0
DA:34,0
DA:35,0
DA:36,0
DA:39,0
LF:21
LH:0
BRDA:13,0,0,0
BRDA:13,0,1,0
BRDA:18,1,0,0
BRDA:18,1,1,0
BRDA:20,2,0,0
BRDA:20,2,1,0
BRDA:28,3,0,0
BRDA:28,3,1,0
BRDA:29,4,0,0
BRDA:29,4,1,0
BRDA:34,5,0,0
BRDA:34,5,1,0
BRDA:35,6,0,0
BRDA:35,6,1,0
BRF:14
BRH:0
end_of_record
TN:
SF:src\components\patient\insights\MoodChart.tsx
FN:17,MoodChart
FN:20,(anonymous_1)
FN:50,(anonymous_2)
FN:100,(anonymous_3)
FNF:4
FNH:0
FNDA:0,MoodChart
FNDA:0,(anonymous_1)
FNDA:0,(anonymous_2)
FNDA:0,(anonymous_3)
DA:18,0
DA:21,0
DA:22,0
DA:27,0
DA:28,0
DA:35,0
DA:36,0
DA:50,0
DA:56,0
DA:100,0
LF:10
LH:0
BRDA:18,0,0,0
BRDA:27,1,0,0
BRDA:27,1,1,0
BRDA:35,2,0,0
BRDA:35,2,1,0
BRF:5
BRH:0
end_of_record
TN:
SF:src\components\patient\tasks\TasksWidget.tsx
FN:10,TasksWidget
FN:18,(anonymous_1)
FN:22,(anonymous_2)
FN:39,(anonymous_3)
FN:53,(anonymous_4)
FN:56,(anonymous_5)
FN:73,(anonymous_6)
FN:88,(anonymous_7)
FNF:8
FNH:0
FNDA:0,TasksWidget
FNDA:0,(anonymous_1)
FNDA:0,(anonymous_2)
FNDA:0,(anonymous_3)
FNDA:0,(anonymous_4)
FNDA:0,(anonymous_5)
FNDA:0,(anonymous_6)
FNDA:0,(anonymous_7)
DA:11,0
DA:12,0
DA:13,0
DA:14,0
DA:16,0
DA:18,0
DA:19,0
DA:20,0
DA:21,0
DA:23,0
DA:24,0
DA:29,0
DA:31,0
DA:39,0
DA:54,0
DA:56,0
DA:73,0
DA:88,0
LF:18
LH:0
BRDA:11,0,0,0
BRDA:20,1,0,0
BRDA:20,1,1,0
BRDA:29,2,0,0
BRDA:29,2,1,0
BRDA:44,3,0,0
BRDA:44,3,1,0
BRDA:57,4,0,0
BRDA:57,4,1,0
BRDA:59,5,0,0
BRDA:59,5,1,0
BRDA:62,6,0,0
BRDA:62,6,1,0
BRDA:65,7,0,0
BRDA:65,7,1,0
BRF:15
BRH:0
end_of_record
TN:
SF:src\components\patient\timeline\MoodIndicator.tsx
FN:6,MoodIndicator
FN:7,(anonymous_1)
FN:13,(anonymous_2)
FNF:3
FNH:0
FNDA:0,MoodIndicator
FNDA:0,(anonymous_1)
FNDA:0,(anonymous_2)
DA:7,0
DA:8,0
DA:9,0
DA:10,0
DA:13,0
DA:14,0
DA:15,0
DA:16,0
DA:17,0
DA:21,0
LF:10
LH:0
BRDA:6,0,0,0
BRDA:8,1,0,0
BRDA:8,1,1,0
BRDA:9,2,0,0
BRDA:9,2,1,0
BRDA:14,3,0,0
BRDA:14,3,1,0
BRDA:14,3,2,0
BRF:8
BRH:0
end_of_record
TN:
SF:src\components\patient\timeline\NoteCard.tsx
FN:13,NoteCard
FN:46,(anonymous_1)
FN:91,(anonymous_2)
FNF:3
FNH:0
FNDA:0,NoteCard
FNDA:0,(anonymous_1)
FNDA:0,(anonymous_2)
DA:14,0
DA:15,0
DA:16,0
DA:18,0
DA:19,0
DA:26,0
DA:27,0
DA:29,0
DA:46,0
DA:92,0
LF:10
LH:0
BRDA:18,0,0,0
BRDA:18,0,1,0
BRDA:30,1,0,0
BRDA:30,1,1,0
BRDA:37,2,0,0
BRDA:37,2,1,0
BRDA:38,3,0,0
BRDA:38,3,1,0
BRDA:47,4,0,0
BRDA:47,4,1,0
BRDA:48,5,0,0
BRDA:48,5,1,0
BRDA:50,6,0,0
BRDA:50,6,1,0
BRDA:55,7,0,0
BRDA:55,7,1,0
BRDA:56,8,0,0
BRDA:56,8,1,0
BRDA:58,9,0,0
BRDA:58,9,1,0
BRDA:64,10,0,0
BRDA:64,10,1,0
BRDA:70,11,0,0
BRDA:70,11,1,0
BRDA:76,12,0,0
BRDA:76,12,1,0
BRDA:84,13,0,0
BRDA:84,13,1,0
BRDA:84,13,2,0
BRDA:89,14,0,0
BRDA:89,14,1,0
BRDA:89,14,2,0
BRF:32
BRH:0
end_of_record
TN:
SF:src\components\patient\timeline\TimelineContainer.tsx
FN:12,TimelineContainer
FN:24,(anonymous_1)
FN:25,(anonymous_2)
FN:28,(anonymous_3)
FN:29,(anonymous_4)
FN:72,(anonymous_5)
FN:95,(anonymous_6)
FN:110,(anonymous_7)
FN:128,(anonymous_8)
FNF:9
FNH:0
FNDA:0,TimelineContainer
FNDA:0,(anonymous_1)
FNDA:0,(anonymous_2)
FNDA:0,(anonymous_3)
FNDA:0,(anonymous_4)
FNDA:0,(anonymous_5)
FNDA:0,(anonymous_6)
FNDA:0,(anonymous_7)
FNDA:0,(anonymous_8)
DA:13,0
DA:14,0
DA:22,0
DA:24,0
DA:25,0
DA:28,0
DA:29,0
DA:32,0
DA:33,0
DA:41,0
DA:42,0
DA:59,0
DA:72,0
DA:96,0
DA:111,0
DA:128,0
LF:16
LH:0
BRDA:25,0,0,0
BRDA:25,0,1,0
BRDA:32,1,0,0
BRDA:32,1,1,0
BRDA:41,2,0,0
BRDA:41,2,1,0
BRDA:41,3,0,0
BRDA:41,3,1,0
BRDA:81,4,0,0
BRDA:81,4,1,0
BRDA:81,4,2,0
BRDA:125,5,0,0
BRDA:125,5,1,0
BRDA:132,6,0,0
BRDA:132,6,1,0
BRDA:137,7,0,0
BRDA:137,7,1,0
BRDA:137,7,2,0
BRF:18
BRH:0
end_of_record
TN:
SF:src\components\patient\timeline\TimelineItem.tsx
FN:11,TimelineItem
FNF:1
FNH:0
FNDA:0,TimelineItem
DA:12,0
DA:13,0
DA:15,0
LF:3
LH:0
BRDA:19,0,0,0
BRDA:19,0,1,0
BRDA:20,1,0,0
BRDA:20,1,1,0
BRF:4
BRH:0
end_of_record
TN:
SF:src\components\patients\DocumentUpload.tsx
FN:28,DocumentUpload
FN:35,(anonymous_1)
FN:47,(anonymous_2)
FN:54,(anonymous_3)
FN:60,(anonymous_4)
FN:65,(anonymous_5)
FN:70,(anonymous_6)
FN:87,(anonymous_7)
FN:88,(anonymous_8)
FN:89,(anonymous_9)
FN:90,(anonymous_10)
FN:121,(anonymous_11)
FN:132,(anonymous_12)
FN:136,(anonymous_13)
FNF:14
FNH:0
FNDA:0,DocumentUpload
FNDA:0,(anonymous_1)
FNDA:0,(anonymous_2)
FNDA:0,(anonymous_3)
FNDA:0,(anonymous_4)
FNDA:0,(anonymous_5)
FNDA:0,(anonymous_6)
FNDA:0,(anonymous_7)
FNDA:0,(anonymous_8)
FNDA:0,(anonymous_9)
FNDA:0,(anonymous_10)
FNDA:0,(anonymous_11)
FNDA:0,(anonymous_12)
FNDA:0,(anonymous_13)
DA:7,0
DA:15,0
DA:17,0
DA:29,0
DA:30,0
DA:31,0
DA:32,0
DA:33,0
DA:35,0
DA:36,0
DA:37,0
DA:38,0
DA:40,0
DA:41,0
DA:42,0
DA:44,0
DA:47,0
DA:48,0
DA:49,0
DA:50,0
DA:51,0
DA:54,0
DA:55,0
DA:56,0
DA:57,0
DA:60,0
DA:61,0
DA:62,0
DA:66,0
DA:67,0
DA:68,0
DA:71,0
DA:77,0
DA:87,0
DA:88,0
DA:89,0
DA:90,0
DA:121,0
DA:132,0
DA:137,0
LF:40
LH:0
BRDA:36,0,0,0
BRDA:36,0,1,0
BRDA:40,1,0,0
BRDA:40,1,1,0
BRDA:51,2,0,0
BRDA:51,2,1,0
BRDA:56,3,0,0
BRDA:56,3,1,0
BRDA:61,4,0,0
BRDA:61,4,1,0
BRDA:63,5,0,0
BRDA:63,5,1,0
BRDA:88,6,0,0
BRDA:88,6,1,0
BRDA:93,7,0,0
BRDA:93,7,1,0
BRDA:113,8,0,0
BRDA:113,8,1,0
BRDA:143,9,0,0
BRDA:143,9,1,0
BRDA:146,10,0,0
BRDA:146,10,1,0
BRF:22
BRH:0
end_of_record
TN:
SF:src\components\patients\DocumentViewer.tsx
FN:25,formatBytes
FN:31,mimeIcon
FN:43,DocumentPreview
FN:47,(anonymous_3)
FN:51,(anonymous_4)
FN:58,(anonymous_5)
FN:86,DocumentRow
FN:92,(anonymous_7)
FN:127,(anonymous_8)
FN:144,(anonymous_9)
FN:151,(anonymous_10)
FN:162,(anonymous_11)
FN:172,DocumentViewer
FN:177,(anonymous_13)
FN:181,(anonymous_14)
FN:183,(anonymous_15)
FN:187,(anonymous_16)
FN:217,(anonymous_17)
FNF:18
FNH:0
FNDA:0,formatBytes
FNDA:0,mimeIcon
FNDA:0,DocumentPreview
FNDA:0,(anonymous_3)
FNDA:0,(anonymous_4)
FNDA:0,(anonymous_5)
FNDA:0,DocumentRow
FNDA:0,(anonymous_7)
FNDA:0,(anonymous_8)
FNDA:0,(anonymous_9)
FNDA:0,(anonymous_10)
FNDA:0,(anonymous_11)
FNDA:0,DocumentViewer
FNDA:0,(anonymous_13)
FNDA:0,(anonymous_14)
FNDA:0,(anonymous_15)
FNDA:0,(anonymous_16)
FNDA:0,(anonymous_17)
DA:18,0
DA:26,0
DA:27,0
DA:28,0
DA:32,0
DA:33,0
DA:34,0
DA:44,0
DA:45,0
DA:47,0
DA:48,0
DA:49,0
DA:50,0
DA:51,0
DA:54,0
DA:58,0
DA:87,0
DA:88,0
DA:89,0
DA:90,0
DA:92,0
DA:93,0
DA:94,0
DA:95,0
DA:96,0
DA:97,0
DA:100,0
DA:127,0
DA:144,0
DA:151,0
DA:162,0
DA:173,0
DA:174,0
DA:175,0
DA:177,0
DA:178,0
DA:181,0
DA:182,0
DA:184,0
DA:185,0
DA:188,0
DA:189,0
DA:194,0
DA:195,0
DA:202,0
DA:203,0
DA:212,0
DA:218,0
LF:48
LH:0
BRDA:26,0,0,0
BRDA:26,0,1,0
BRDA:27,1,0,0
BRDA:27,1,1,0
BRDA:32,2,0,0
BRDA:32,2,1,0
BRDA:33,3,0,0
BRDA:33,3,1,0
BRDA:48,4,0,0
BRDA:48,4,1,0
BRDA:65,5,0,0
BRDA:65,5,1,0
BRDA:65,6,0,0
BRDA:65,6,1,0
BRDA:67,7,0,0
BRDA:67,7,1,0
BRDA:114,8,0,0
BRDA:114,8,1,0
BRDA:118,9,0,0
BRDA:118,9,1,0
BRDA:125,10,0,0
BRDA:125,10,1,0
BRDA:142,11,0,0
BRDA:142,11,1,0
BRDA:161,12,0,0
BRDA:161,12,1,0
BRDA:173,13,0,0
BRDA:194,14,0,0
BRDA:194,14,1,0
BRDA:202,15,0,0
BRDA:202,15,1,0
BRF:31
BRH:0
end_of_record
TN:
SF:src\components\patients\PatientForm.tsx
FN:17,PatientForm
FN:73,(anonymous_1)
FN:77,(anonymous_2)
FNF:3
FNH:0
FNDA:0,PatientForm
FNDA:0,(anonymous_1)
FNDA:0,(anonymous_2)
DA:23,0
DA:39,0
DA:40,0
DA:43,0
DA:74,0
DA:77,0
LF:6
LH:0
BRDA:26,0,0,0
BRDA:26,0,1,0
BRDA:27,1,0,0
BRDA:27,1,1,0
BRDA:28,2,0,0
BRDA:28,2,1,0
BRDA:29,3,0,0
BRDA:29,3,1,0
BRDA:30,4,0,0
BRDA:30,4,1,0
BRDA:32,5,0,0
BRDA:32,5,1,0
BRDA:33,6,0,0
BRDA:33,6,1,0
BRDA:34,7,0,0
BRDA:34,7,1,0
BRDA:55,8,0,0
BRDA:55,8,1,0
BRDA:66,9,0,0
BRDA:66,9,1,0
BRDA:77,10,0,0
BRDA:77,10,1,0
BRDA:120,11,0,0
BRDA:120,11,1,0
BRDA:131,12,0,0
BRDA:131,12,1,0
BRDA:165,13,0,0
BRDA:165,13,1,0
BRF:28
BRH:0
end_of_record
TN:
SF:src\components\patients\PatientModal.tsx
FN:14,PatientModal
FNF:1
FNH:0
FNDA:0,PatientModal
DA:22,0
LF:1
LH:0
BRDA:24,0,0,0
BRDA:24,0,1,0
BRDA:45,1,0,0
BRDA:45,1,1,0
BRF:4
BRH:0
end_of_record
TN:
SF:src\components\patients\PatientsTable.tsx
FN:14,(anonymous_0)
FN:17,(anonymous_1)
FN:23,(anonymous_2)
FN:36,(anonymous_3)
FN:47,ActionMenu
FN:56,(anonymous_5)
FN:57,(anonymous_6)
FN:66,(anonymous_7)
FN:76,(anonymous_8)
FN:95,(anonymous_9)
FN:106,(anonymous_10)
FN:118,(anonymous_11)
FN:135,PatientsTable
FN:139,(anonymous_13)
FN:175,(anonymous_14)
FN:184,(anonymous_15)
FNF:16
FNH:0
FNDA:0,(anonymous_0)
FNDA:0,(anonymous_1)
FNDA:0,(anonymous_2)
FNDA:0,(anonymous_3)
FNDA:0,ActionMenu
FNDA:0,(anonymous_5)
FNDA:0,(anonymous_6)
FNDA:0,(anonymous_7)
FNDA:0,(anonymous_8)
FNDA:0,(anonymous_9)
FNDA:0,(anonymous_10)
FNDA:0,(anonymous_11)
FNDA:0,PatientsTable
FNDA:0,(anonymous_13)
FNDA:0,(anonymous_14)
FNDA:0,(anonymous_15)
DA:14,0
DA:15,0
DA:17,0
DA:23,0
DA:24,0
DA:26,0
DA:28,0
DA:30,0
DA:32,0
DA:36,0
DA:37,0
DA:39,0
DA:41,0
DA:43,0
DA:53,0
DA:54,0
DA:56,0
DA:57,0
DA:58,0
DA:59,0
DA:63,0
DA:64,0
DA:66,0
DA:67,0
DA:71,0
DA:77,0
DA:78,0
DA:96,0
DA:97,0
DA:98,0
DA:107,0
DA:108,0
DA:109,0
DA:119,0
DA:120,0
DA:121,0
DA:136,0
DA:137,0
DA:140,0
DA:146,0
DA:147,0
DA:164,0
DA:176,0
DA:184,0
LF:44
LH:0
BRDA:24,0,0,0
BRDA:24,0,1,0
BRDA:24,0,2,0
BRDA:24,0,3,0
BRDA:37,1,0,0
BRDA:37,1,1,0
BRDA:37,1,2,0
BRDA:58,2,0,0
BRDA:58,2,1,0
BRDA:58,3,0,0
BRDA:58,3,1,0
BRDA:63,4,0,0
BRDA:63,4,1,0
BRDA:86,5,0,0
BRDA:86,5,1,0
BRDA:136,6,0,0
BRDA:136,6,1,0
BRDA:146,7,0,0
BRDA:146,7,1,0
BRDA:201,8,0,0
BRDA:201,8,1,0
BRDA:220,9,0,0
BRDA:220,9,1,0
BRDA:220,10,0,0
BRDA:220,10,1,0
BRF:25
BRH:0
end_of_record
TN:
SF:src\components\patients\WizardPatientForm.tsx
FN:25,(anonymous_0)
FN:34,(anonymous_1)
FN:41,WizardPatientForm
FN:72,(anonymous_3)
FN:88,(anonymous_4)
FN:92,(anonymous_5)
FN:94,(anonymous_6)
FN:107,(anonymous_7)
FN:177,(anonymous_8)
FN:181,(anonymous_9)
FN:259,(anonymous_10)
FN:269,(anonymous_11)
FNF:12
FNH:0
FNDA:0,(anonymous_0)
FNDA:0,(anonymous_1)
FNDA:0,WizardPatientForm
FNDA:0,(anonymous_3)
FNDA:0,(anonymous_4)
FNDA:0,(anonymous_5)
FNDA:0,(anonymous_6)
FNDA:0,(anonymous_7)
FNDA:0,(anonymous_8)
FNDA:0,(anonymous_9)
FNDA:0,(anonymous_10)
FNDA:0,(anonymous_11)
DA:18,0
DA:24,0
DA:25,0
DA:34,0
DA:42,0
DA:43,0
DA:53,0
DA:70,0
DA:72,0
DA:73,0
DA:75,0
DA:76,0
DA:77,0
DA:81,0
DA:82,0
DA:85,0
DA:86,0
DA:87,0
DA:88,0
DA:92,0
DA:93,0
DA:94,0
DA:97,0
DA:98,0
DA:101,0
DA:108,0
DA:178,0
DA:181,0
DA:259,0
DA:269,0
LF:30
LH:0
BRDA:26,0,0,0
BRDA:26,0,1,0
BRDA:36,1,0,0
BRDA:36,1,1,0
BRDA:57,2,0,0
BRDA:57,2,1,0
BRDA:58,3,0,0
BRDA:58,3,1,0
BRDA:59,4,0,0
BRDA:59,4,1,0
BRDA:60,5,0,0
BRDA:60,5,1,0
BRDA:61,6,0,0
BRDA:61,6,1,0
BRDA:63,7,0,0
BRDA:63,7,1,0
BRDA:64,8,0,0
BRDA:64,8,1,0
BRDA:65,9,0,0
BRDA:65,9,1,0
BRDA:75,10,0,0
BRDA:75,10,1,0
BRDA:77,11,0,0
BRDA:77,11,1,0
BRDA:82,12,0,0
BRDA:82,12,1,0
BRDA:86,13,0,0
BRDA:86,13,1,0
BRDA:110,14,0,0
BRDA:110,14,1,0
BRDA:113,15,0,0
BRDA:113,15,1,0
BRDA:114,16,0,0
BRDA:114,16,1,0
BRDA:135,17,0,0
BRDA:135,17,1,0
BRDA:157,18,0,0
BRDA:157,18,1,0
BRDA:170,19,0,0
BRDA:170,19,1,0
BRDA:181,20,0,0
BRDA:181,20,1,0
BRDA:191,21,0,0
BRDA:191,21,1,0
BRDA:217,22,0,0
BRDA:217,22,1,0
BRDA:236,23,0,0
BRDA:236,23,1,0
BRDA:243,24,0,0
BRDA:243,24,1,0
BRDA:260,25,0,0
BRDA:260,25,1,0
BRDA:270,26,0,0
BRDA:270,26,1,0
BRDA:270,27,0,0
BRDA:270,27,1,0
BRDA:280,28,0,0
BRDA:280,28,1,0
BRDA:297,29,0,0
BRDA:297,29,1,0
BRDA:321,30,0,0
BRDA:321,30,1,0
BRDA:344,31,0,0
BRDA:344,31,1,0
BRDA:348,32,0,0
BRDA:348,32,1,0
BRDA:350,33,0,0
BRDA:350,33,1,0
BRF:68
BRH:0
end_of_record
TN:
SF:src\components\session\AnthropometryTab.tsx
FN:34,(anonymous_0)
FN:38,(anonymous_1)
FN:49,(anonymous_2)
FN:51,(anonymous_3)
FN:54,(anonymous_4)
FN:64,(anonymous_5)
FN:72,(anonymous_6)
FN:77,(anonymous_7)
FN:85,(anonymous_8)
FN:106,(anonymous_9)
FN:147,(anonymous_10)
FNF:11
FNH:0
FNDA:0,(anonymous_0)
FNDA:0,(anonymous_1)
FNDA:0,(anonymous_2)
FNDA:0,(anonymous_3)
FNDA:0,(anonymous_4)
FNDA:0,(anonymous_5)
FNDA:0,(anonymous_6)
FNDA:0,(anonymous_7)
FNDA:0,(anonymous_8)
FNDA:0,(anonymous_9)
FNDA:0,(anonymous_10)
DA:11,0
DA:23,0
DA:34,0
DA:35,0
DA:36,0
DA:38,0
DA:39,0
DA:40,0
DA:49,0
DA:50,0
DA:51,0
DA:54,0
DA:55,0
DA:63,0
DA:64,0
DA:69,0
DA:70,0
DA:72,0
DA:73,0
DA:74,0
DA:77,0
DA:78,0
DA:79,0
DA:80,0
DA:81,0
DA:82,0
DA:85,0
DA:86,0
DA:87,0
DA:88,0
DA:89,0
DA:92,0
DA:107,0
DA:147,0
LF:34
LH:0
BRDA:39,0,0,0
BRDA:39,0,1,0
BRDA:41,1,0,0
BRDA:41,1,1,0
BRDA:42,2,0,0
BRDA:42,2,1,0
BRDA:43,3,0,0
BRDA:43,3,1,0
BRDA:44,4,0,0
BRDA:44,4,1,0
BRDA:56,5,0,0
BRDA:56,5,1,0
BRDA:58,6,0,0
BRDA:58,6,1,0
BRDA:59,7,0,0
BRDA:59,7,1,0
BRDA:60,8,0,0
BRDA:60,8,1,0
BRDA:69,9,0,0
BRDA:69,9,1,0
BRDA:73,10,0,0
BRDA:73,10,1,0
BRDA:73,11,0,0
BRDA:73,11,1,0
BRDA:78,12,0,0
BRDA:78,12,1,0
BRDA:79,13,0,0
BRDA:79,13,1,0
BRDA:80,14,0,0
BRDA:80,14,1,0
BRDA:81,15,0,0
BRDA:81,15,1,0
BRDA:86,16,0,0
BRDA:86,16,1,0
BRDA:86,17,0,0
BRDA:86,17,1,0
BRDA:87,18,0,0
BRDA:87,18,1,0
BRDA:88,19,0,0
BRDA:88,19,1,0
BRDA:103,20,0,0
BRDA:103,20,1,0
BRDA:112,21,0,0
BRDA:112,21,1,0
BRDA:113,22,0,0
BRDA:113,22,1,0
BRDA:123,23,0,0
BRDA:123,23,1,0
BRDA:123,23,2,0
BRDA:127,24,0,0
BRDA:127,24,1,0
BRDA:130,25,0,0
BRDA:130,25,1,0
BRDA:146,26,0,0
BRDA:146,26,1,0
BRDA:146,26,2,0
BRDA:152,27,0,0
BRDA:152,27,1,0
BRDA:175,28,0,0
BRDA:175,28,1,0
BRDA:177,29,0,0
BRDA:177,29,1,0
BRDA:193,30,0,0
BRDA:193,30,1,0
BRDA:193,30,2,0
BRF:65
BRH:0
end_of_record
TN:
SF:src\components\session\ClinicalDetailsModal.tsx
FN:15,ClinicalDetailsModal
FN:90,(anonymous_1)
FNF:2
FNH:0
FNDA:0,ClinicalDetailsModal
FNDA:0,(anonymous_1)
DA:22,0
DA:91,0
LF:2
LH:0
BRDA:24,0,0,0
BRDA:24,0,1,0
BRDA:67,1,0,0
BRDA:67,1,1,0
BRDA:78,2,0,0
BRDA:78,2,1,0
BRDA:88,3,0,0
BRDA:88,3,1,0
BRDA:88,4,0,0
BRDA:88,4,1,0
BRF:10
BRH:0
end_of_record
TN:
SF:src\components\session\ClinicalEditor.tsx
FN:10,(anonymous_0)
FN:31,(anonymous_1)
FN:42,(anonymous_2)
FN:58,(anonymous_3)
FNF:4
FNH:0
FNDA:0,(anonymous_0)
FNDA:0,(anonymous_1)
FNDA:0,(anonymous_2)
FNDA:0,(anonymous_3)
DA:10,0
DA:11,0
DA:13,0
DA:14,0
DA:16,0
DA:23,0
DA:31,0
DA:42,0
DA:59,0
LF:9
LH:0
BRF:0
BRH:0
end_of_record
TN:
SF:src\components\session\MealPlanTab.tsx
FN:11,(anonymous_0)
FN:17,(anonymous_1)
FN:24,(anonymous_2)
FN:33,(anonymous_3)
FN:37,(anonymous_4)
FN:42,(anonymous_5)
FN:44,(anonymous_6)
FN:53,(anonymous_7)
FN:60,(anonymous_8)
FN:86,(anonymous_9)
FNF:10
FNH:0
FNDA:0,(anonymous_0)
FNDA:0,(anonymous_1)
FNDA:0,(anonymous_2)
FNDA:0,(anonymous_3)
FNDA:0,(anonymous_4)
FNDA:0,(anonymous_5)
FNDA:0,(anonymous_6)
FNDA:0,(anonymous_7)
FNDA:0,(anonymous_8)
FNDA:0,(anonymous_9)
DA:11,0
DA:12,0
DA:13,0
DA:14,0
DA:15,0
DA:17,0
DA:18,0
DA:19,0
DA:20,0
DA:24,0
DA:25,0
DA:33,0
DA:37,0
DA:38,0
DA:39,0
DA:42,0
DA:44,0
DA:45,0
DA:46,0
DA:47,0
DA:48,0
DA:49,0
DA:53,0
DA:54,0
DA:55,0
DA:56,0
DA:60,0
DA:62,0
DA:86,0
LF:29
LH:0
BRDA:18,0,0,0
BRDA:18,0,1,0
BRDA:19,1,0,0
BRDA:19,1,1,0
BRDA:20,2,0,0
BRDA:20,2,1,0
BRDA:29,3,0,0
BRDA:29,3,1,0
BRDA:48,4,0,0
BRDA:48,4,1,0
BRDA:55,5,0,0
BRDA:55,5,1,0
BRDA:71,6,0,0
BRDA:71,6,1,0
BRDA:107,7,0,0
BRDA:107,7,1,0
BRDA:116,8,0,0
BRDA:116,8,1,0
BRDA:125,9,0,0
BRDA:125,9,1,0
BRF:20
BRH:0
end_of_record
TN:
SF:src\components\session\PatientContextPanel.tsx
FN:17,(anonymous_0)
FN:24,(anonymous_1)
FN:45,(anonymous_2)
FN:64,(anonymous_3)
FN:89,(anonymous_4)
FN:100,(anonymous_5)
FN:107,(anonymous_6)
FNF:7
FNH:0
FNDA:0,(anonymous_0)
FNDA:0,(anonymous_1)
FNDA:0,(anonymous_2)
FNDA:0,(anonymous_3)
FNDA:0,(anonymous_4)
FNDA:0,(anonymous_5)
FNDA:0,(anonymous_6)
DA:17,0
DA:23,0
DA:24,0
DA:25,0
DA:26,0
DA:28,0
DA:45,0
DA:65,0
DA:66,0
DA:68,0
DA:89,0
DA:100,0
DA:107,0
LF:13
LH:0
BRDA:24,0,0,0
BRDA:24,0,1,0
BRDA:41,1,0,0
BRDA:41,1,1,0
BRDA:62,2,0,0
BRDA:62,2,1,0
BRDA:66,3,0,0
BRDA:66,3,1,0
BRDA:66,3,2,0
BRDA:66,3,3,0
BRDA:75,4,0,0
BRDA:75,4,1,0
BRF:12
BRH:0
end_of_record
TN:
SF:src\components\session\ScalesTab.tsx
FN:34,computeRisk
FN:35,(anonymous_1)
FN:78,ScaleCard
FN:89,(anonymous_3)
FN:126,(anonymous_4)
FN:133,(anonymous_5)
FN:136,(anonymous_6)
FN:165,ScalesTab
FN:172,(anonymous_8)
FN:174,(anonymous_9)
FN:175,(anonymous_10)
FN:180,(anonymous_11)
FN:185,(anonymous_12)
FN:192,(anonymous_13)
FN:193,(anonymous_14)
FN:199,(anonymous_15)
FN:203,(anonymous_16)
FN:207,(anonymous_17)
FN:239,(anonymous_18)
FN:240,(anonymous_19)
FN:251,(anonymous_20)
FN:252,(anonymous_21)
FNF:22
FNH:0
FNDA:0,computeRisk
FNDA:0,(anonymous_1)
FNDA:0,ScaleCard
FNDA:0,(anonymous_3)
FNDA:0,(anonymous_4)
FNDA:0,(anonymous_5)
FNDA:0,(anonymous_6)
FNDA:0,ScalesTab
FNDA:0,(anonymous_8)
FNDA:0,(anonymous_9)
FNDA:0,(anonymous_10)
FNDA:0,(anonymous_11)
FNDA:0,(anonymous_12)
FNDA:0,(anonymous_13)
FNDA:0,(anonymous_14)
FNDA:0,(anonymous_15)
FNDA:0,(anonymous_16)
FNDA:0,(anonymous_17)
FNDA:0,(anonymous_18)
FNDA:0,(anonymous_19)
FNDA:0,(anonymous_20)
FNDA:0,(anonymous_21)
DA:10,0
DA:22,0
DA:32,0
DA:35,0
DA:36,0
DA:37,0
DA:38,0
DA:39,0
DA:40,0
DA:41,0
DA:43,0
DA:44,0
DA:45,0
DA:46,0
DA:50,0
DA:58,0
DA:89,0
DA:90,0
DA:91,0
DA:93,0
DA:127,0
DA:134,0
DA:136,0
DA:166,0
DA:167,0
DA:168,0
DA:169,0
DA:170,0
DA:172,0
DA:173,0
DA:174,0
DA:175,0
DA:176,0
DA:177,0
DA:180,0
DA:185,0
DA:186,0
DA:187,0
DA:188,0
DA:192,0
DA:193,0
DA:195,0
DA:200,0
DA:201,0
DA:202,0
DA:203,0
DA:204,0
DA:207,0
DA:239,0
DA:240,0
DA:251,0
DA:252,0
LF:52
LH:0
BRDA:36,0,0,0
BRDA:36,0,1,0
BRDA:37,1,0,0
BRDA:37,1,1,0
BRDA:38,2,0,0
BRDA:38,2,1,0
BRDA:39,3,0,0
BRDA:39,3,1,0
BRDA:40,4,0,0
BRDA:40,4,1,0
BRDA:43,5,0,0
BRDA:43,5,1,0
BRDA:44,6,0,0
BRDA:44,6,1,0
BRDA:45,7,0,0
BRDA:45,7,1,0
BRDA:138,8,0,0
BRDA:138,8,1,0
BRDA:158,9,0,0
BRDA:158,9,1,0
BRDA:158,10,0,0
BRDA:158,10,1,0
BRDA:173,11,0,0
BRDA:173,11,1,0
BRDA:176,12,0,0
BRDA:176,12,1,0
BRDA:177,13,0,0
BRDA:177,13,1,0
BRDA:200,14,0,0
BRDA:200,14,1,0
BRDA:201,15,0,0
BRDA:201,15,1,0
BRDA:202,16,0,0
BRDA:202,16,1,0
BRDA:209,17,0,0
BRDA:209,17,1,0
BRDA:216,18,0,0
BRDA:216,18,1,0
BRDA:222,19,0,0
BRDA:222,19,1,0
BRDA:231,20,0,0
BRDA:231,20,1,0
BRF:42
BRH:0
end_of_record
TN:
SF:src\components\session\SessionCheckoutModal.tsx
FN:31,computeNextDate
FN:41,(anonymous_1)
FN:50,(anonymous_2)
FN:58,(anonymous_3)
FN:69,(anonymous_4)
FN:71,(anonymous_5)
FN:81,(anonymous_6)
FN:86,(anonymous_7)
FN:137,(anonymous_8)
FN:148,(anonymous_9)
FN:170,(anonymous_10)
FN:189,(anonymous_11)
FN:200,(anonymous_12)
FN:211,(anonymous_13)
FN:236,(anonymous_14)
FN:240,(anonymous_15)
FN:257,(anonymous_16)
FNF:17
FNH:0
FNDA:0,computeNextDate
FNDA:0,(anonymous_1)
FNDA:0,(anonymous_2)
FNDA:0,(anonymous_3)
FNDA:0,(anonymous_4)
FNDA:0,(anonymous_5)
FNDA:0,(anonymous_6)
FNDA:0,(anonymous_7)
FNDA:0,(anonymous_8)
FNDA:0,(anonymous_9)
FNDA:0,(anonymous_10)
FNDA:0,(anonymous_11)
FNDA:0,(anonymous_12)
FNDA:0,(anonymous_13)
FNDA:0,(anonymous_14)
FNDA:0,(anonymous_15)
FNDA:0,(anonymous_16)
DA:32,0
DA:33,0
DA:34,0
DA:35,0
DA:36,0
DA:37,0
DA:38,0
DA:41,0
DA:48,0
DA:49,0
DA:50,0
DA:52,0
DA:53,0
DA:54,0
DA:55,0
DA:56,0
DA:58,0
DA:59,0
DA:60,0
DA:61,0
DA:62,0
DA:63,0
DA:64,0
DA:68,0
DA:69,0
DA:72,0
DA:73,0
DA:74,0
DA:76,0
DA:77,0
DA:78,0
DA:79,0
DA:82,0
DA:86,0
DA:87,0
DA:88,0
DA:89,0
DA:90,0
DA:91,0
DA:94,0
DA:103,0
DA:105,0
DA:137,0
DA:148,0
DA:170,0
DA:189,0
DA:200,0
DA:211,0
DA:237,0
DA:240,0
DA:257,0
LF:51
LH:0
BRDA:32,0,0,0
BRDA:32,0,1,0
BRDA:34,1,0,0
BRDA:34,1,1,0
BRDA:34,2,0,0
BRDA:34,2,1,0
BRDA:35,3,0,0
BRDA:35,3,1,0
BRDA:50,4,0,0
BRDA:50,4,1,0
BRDA:59,5,0,0
BRDA:59,5,1,0
BRDA:59,6,0,0
BRDA:59,6,1,0
BRDA:73,7,0,0
BRDA:73,7,1,0
BRDA:89,8,0,0
BRDA:89,8,1,0
BRDA:89,9,0,0
BRDA:89,9,1,0
BRDA:103,10,0,0
BRDA:103,10,1,0
BRDA:119,11,0,0
BRDA:119,11,1,0
BRDA:138,12,0,0
BRDA:138,12,1,0
BRDA:143,13,0,0
BRDA:143,13,1,0
BRDA:149,14,0,0
BRDA:149,14,1,0
BRDA:181,15,0,0
BRDA:181,15,1,0
BRDA:190,16,0,0
BRDA:190,16,1,0
BRDA:201,17,0,0
BRDA:201,17,1,0
BRDA:212,18,0,0
BRDA:212,18,1,0
BRDA:241,19,0,0
BRDA:241,19,1,0
BRDA:271,20,0,0
BRDA:271,20,1,0
BRDA:276,21,0,0
BRDA:276,21,1,0
BRF:44
BRH:0
end_of_record
TN:
SF:src\components\session\SessionLayout.tsx
FN:21,(anonymous_0)
FN:37,(anonymous_1)
FNF:2
FNH:0
FNDA:0,(anonymous_0)
FNDA:0,(anonymous_1)
DA:21,0
DA:35,0
DA:37,0
DA:39,0
LF:4
LH:0
BRDA:56,0,0,0
BRDA:56,0,1,0
BRDA:59,1,0,0
BRDA:59,1,1,0
BRDA:61,2,0,0
BRDA:61,2,1,0
BRDA:77,3,0,0
BRDA:77,3,1,0
BRDA:81,4,0,0
BRDA:81,4,1,0
BRDA:89,5,0,0
BRDA:89,5,1,0
BRDA:107,6,0,0
BRDA:107,6,1,0
BRDA:117,7,0,0
BRDA:117,7,1,0
BRF:16
BRH:0
end_of_record
TN:
SF:src\components\session\TasksModal.tsx
FN:11,TasksModal
FNF:1
FNH:0
FNDA:0,TasksModal
DA:12,0
LF:1
LH:0
BRDA:14,0,0,0
BRDA:14,0,1,0
BRF:2
BRH:0
end_of_record
TN:
SF:src\components\session\editor\EditorContainer.tsx
FN:47,EditorContainer
FN:68,(anonymous_1)
FN:69,(anonymous_2)
FN:73,(anonymous_3)
FN:78,(anonymous_4)
FN:85,(anonymous_5)
FN:107,(anonymous_6)
FN:128,(anonymous_7)
FN:139,(anonymous_8)
FN:167,(anonymous_9)
FN:192,(anonymous_10)
FN:220,(anonymous_11)
FN:271,(anonymous_12)
FN:282,(anonymous_13)
FN:339,(anonymous_14)
FN:360,(anonymous_15)
FN:393,(anonymous_16)
FN:393,(anonymous_17)
FN:399,(anonymous_18)
FN:399,(anonymous_19)
FN:408,(anonymous_20)
FNF:21
FNH:0
FNDA:0,EditorContainer
FNDA:0,(anonymous_1)
FNDA:0,(anonymous_2)
FNDA:0,(anonymous_3)
FNDA:0,(anonymous_4)
FNDA:0,(anonymous_5)
FNDA:0,(anonymous_6)
FNDA:0,(anonymous_7)
FNDA:0,(anonymous_8)
FNDA:0,(anonymous_9)
FNDA:0,(anonymous_10)
FNDA:0,(anonymous_11)
FNDA:0,(anonymous_12)
FNDA:0,(anonymous_13)
FNDA:0,(anonymous_14)
FNDA:0,(anonymous_15)
FNDA:0,(anonymous_16)
FNDA:0,(anonymous_17)
FNDA:0,(anonymous_18)
FNDA:0,(anonymous_19)
FNDA:0,(anonymous_20)
DA:30,0
DA:40,0
DA:45,0
DA:55,0
DA:58,0
DA:59,0
DA:60,0
DA:61,0
DA:62,0
DA:63,0
DA:64,0
DA:65,0
DA:68,0
DA:69,0
DA:73,0
DA:74,0
DA:78,0
DA:79,0
DA:80,0
DA:85,0
DA:86,0
DA:87,0
DA:88,0
DA:89,0
DA:90,0
DA:91,0
DA:94,0
DA:97,0
DA:98,0
DA:104,0
DA:107,0
DA:108,0
DA:109,0
DA:116,0
DA:118,0
DA:119,0
DA:121,0
DA:122,0
DA:124,0
DA:128,0
DA:129,0
DA:130,0
DA:131,0
DA:133,0
DA:135,0
DA:136,0
DA:139,0
DA:140,0
DA:141,0
DA:142,0
DA:146,0
DA:147,0
DA:148,0
DA:149,0
DA:150,0
DA:151,0
DA:152,0
DA:153,0
DA:155,0
DA:159,0
DA:167,0
DA:192,0
DA:220,0
DA:271,0
DA:282,0
DA:339,0
DA:360,0
DA:393,0
DA:399,0
DA:408,0
LF:70
LH:0
BRDA:79,0,0,0
BRDA:79,0,1,0
BRDA:86,1,0,0
BRDA:86,1,1,0
BRDA:86,2,0,0
BRDA:86,2,1,0
BRDA:89,3,0,0
BRDA:89,3,1,0
BRDA:90,4,0,0
BRDA:90,4,1,0
BRDA:94,5,0,0
BRDA:94,5,1,0
BRDA:94,5,2,0
BRDA:94,5,3,0
BRDA:97,6,0,0
BRDA:97,6,1,0
BRDA:108,7,0,0
BRDA:108,7,1,0
BRDA:116,8,0,0
BRDA:116,8,1,0
BRDA:119,9,0,0
BRDA:119,9,1,0
BRDA:121,10,0,0
BRDA:121,10,1,0
BRDA:130,11,0,0
BRDA:130,11,1,0
BRDA:131,12,0,0
BRDA:131,12,1,0
BRDA:131,13,0,0
BRDA:131,13,1,0
BRDA:131,14,0,0
BRDA:131,14,1,0
BRDA:131,15,0,0
BRDA:131,15,1,0
BRDA:133,16,0,0
BRDA:133,16,1,0
BRDA:168,17,0,0
BRDA:168,17,1,0
BRDA:170,18,0,0
BRDA:170,18,1,0
BRDA:172,19,0,0
BRDA:172,19,1,0
BRDA:176,20,0,0
BRDA:176,20,1,0
BRDA:179,21,0,0
BRDA:179,21,1,0
BRDA:187,22,0,0
BRDA:187,22,1,0
BRDA:193,23,0,0
BRDA:193,23,1,0
BRDA:195,24,0,0
BRDA:195,24,1,0
BRDA:202,25,0,0
BRDA:202,25,1,0
BRDA:213,26,0,0
BRDA:213,26,1,0
BRDA:221,27,0,0
BRDA:221,27,1,0
BRDA:226,28,0,0
BRDA:226,28,1,0
BRDA:246,29,0,0
BRDA:246,29,1,0
BRDA:260,30,0,0
BRDA:260,30,1,0
BRDA:273,31,0,0
BRDA:273,31,1,0
BRDA:284,32,0,0
BRDA:284,32,1,0
BRDA:295,33,0,0
BRDA:295,33,1,0
BRDA:338,34,0,0
BRDA:338,34,1,0
BRDA:379,35,0,0
BRDA:379,35,1,0
BRDA:390,36,0,0
BRDA:390,36,1,0
BRF:76
BRH:0
end_of_record
TN:
SF:src\components\session\editor\EditorToolbox.tsx
FN:23,EditorToolbox
FN:25,(anonymous_1)
FN:47,(anonymous_2)
FN:51,(anonymous_3)
FN:66,(anonymous_4)
FN:76,(anonymous_5)
FNF:6
FNH:0
FNDA:0,EditorToolbox
FNDA:0,(anonymous_1)
FNDA:0,(anonymous_2)
FNDA:0,(anonymous_3)
FNDA:0,(anonymous_4)
FNDA:0,(anonymous_5)
DA:25,0
DA:26,0
DA:27,0
DA:28,0
DA:31,0
DA:41,0
DA:48,0
DA:51,0
DA:66,0
DA:76,0
LF:10
LH:0
BRDA:67,0,0,0
BRDA:67,0,1,0
BRDA:77,1,0,0
BRDA:77,1,1,0
BRF:4
BRH:0
end_of_record
TN:
SF:src\components\session\editor\FreeForm.tsx
FN:9,FreeForm
FNF:1
FNH:0
FNDA:0,FreeForm
DA:10,0
LF:1
LH:0
BRDA:18,0,0,0
BRDA:18,0,1,0
BRF:2
BRH:0
end_of_record
TN:
SF:src\components\session\editor\MarkdownToolbar.tsx
FN:8,MarkdownToolbar
FN:9,(anonymous_1)
FN:24,(anonymous_2)
FN:43,(anonymous_3)
FN:49,(anonymous_4)
FNF:5
FNH:0
FNDA:0,MarkdownToolbar
FNDA:0,(anonymous_1)
FNDA:0,(anonymous_2)
FNDA:0,(anonymous_3)
FNDA:0,(anonymous_4)
DA:9,0
DA:10,0
DA:11,0
DA:13,0
DA:14,0
DA:15,0
DA:16,0
DA:18,0
DA:21,0
DA:24,0
DA:25,0
DA:27,0
DA:31,0
DA:41,0
DA:44,0
DA:45,0
DA:49,0
LF:17
LH:0
BRDA:9,0,0,0
BRDA:11,1,0,0
BRDA:11,1,1,0
BRF:3
BRH:0
end_of_record
TN:
SF:src\components\session\editor\MoodTracker.tsx
FN:9,MoodTracker
FN:11,(anonymous_1)
FN:30,(anonymous_2)
FNF:3
FNH:0
FNDA:0,MoodTracker
FNDA:0,(anonymous_1)
FNDA:0,(anonymous_2)
DA:11,0
DA:12,0
DA:13,0
DA:14,0
DA:17,0
DA:19,0
DA:30,0
LF:7
LH:0
BRDA:9,0,0,0
BRDA:12,1,0,0
BRDA:12,1,1,0
BRDA:13,2,0,0
BRDA:13,2,1,0
BRDA:17,3,0,0
BRDA:17,3,1,0
BRDA:17,4,0,0
BRDA:17,4,1,0
BRDA:29,5,0,0
BRDA:29,5,1,0
BRDA:34,6,0,0
BRDA:34,6,1,0
BRDA:35,7,0,0
BRDA:35,7,1,0
BRF:15
BRH:0
end_of_record
TN:
SF:src\components\session\editor\SaveStatusIndicator.tsx
FN:10,SaveStatusIndicator
FNF:1
FNH:0
FNDA:0,SaveStatusIndicator
DA:11,0
DA:12,0
DA:20,0
DA:21,0
DA:29,0
DA:30,0
DA:40,0
LF:7
LH:0
BRDA:11,0,0,0
BRDA:11,0,1,0
BRDA:13,1,0,0
BRDA:13,1,1,0
BRDA:20,2,0,0
BRDA:20,2,1,0
BRDA:29,3,0,0
BRDA:29,3,1,0
BRDA:29,4,0,0
BRDA:29,4,1,0
BRF:10
BRH:0
end_of_record
TN:
SF:src\components\session\editor\SoapForm.tsx
FN:45,SoapForm
FN:50,(anonymous_1)
FN:70,(anonymous_2)
FNF:3
FNH:0
FNDA:0,SoapForm
FNDA:0,(anonymous_1)
FNDA:0,(anonymous_2)
DA:10,0
DA:46,0
DA:48,0
DA:51,0
DA:70,0
LF:5
LH:0
BRDA:67,0,0,0
BRDA:67,0,1,0
BRDA:69,1,0,0
BRDA:69,1,1,0
BRF:4
BRH:0
end_of_record
TN:
SF:src\components\session\editor\TagInput.tsx
FN:10,TagInput
FN:13,(anonymous_1)
FN:26,(anonymous_2)
FN:32,(anonymous_3)
FN:33,(anonymous_4)
FN:36,(anonymous_5)
FN:42,(anonymous_6)
FN:45,(anonymous_7)
FN:53,(anonymous_8)
FN:63,(anonymous_9)
FN:66,(anonymous_10)
FNF:11
FNH:0
FNDA:0,TagInput
FNDA:0,(anonymous_1)
FNDA:0,(anonymous_2)
FNDA:0,(anonymous_3)
FNDA:0,(anonymous_4)
FNDA:0,(anonymous_5)
FNDA:0,(anonymous_6)
FNDA:0,(anonymous_7)
FNDA:0,(anonymous_8)
FNDA:0,(anonymous_9)
FNDA:0,(anonymous_10)
DA:11,0
DA:13,0
DA:14,0
DA:15,0
DA:16,0
DA:17,0
DA:18,0
DA:19,0
DA:21,0
DA:22,0
DA:26,0
DA:27,0
DA:28,0
DA:32,0
DA:33,0
DA:36,0
DA:38,0
DA:43,0
DA:45,0
DA:53,0
DA:64,0
DA:66,0
LF:22
LH:0
BRDA:10,0,0,0
BRDA:14,1,0,0
BRDA:14,1,1,0
BRDA:14,2,0,0
BRDA:14,2,1,0
BRDA:17,3,0,0
BRDA:17,3,1,0
BRDA:17,4,0,0
BRDA:17,4,1,0
BRDA:21,5,0,0
BRDA:21,5,1,0
BRDA:21,6,0,0
BRDA:21,6,1,0
BRDA:21,6,2,0
BRDA:27,7,0,0
BRDA:27,7,1,0
BRDA:27,8,0,0
BRDA:27,8,1,0
BRDA:55,9,0,0
BRDA:55,9,1,0
BRDA:61,10,0,0
BRDA:61,10,1,0
BRF:22
BRH:0
end_of_record
TN:
SF:src\components\session\editor\TemplateSelector.tsx
FN:20,TemplateSelector
FN:24,(anonymous_1)
FN:25,handleClickOutside
FN:31,(anonymous_3)
FN:34,(anonymous_4)
FN:55,(anonymous_5)
FN:62,(anonymous_6)
FN:85,(anonymous_7)
FN:92,(anonymous_8)
FNF:9
FNH:0
FNDA:0,TemplateSelector
FNDA:0,(anonymous_1)
FNDA:0,handleClickOutside
FNDA:0,(anonymous_3)
FNDA:0,(anonymous_4)
FNDA:0,(anonymous_5)
FNDA:0,(anonymous_6)
FNDA:0,(anonymous_7)
FNDA:0,(anonymous_8)
DA:13,0
DA:21,0
DA:22,0
DA:24,0
DA:26,0
DA:27,0
DA:30,0
DA:31,0
DA:34,0
DA:35,0
DA:36,0
DA:37,0
DA:40,0
DA:41,0
DA:48,0
DA:51,0
DA:52,0
DA:55,0
DA:56,0
DA:58,0
DA:62,0
DA:86,0
DA:87,0
DA:89,0
DA:92,0
LF:25
LH:0
BRDA:26,0,0,0
BRDA:26,0,1,0
BRDA:26,1,0,0
BRDA:26,1,1,0
BRDA:35,2,0,0
BRDA:35,2,1,0
BRDA:40,3,0,0
BRDA:40,3,1,0
BRDA:48,4,0,0
BRDA:48,4,1,0
BRDA:55,5,0,0
BRDA:55,5,1,0
BRDA:69,6,0,0
BRDA:69,6,1,0
BRDA:74,7,0,0
BRDA:74,7,1,0
BRDA:94,8,0,0
BRDA:94,8,1,0
BRDA:99,9,0,0
BRDA:99,9,1,0
BRDA:104,10,0,0
BRDA:104,10,1,0
BRF:22
BRH:0
end_of_record
TN:
SF:src\components\session\editor\blocks\BlockEditor.tsx
FN:14,BlockEditor
FN:32,(anonymous_1)
FN:33,(anonymous_2)
FN:54,(anonymous_3)
FN:69,(anonymous_4)
FN:82,(anonymous_5)
FN:83,(anonymous_6)
FN:104,(anonymous_7)
FN:110,(anonymous_8)
FN:119,(anonymous_9)
FN:121,(anonymous_10)
FN:127,(anonymous_11)
FN:133,(anonymous_12)
FN:134,(anonymous_13)
FN:148,(anonymous_14)
FN:159,(anonymous_15)
FN:164,(anonymous_16)
FN:165,(anonymous_17)
FN:174,(anonymous_18)
FNF:19
FNH:0
FNDA:0,BlockEditor
FNDA:0,(anonymous_1)
FNDA:0,(anonymous_2)
FNDA:0,(anonymous_3)
FNDA:0,(anonymous_4)
FNDA:0,(anonymous_5)
FNDA:0,(anonymous_6)
FNDA:0,(anonymous_7)
FNDA:0,(anonymous_8)
FNDA:0,(anonymous_9)
FNDA:0,(anonymous_10)
FNDA:0,(anonymous_11)
FNDA:0,(anonymous_12)
FNDA:0,(anonymous_13)
FNDA:0,(anonymous_14)
FNDA:0,(anonymous_15)
FNDA:0,(anonymous_16)
FNDA:0,(anonymous_17)
FNDA:0,(anonymous_18)
DA:26,0
DA:28,0
DA:29,0
DA:30,0
DA:32,0
DA:33,0
DA:34,0
DA:35,0
DA:36,0
DA:37,0
DA:38,0
DA:39,0
DA:42,0
DA:43,0
DA:45,0
DA:48,0
DA:54,0
DA:55,0
DA:56,0
DA:58,0
DA:60,0
DA:61,0
DA:64,0
DA:65,0
DA:66,0
DA:69,0
DA:70,0
DA:71,0
DA:72,0
DA:73,0
DA:74,0
DA:82,0
DA:83,0
DA:84,0
DA:86,0
DA:88,0
DA:89,0
DA:90,0
DA:93,0
DA:94,0
DA:95,0
DA:96,0
DA:97,0
DA:101,0
DA:102,0
DA:105,0
DA:110,0
DA:118,0
DA:119,0
DA:122,0
DA:129,0
DA:130,0
DA:131,0
DA:134,0
DA:136,0
DA:137,0
DA:138,0
DA:139,0
DA:140,0
DA:142,0
DA:145,0
DA:149,0
DA:150,0
DA:160,0
DA:161,0
DA:164,0
DA:165,0
DA:175,0
DA:176,0
DA:177,0
DA:178,0
DA:179,0
LF:72
LH:0
BRDA:34,0,0,0
BRDA:34,0,1,0
BRDA:35,1,0,0
BRDA:35,1,1,0
BRDA:36,2,0,0
BRDA:36,2,1,0
BRDA:36,3,0,0
BRDA:36,3,1,0
BRDA:42,4,0,0
BRDA:42,4,1,0
BRDA:42,5,0,0
BRDA:42,5,1,0
BRDA:43,6,0,0
BRDA:43,6,1,0
BRDA:60,7,0,0
BRDA:60,7,1,0
BRDA:64,8,0,0
BRDA:64,8,1,0
BRDA:73,9,0,0
BRDA:73,9,1,0
BRDA:84,10,0,0
BRDA:84,10,1,0
BRDA:84,11,0,0
BRDA:84,11,1,0
BRDA:86,12,0,0
BRDA:86,12,1,0
BRDA:101,13,0,0
BRDA:101,13,1,0
BRDA:107,14,0,0
BRDA:107,14,1,0
BRDA:107,15,0,0
BRDA:107,15,1,0
BRDA:109,16,0,0
BRDA:109,16,1,0
BRDA:109,17,0,0
BRDA:109,17,1,0
BRDA:136,18,0,0
BRDA:136,18,1,0
BRDA:139,19,0,0
BRDA:139,19,1,0
BRDA:139,20,0,0
BRDA:139,20,1,0
BRDA:158,21,0,0
BRDA:158,21,1,0
BRDA:166,22,0,0
BRDA:166,22,1,0
BRDA:175,23,0,0
BRDA:175,23,1,0
BRDA:178,24,0,0
BRDA:178,24,1,0
BRDA:178,25,0,0
BRDA:178,25,1,0
BRF:52
BRH:0
end_of_record
TN:
SF:src\components\session\editor\blocks\BlockRow.tsx
FN:26,getBlockIcon
FN:27,(anonymous_1)
FN:49,BlockRow
FN:66,(anonymous_3)
FN:73,(anonymous_4)
FN:75,(anonymous_5)
FN:81,(anonymous_6)
FN:84,(anonymous_7)
FN:109,(anonymous_8)
FN:137,(anonymous_9)
FN:137,(anonymous_10)
FN:146,(anonymous_11)
FN:152,(anonymous_12)
FN:173,(anonymous_13)
FN:187,(anonymous_14)
FN:189,(anonymous_15)
FNF:16
FNH:0
FNDA:0,getBlockIcon
FNDA:0,(anonymous_1)
FNDA:0,BlockRow
FNDA:0,(anonymous_3)
FNDA:0,(anonymous_4)
FNDA:0,(anonymous_5)
FNDA:0,(anonymous_6)
FNDA:0,(anonymous_7)
FNDA:0,(anonymous_8)
FNDA:0,(anonymous_9)
FNDA:0,(anonymous_10)
FNDA:0,(anonymous_11)
FNDA:0,(anonymous_12)
FNDA:0,(anonymous_13)
FNDA:0,(anonymous_14)
FNDA:0,(anonymous_15)
DA:16,0
DA:27,0
DA:28,0
DA:29,0
DA:62,0
DA:63,0
DA:64,0
DA:66,0
DA:67,0
DA:68,0
DA:73,0
DA:74,0
DA:75,0
DA:76,0
DA:77,0
DA:80,0
DA:81,0
DA:84,0
DA:85,0
DA:86,0
DA:87,0
DA:89,0
DA:90,0
DA:91,0
DA:93,0
DA:94,0
DA:95,0
DA:96,0
DA:97,0
DA:100,0
DA:101,0
DA:102,0
DA:103,0
DA:104,0
DA:109,0
DA:110,0
DA:112,0
DA:114,0
DA:116,0
DA:118,0
DA:120,0
DA:126,0
DA:128,0
DA:137,0
DA:147,0
DA:148,0
DA:149,0
DA:153,0
DA:154,0
DA:174,0
DA:175,0
DA:187,0
DA:189,0
LF:53
LH:0
BRDA:28,0,0,0
BRDA:28,0,1,0
BRDA:67,1,0,0
BRDA:67,1,1,0
BRDA:67,2,0,0
BRDA:67,2,1,0
BRDA:74,3,0,0
BRDA:74,3,1,0
BRDA:76,4,0,0
BRDA:76,4,1,0
BRDA:76,5,0,0
BRDA:76,5,1,0
BRDA:85,6,0,0
BRDA:85,6,1,0
BRDA:85,7,0,0
BRDA:85,7,1,0
BRDA:89,8,0,0
BRDA:89,8,1,0
BRDA:89,9,0,0
BRDA:89,9,1,0
BRDA:93,10,0,0
BRDA:93,10,1,0
BRDA:95,11,0,0
BRDA:95,11,1,0
BRDA:100,12,0,0
BRDA:100,12,1,0
BRDA:102,13,0,0
BRDA:102,13,1,0
BRDA:110,14,0,0
BRDA:110,14,1,0
BRDA:110,14,2,0
BRDA:110,14,3,0
BRDA:110,14,4,0
BRDA:131,15,0,0
BRDA:131,15,1,0
BRDA:144,16,0,0
BRDA:144,16,1,0
BRDA:156,17,0,0
BRDA:156,17,1,0
BRDA:191,18,0,0
BRDA:191,18,1,0
BRDA:192,19,0,0
BRDA:192,19,1,0
BRF:43
BRH:0
end_of_record
TN:
SF:src\components\session\editor\blocks\DraggableBlockItem.tsx
FN:33,DraggableBlockItem
FN:58,(anonymous_1)
FN:60,(anonymous_2)
FN:66,(anonymous_3)
FN:79,(anonymous_4)
FN:104,(anonymous_5)
FN:104,(anonymous_6)
FN:113,(anonymous_7)
FN:119,(anonymous_8)
FN:140,(anonymous_9)
FN:157,(anonymous_10)
FN:158,(anonymous_11)
FNF:12
FNH:0
FNDA:0,DraggableBlockItem
FNDA:0,(anonymous_1)
FNDA:0,(anonymous_2)
FNDA:0,(anonymous_3)
FNDA:0,(anonymous_4)
FNDA:0,(anonymous_5)
FNDA:0,(anonymous_6)
FNDA:0,(anonymous_7)
FNDA:0,(anonymous_8)
FNDA:0,(anonymous_9)
FNDA:0,(anonymous_10)
FNDA:0,(anonymous_11)
DA:52,0
DA:53,0
DA:54,0
DA:55,0
DA:58,0
DA:59,0
DA:60,0
DA:61,0
DA:62,0
DA:65,0
DA:66,0
DA:69,0
DA:71,0
DA:80,0
DA:81,0
DA:82,0
DA:83,0
DA:84,0
DA:104,0
DA:114,0
DA:115,0
DA:116,0
DA:120,0
DA:121,0
DA:141,0
DA:142,0
DA:157,0
DA:158,0
LF:28
LH:0
BRDA:59,0,0,0
BRDA:59,0,1,0
BRDA:61,1,0,0
BRDA:61,1,1,0
BRDA:61,2,0,0
BRDA:61,2,1,0
BRDA:80,3,0,0
BRDA:80,3,1,0
BRDA:80,4,0,0
BRDA:80,4,1,0
BRDA:83,5,0,0
BRDA:83,5,1,0
BRDA:89,6,0,0
BRDA:89,6,1,0
BRDA:95,7,0,0
BRDA:95,7,1,0
BRDA:111,8,0,0
BRDA:111,8,1,0
BRDA:123,9,0,0
BRDA:123,9,1,0
BRDA:179,10,0,0
BRDA:179,10,1,0
BRF:22
BRH:0
end_of_record
TN:
SF:src\components\session\editor\blocks\ListBlock.tsx
FN:18,ListBlock
FN:34,(anonymous_1)
FN:48,(anonymous_2)
FN:106,(anonymous_3)
FN:121,(anonymous_4)
FN:138,(anonymous_5)
FN:145,(anonymous_6)
FN:150,(anonymous_7)
FN:151,(anonymous_8)
FN:152,(anonymous_9)
FNF:10
FNH:0
FNDA:0,ListBlock
FNDA:0,(anonymous_1)
FNDA:0,(anonymous_2)
FNDA:0,(anonymous_3)
FNDA:0,(anonymous_4)
FNDA:0,(anonymous_5)
FNDA:0,(anonymous_6)
FNDA:0,(anonymous_7)
FNDA:0,(anonymous_8)
FNDA:0,(anonymous_9)
DA:29,0
DA:30,0
DA:31,0
DA:34,0
DA:35,0
DA:36,0
DA:37,0
DA:38,0
DA:39,0
DA:41,0
DA:42,0
DA:44,0
DA:48,0
DA:49,0
DA:50,0
DA:53,0
DA:54,0
DA:55,0
DA:59,0
DA:60,0
DA:63,0
DA:64,0
DA:66,0
DA:68,0
DA:69,0
DA:73,0
DA:74,0
DA:76,0
DA:79,0
DA:80,0
DA:81,0
DA:82,0
DA:83,0
DA:84,0
DA:85,0
DA:87,0
DA:92,0
DA:93,0
DA:94,0
DA:95,0
DA:96,0
DA:97,0
DA:98,0
DA:100,0
DA:106,0
DA:107,0
DA:109,0
DA:113,0
DA:119,0
DA:121,0
DA:132,0
DA:136,0
DA:139,0
DA:146,0
DA:147,0
DA:150,0
DA:151,0
DA:152,0
LF:58
LH:0
BRDA:29,0,0,0
BRDA:29,0,1,0
BRDA:35,1,0,0
BRDA:35,1,1,0
BRDA:36,2,0,0
BRDA:36,2,1,0
BRDA:38,3,0,0
BRDA:38,3,1,0
BRDA:44,4,0,0
BRDA:44,4,1,0
BRDA:49,5,0,0
BRDA:49,5,1,0
BRDA:49,6,0,0
BRDA:49,6,1,0
BRDA:53,7,0,0
BRDA:53,7,1,0
BRDA:53,8,0,0
BRDA:53,8,1,0
BRDA:63,9,0,0
BRDA:63,9,1,0
BRDA:63,10,0,0
BRDA:63,10,1,0
BRDA:66,11,0,0
BRDA:66,11,1,0
BRDA:73,12,0,0
BRDA:73,12,1,0
BRDA:79,13,0,0
BRDA:79,13,1,0
BRDA:81,14,0,0
BRDA:81,14,1,0
BRDA:83,15,0,0
BRDA:83,15,1,0
BRDA:92,16,0,0
BRDA:92,16,1,0
BRDA:94,17,0,0
BRDA:94,17,1,0
BRDA:96,18,0,0
BRDA:96,18,1,0
BRDA:107,19,0,0
BRDA:107,19,1,0
BRDA:107,19,2,0
BRDA:107,19,3,0
BRDA:124,20,0,0
BRDA:124,20,1,0
BRDA:146,21,0,0
BRDA:146,21,1,0
BRDA:153,22,0,0
BRDA:153,22,1,0
BRF:48
BRH:0
end_of_record
TN:
SF:src\components\session\editor\blocks\types.ts
FN:7,(anonymous_0)
FN:26,(anonymous_1)
FN:36,(anonymous_2)
FN:45,(anonymous_3)
FN:57,(anonymous_4)
FNF:5
FNH:0
FNDA:0,(anonymous_0)
FNDA:0,(anonymous_1)
FNDA:0,(anonymous_2)
FNDA:0,(anonymous_3)
FNDA:0,(anonymous_4)
DA:5,0
DA:7,0
DA:26,0
DA:27,0
DA:28,0
DA:29,0
DA:30,0
DA:31,0
DA:32,0
DA:33,0
DA:36,0
DA:37,0
DA:38,0
DA:39,0
DA:40,0
DA:41,0
DA:45,0
DA:46,0
DA:47,0
DA:48,0
DA:49,0
DA:50,0
DA:51,0
DA:52,0
DA:53,0
DA:57,0
DA:58,0
DA:59,0
DA:60,0
DA:61,0
DA:62,0
DA:63,0
DA:64,0
DA:65,0
LF:34
LH:0
BRDA:27,0,0,0
BRDA:27,0,1,0
BRDA:28,1,0,0
BRDA:28,1,1,0
BRDA:29,2,0,0
BRDA:29,2,1,0
BRDA:29,3,0,0
BRDA:29,3,1,0
BRDA:30,4,0,0
BRDA:30,4,1,0
BRDA:30,5,0,0
BRDA:30,5,1,0
BRDA:31,6,0,0
BRDA:31,6,1,0
BRDA:32,7,0,0
BRDA:32,7,1,0
BRDA:37,8,0,0
BRDA:37,8,1,0
BRDA:37,8,2,0
BRDA:37,8,3,0
BRDA:46,9,0,0
BRDA:46,9,1,0
BRDA:46,9,2,0
BRDA:46,9,3,0
BRDA:46,9,4,0
BRDA:46,9,5,0
BRDA:46,9,6,0
BRDA:58,10,0,0
BRDA:58,10,1,0
BRDA:58,10,2,0
BRDA:58,10,3,0
BRDA:58,10,4,0
BRDA:58,10,5,0
BRDA:58,10,6,0
BRDA:61,11,0,0
BRDA:61,11,1,0
BRDA:63,12,0,0
BRDA:63,12,1,0
BRF:38
BRH:0
end_of_record
TN:
SF:src\components\session\editor\blocks\useBlockEditor.ts
FN:11,(anonymous_0)
FN:13,useBlockEditor
FN:18,(anonymous_2)
FN:23,(anonymous_3)
FN:98,(anonymous_4)
FN:108,(anonymous_5)
FN:137,(anonymous_6)
FN:138,(anonymous_7)
FN:138,(anonymous_8)
FN:141,(anonymous_9)
FN:146,(anonymous_10)
FN:147,(anonymous_11)
FN:156,(anonymous_12)
FN:161,(anonymous_13)
FN:168,(anonymous_14)
FN:169,(anonymous_15)
FN:171,(anonymous_16)
FN:175,(anonymous_17)
FN:176,(anonymous_18)
FN:184,(anonymous_19)
FN:185,(anonymous_20)
FN:185,(anonymous_21)
FN:203,(anonymous_22)
FN:217,(anonymous_23)
FN:229,(anonymous_24)
FN:234,(anonymous_25)
FN:236,(anonymous_26)
FN:236,(anonymous_27)
FN:238,(anonymous_28)
FN:251,(anonymous_29)
FN:252,(anonymous_30)
FN:253,(anonymous_31)
FN:261,(anonymous_32)
FN:266,(anonymous_33)
FN:267,(anonymous_34)
FN:267,(anonymous_35)
FN:271,(anonymous_36)
FNF:37
FNH:0
FNDA:0,(anonymous_0)
FNDA:0,useBlockEditor
FNDA:0,(anonymous_2)
FNDA:0,(anonymous_3)
FNDA:0,(anonymous_4)
FNDA:0,(anonymous_5)
FNDA:0,(anonymous_6)
FNDA:0,(anonymous_7)
FNDA:0,(anonymous_8)
FNDA:0,(anonymous_9)
FNDA:0,(anonymous_10)
FNDA:0,(anonymous_11)
FNDA:0,(anonymous_12)
FNDA:0,(anonymous_13)
FNDA:0,(anonymous_14)
FNDA:0,(anonymous_15)
FNDA:0,(anonymous_16)
FNDA:0,(anonymous_17)
FNDA:0,(anonymous_18)
FNDA:0,(anonymous_19)
FNDA:0,(anonymous_20)
FNDA:0,(anonymous_21)
FNDA:0,(anonymous_22)
FNDA:0,(anonymous_23)
FNDA:0,(anonymous_24)
FNDA:0,(anonymous_25)
FNDA:0,(anonymous_26)
FNDA:0,(anonymous_27)
FNDA:0,(anonymous_28)
FNDA:0,(anonymous_29)
FNDA:0,(anonymous_30)
FNDA:0,(anonymous_31)
FNDA:0,(anonymous_32)
FNDA:0,(anonymous_33)
FNDA:0,(anonymous_34)
FNDA:0,(anonymous_35)
FNDA:0,(anonymous_36)
DA:11,0
DA:14,0
DA:15,0
DA:16,0
DA:18,0
DA:19,0
DA:23,0
DA:24,0
DA:26,0
DA:27,0
DA:28,0
DA:29,0
DA:32,0
DA:33,0
DA:35,0
DA:36,0
DA:37,0
DA:40,0
DA:41,0
DA:42,0
DA:45,0
DA:46,0
DA:49,0
DA:50,0
DA:52,0
DA:53,0
DA:54,0
DA:56,0
DA:57,0
DA:58,0
DA:60,0
DA:61,0
DA:63,0
DA:68,0
DA:71,0
DA:79,0
DA:80,0
DA:85,0
DA:89,0
DA:90,0
DA:93,0
DA:94,0
DA:98,0
DA:99,0
DA:101,0
DA:103,0
DA:104,0
DA:106,0
DA:108,0
DA:109,0
DA:110,0
DA:113,0
DA:114,0
DA:116,0
DA:119,0
DA:120,0
DA:122,0
DA:123,0
DA:125,0
DA:130,0
DA:131,0
DA:132,0
DA:137,0
DA:138,0
DA:141,0
DA:142,0
DA:146,0
DA:147,0
DA:148,0
DA:149,0
DA:150,0
DA:151,0
DA:153,0
DA:156,0
DA:157,0
DA:161,0
DA:162,0
DA:163,0
DA:164,0
DA:168,0
DA:169,0
DA:170,0
DA:171,0
DA:175,0
DA:176,0
DA:177,0
DA:178,0
DA:179,0
DA:180,0
DA:184,0
DA:185,0
DA:186,0
DA:188,0
DA:189,0
DA:192,0
DA:193,0
DA:202,0
DA:203,0
DA:204,0
DA:213,0
DA:214,0
DA:217,0
DA:225,0
DA:229,0
DA:230,0
DA:234,0
DA:235,0
DA:236,0
DA:237,0
DA:238,0
DA:239,0
DA:244,0
DA:245,0
DA:246,0
DA:248,0
DA:251,0
DA:252,0
DA:253,0
DA:254,0
DA:257,0
DA:258,0
DA:261,0
DA:266,0
DA:267,0
DA:268,0
DA:269,0
DA:272,0
DA:278,0
LF:128
LH:0
BRDA:13,0,0,0
BRDA:24,1,0,0
BRDA:24,1,1,0
BRDA:26,2,0,0
BRDA:26,2,1,0
BRDA:40,3,0,0
BRDA:40,3,1,0
BRDA:49,4,0,0
BRDA:49,4,1,0
BRDA:54,5,0,0
BRDA:54,5,1,0
BRDA:58,6,0,0
BRDA:58,6,1,0
BRDA:61,7,0,0
BRDA:61,7,1,0
BRDA:66,8,0,0
BRDA:66,8,1,0
BRDA:89,9,0,0
BRDA:89,9,1,0
BRDA:99,10,0,0
BRDA:99,10,1,0
BRDA:106,11,0,0
BRDA:106,11,1,0
BRDA:106,12,0,0
BRDA:106,12,1,0
BRDA:106,12,2,0
BRDA:113,13,0,0
BRDA:113,13,1,0
BRDA:122,14,0,0
BRDA:122,14,1,0
BRDA:131,15,0,0
BRDA:131,15,1,0
BRDA:138,16,0,0
BRDA:138,16,1,0
BRDA:138,17,0,0
BRDA:138,17,1,0
BRDA:141,18,0,0
BRDA:142,19,0,0
BRDA:142,19,1,0
BRDA:148,20,0,0
BRDA:148,20,1,0
BRDA:156,21,0,0
BRDA:157,22,0,0
BRDA:157,22,1,0
BRDA:170,23,0,0
BRDA:170,23,1,0
BRDA:186,24,0,0
BRDA:186,24,1,0
BRDA:192,25,0,0
BRDA:192,25,1,0
BRDA:192,26,0,0
BRDA:192,26,1,0
BRDA:196,27,0,0
BRDA:196,27,1,0
BRDA:202,28,0,0
BRDA:202,28,1,0
BRDA:202,29,0,0
BRDA:202,29,1,0
BRDA:203,30,0,0
BRDA:203,30,1,0
BRDA:213,31,0,0
BRDA:213,31,1,0
BRDA:213,32,0,0
BRDA:213,32,1,0
BRDA:219,33,0,0
BRDA:219,33,1,0
BRDA:219,34,0,0
BRDA:219,34,1,0
BRDA:237,35,0,0
BRDA:237,35,1,0
BRDA:237,36,0,0
BRDA:237,36,1,0
BRDA:242,37,0,0
BRDA:242,37,1,0
BRDA:254,38,0,0
BRDA:254,38,1,0
BRDA:254,39,0,0
BRDA:254,39,1,0
BRDA:257,40,0,0
BRDA:257,40,1,0
BRDA:268,41,0,0
BRDA:268,41,1,0
BRDA:268,42,0,0
BRDA:268,42,1,0
BRDA:272,43,0,0
BRDA:272,43,1,0
BRDA:272,44,0,0
BRDA:272,44,1,0
BRF:88
BRH:0
end_of_record
TN:
SF:src\components\ui\DatePicker.tsx
FN:32,DatePicker
FN:48,(anonymous_1)
FN:55,(anonymous_2)
FN:57,(anonymous_3)
FN:70,(anonymous_4)
FN:78,(anonymous_5)
FN:81,handleClickOutside
FN:98,(anonymous_7)
FN:103,(anonymous_8)
FN:104,(anonymous_9)
FN:106,(anonymous_10)
FN:108,(anonymous_11)
FN:113,(anonymous_12)
FN:118,(anonymous_13)
FN:135,(anonymous_14)
FN:147,(anonymous_15)
FN:235,(anonymous_16)
FN:243,(anonymous_17)
FN:252,(anonymous_18)
FN:274,(anonymous_19)
FN:278,(anonymous_20)
FNF:21
FNH:0
FNDA:0,DatePicker
FNDA:0,(anonymous_1)
FNDA:0,(anonymous_2)
FNDA:0,(anonymous_3)
FNDA:0,(anonymous_4)
FNDA:0,(anonymous_5)
FNDA:0,handleClickOutside
FNDA:0,(anonymous_7)
FNDA:0,(anonymous_8)
FNDA:0,(anonymous_9)
FNDA:0,(anonymous_10)
FNDA:0,(anonymous_11)
FNDA:0,(anonymous_12)
FNDA:0,(anonymous_13)
FNDA:0,(anonymous_14)
FNDA:0,(anonymous_15)
FNDA:0,(anonymous_16)
FNDA:0,(anonymous_17)
FNDA:0,(anonymous_18)
FNDA:0,(anonymous_19)
FNDA:0,(anonymous_20)
DA:41,0
DA:42,0
DA:43,0
DA:44,0
DA:45,0
DA:48,0
DA:49,0
DA:50,0
DA:55,0
DA:56,0
DA:57,0
DA:58,0
DA:59,0
DA:66,0
DA:67,0
DA:68,0
DA:70,0
DA:71,0
DA:72,0
DA:78,0
DA:79,0
DA:83,0
DA:84,0
DA:88,0
DA:89,0
DA:90,0
DA:93,0
DA:94,0
DA:97,0
DA:98,0
DA:101,0
DA:103,0
DA:104,0
DA:106,0
DA:108,0
DA:109,0
DA:110,0
DA:113,0
DA:114,0
DA:115,0
DA:118,0
DA:119,0
DA:120,0
DA:124,0
DA:125,0
DA:126,0
DA:127,0
DA:129,0
DA:134,0
DA:135,0
DA:137,0
DA:141,0
DA:147,0
DA:236,0
DA:244,0
DA:245,0
DA:246,0
DA:248,0
DA:252,0
DA:275,0
DA:278,0
LF:61
LH:0
BRDA:36,0,0,0
BRDA:38,1,0,0
BRDA:39,2,0,0
BRDA:42,3,0,0
BRDA:42,3,1,0
BRDA:49,4,0,0
BRDA:49,4,1,0
BRDA:56,5,0,0
BRDA:56,5,1,0
BRDA:56,6,0,0
BRDA:56,6,1,0
BRDA:79,7,0,0
BRDA:79,7,1,0
BRDA:83,8,0,0
BRDA:83,8,1,0
BRDA:89,9,0,0
BRDA:89,9,1,0
BRDA:101,10,0,0
BRDA:101,10,1,0
BRDA:106,11,0,0
BRDA:106,11,1,0
BRDA:137,12,0,0
BRDA:137,12,1,0
BRDA:143,13,0,0
BRDA:143,13,1,0
BRDA:147,14,0,0
BRDA:147,14,1,0
BRDA:151,15,0,0
BRDA:151,15,1,0
BRDA:152,16,0,0
BRDA:152,16,1,0
BRDA:152,17,0,0
BRDA:152,17,1,0
BRDA:153,18,0,0
BRDA:153,18,1,0
BRDA:160,19,0,0
BRDA:160,19,1,0
BRDA:160,20,0,0
BRDA:160,20,1,0
BRDA:164,21,0,0
BRDA:164,21,1,0
BRDA:165,22,0,0
BRDA:165,22,1,0
BRDA:172,23,0,0
BRDA:172,23,1,0
BRDA:172,23,2,0
BRDA:182,24,0,0
BRDA:182,24,1,0
BRDA:187,25,0,0
BRDA:187,25,1,0
BRDA:232,26,0,0
BRDA:232,26,1,0
BRDA:244,27,0,0
BRDA:244,27,1,0
BRDA:255,28,0,0
BRDA:255,28,1,0
BRDA:256,29,0,0
BRDA:256,29,1,0
BRDA:260,30,0,0
BRDA:260,30,1,0
BRDA:260,31,0,0
BRDA:260,31,1,0
BRDA:264,32,0,0
BRDA:264,32,1,0
BRDA:264,32,2,0
BRDA:279,33,0,0
BRDA:279,33,1,0
BRF:67
BRH:0
end_of_record
TN:
SF:src\components\ui\MarkdownPreview.tsx
FN:9,MarkdownPreview
FN:10,(anonymous_1)
FNF:2
FNH:0
FNDA:0,MarkdownPreview
FNDA:0,(anonymous_1)
DA:10,0
DA:11,0
DA:13,0
DA:35,0
DA:41,0
LF:5
LH:0
BRDA:9,0,0,0
BRDA:11,1,0,0
BRDA:11,1,1,0
BRF:3
BRH:0
end_of_record
TN:
SF:src\components\ui\Omnibox.tsx
FN:10,useDebounceValue
FN:12,(anonymous_1)
FN:13,(anonymous_2)
FN:16,(anonymous_3)
FN:28,Omnibox
FN:38,(anonymous_5)
FN:38,(anonymous_6)
FN:40,(anonymous_7)
FN:46,(anonymous_8)
FN:88,(anonymous_9)
FN:91,(anonymous_10)
FN:109,(anonymous_11)
FN:112,(anonymous_12)
FNF:13
FNH:0
FNDA:0,useDebounceValue
FNDA:0,(anonymous_1)
FNDA:0,(anonymous_2)
FNDA:0,(anonymous_3)
FNDA:0,Omnibox
FNDA:0,(anonymous_5)
FNDA:0,(anonymous_6)
FNDA:0,(anonymous_7)
FNDA:0,(anonymous_8)
FNDA:0,(anonymous_9)
FNDA:0,(anonymous_10)
FNDA:0,(anonymous_11)
FNDA:0,(anonymous_12)
DA:11,0
DA:12,0
DA:13,0
DA:14,0
DA:16,0
DA:17,0
DA:20,0
DA:29,0
DA:30,0
DA:31,0
DA:32,0
DA:33,0
DA:35,0
DA:38,0
DA:40,0
DA:41,0
DA:42,0
DA:43,0
DA:46,0
DA:47,0
DA:48,0
DA:49,0
DA:50,0
DA:52,0
DA:53,0
DA:55,0
DA:59,0
DA:62,0
DA:89,0
DA:92,0
DA:93,0
DA:110,0
DA:113,0
DA:114,0
LF:34
LH:0
BRDA:41,0,0,0
BRDA:41,0,1,0
BRDA:78,1,0,0
BRDA:78,1,1,0
BRDA:86,2,0,0
BRDA:86,2,1,0
BRDA:99,3,0,0
BRDA:99,3,1,0
BRDA:107,4,0,0
BRDA:107,4,1,0
BRF:10
BRH:0
end_of_record
TN:
SF:src\components\ui\PageTransition.tsx
FN:14,(anonymous_0)
FNF:1
FNH:0
FNDA:0,(anonymous_0)
DA:8,0
DA:14,0
DA:15,0
LF:3
LH:0
BRF:0
BRH:0
end_of_record
TN:
SF:src\components\ui\TourOverlay.tsx
FN:15,computeTooltipPosition
FN:57,TourOverlay
FN:67,(anonymous_2)
FN:80,(anonymous_3)
FN:95,(anonymous_4)
FN:105,(anonymous_5)
FN:115,(anonymous_6)
FN:119,(anonymous_7)
FN:125,(anonymous_8)
FN:129,(anonymous_9)
FN:172,(anonymous_10)
FNF:11
FNH:0
FNDA:0,computeTooltipPosition
FNDA:0,TourOverlay
FNDA:0,(anonymous_2)
FNDA:0,(anonymous_3)
FNDA:0,(anonymous_4)
FNDA:0,(anonymous_5)
FNDA:0,(anonymous_6)
FNDA:0,(anonymous_7)
FNDA:0,(anonymous_8)
FNDA:0,(anonymous_9)
FNDA:0,(anonymous_10)
DA:8,0
DA:21,0
DA:22,0
DA:25,0
DA:26,0
DA:28,0
DA:29,0
DA:31,0
DA:33,0
DA:34,0
DA:35,0
DA:37,0
DA:38,0
DA:39,0
DA:41,0
DA:42,0
DA:43,0
DA:45,0
DA:46,0
DA:47,0
DA:51,0
DA:52,0
DA:54,0
DA:58,0
DA:59,0
DA:60,0
DA:61,0
DA:62,0
DA:63,0
DA:65,0
DA:67,0
DA:68,0
DA:69,0
DA:70,0
DA:71,0
DA:72,0
DA:74,0
DA:75,0
DA:76,0
DA:80,0
DA:81,0
DA:84,0
DA:85,0
DA:86,0
DA:90,0
DA:91,0
DA:95,0
DA:96,0
DA:97,0
DA:98,0
DA:99,0
DA:100,0
DA:102,0
DA:105,0
DA:106,0
DA:107,0
DA:108,0
DA:109,0
DA:115,0
DA:116,0
DA:117,0
DA:118,0
DA:119,0
DA:120,0
DA:121,0
DA:125,0
DA:126,0
DA:129,0
DA:130,0
DA:131,0
DA:132,0
DA:133,0
DA:137,0
DA:138,0
DA:141,0
DA:142,0
DA:143,0
DA:147,0
DA:149,0
DA:172,0
LF:80
LH:0
BRDA:18,0,0,0
BRDA:19,1,0,0
BRDA:25,2,0,0
BRDA:25,2,1,0
BRDA:25,3,0,0
BRDA:25,3,1,0
BRDA:26,4,0,0
BRDA:26,4,1,0
BRDA:26,5,0,0
BRDA:26,5,1,0
BRDA:26,5,2,0
BRDA:26,5,3,0
BRDA:31,6,0,0
BRDA:31,6,1,0
BRDA:31,6,2,0
BRDA:31,6,3,0
BRDA:68,7,0,0
BRDA:68,7,1,0
BRDA:70,8,0,0
BRDA:70,8,1,0
BRDA:81,9,0,0
BRDA:81,9,1,0
BRDA:81,10,0,0
BRDA:81,10,1,0
BRDA:84,11,0,0
BRDA:84,11,1,0
BRDA:90,12,0,0
BRDA:90,12,1,0
BRDA:97,13,0,0
BRDA:97,13,1,0
BRDA:106,14,0,0
BRDA:106,14,1,0
BRDA:107,15,0,0
BRDA:107,15,1,0
BRDA:116,16,0,0
BRDA:116,16,1,0
BRDA:132,17,0,0
BRDA:132,17,1,0
BRDA:141,18,0,0
BRDA:141,18,1,0
BRDA:142,19,0,0
BRDA:142,19,1,0
BRDA:147,20,0,0
BRDA:147,20,1,0
BRDA:151,21,0,0
BRDA:151,21,1,0
BRDA:151,21,2,0
BRDA:221,22,0,0
BRDA:221,22,1,0
BRDA:222,23,0,0
BRDA:222,23,1,0
BRF:51
BRH:0
end_of_record
TN:
SF:src\components\widgets\AvailabilityWidget.tsx
FN:14,AvailabilityWidget
FN:22,(anonymous_1)
FN:25,(anonymous_2)
FNF:3
FNH:0
FNDA:0,AvailabilityWidget
FNDA:0,(anonymous_1)
FNDA:0,(anonymous_2)
DA:15,0
DA:23,0
DA:26,0
DA:28,0
DA:29,0
DA:30,0
DA:32,0
DA:33,0
DA:35,0
LF:9
LH:0
BRDA:28,0,0,0
BRDA:28,0,1,0
BRDA:29,1,0,0
BRDA:29,1,1,0
BRDA:30,2,0,0
BRDA:30,2,1,0
BRDA:32,3,0,0
BRDA:32,3,1,0
BRF:8
BRH:0
end_of_record
TN:
SF:src\components\widgets\NextAppointmentWidget.tsx
FN:14,computeAge
FN:23,formatTime
FN:31,formatScheduledDate
FN:40,isInProgress
FN:48,formatElapsed
FN:57,formatCountdown
FN:70,PatientHeader
FN:88,DiagnosisTags
FN:109,InProgressView
FN:110,(anonymous_9)
FN:113,(anonymous_10)
FN:114,(anonymous_11)
FN:117,(anonymous_12)
FN:150,(anonymous_13)
FN:165,UpcomingView
FN:168,(anonymous_15)
FN:170,(anonymous_16)
FN:171,(anonymous_17)
FN:176,(anonymous_18)
FN:210,(anonymous_19)
FN:217,(anonymous_20)
FN:232,EmptyView
FN:251,NextAppointmentWidget
FNF:23
FNH:0
FNDA:0,computeAge
FNDA:0,formatTime
FNDA:0,formatScheduledDate
FNDA:0,isInProgress
FNDA:0,formatElapsed
FNDA:0,formatCountdown
FNDA:0,PatientHeader
FNDA:0,DiagnosisTags
FNDA:0,InProgressView
FNDA:0,(anonymous_9)
FNDA:0,(anonymous_10)
FNDA:0,(anonymous_11)
FNDA:0,(anonymous_12)
FNDA:0,(anonymous_13)
FNDA:0,UpcomingView
FNDA:0,(anonymous_15)
FNDA:0,(anonymous_16)
FNDA:0,(anonymous_17)
FNDA:0,(anonymous_18)
FNDA:0,(anonymous_19)
FNDA:0,(anonymous_20)
FNDA:0,EmptyView
FNDA:0,NextAppointmentWidget
DA:15,0
DA:16,0
DA:17,0
DA:18,0
DA:19,0
DA:20,0
DA:24,0
DA:32,0
DA:41,0
DA:42,0
DA:49,0
DA:50,0
DA:51,0
DA:52,0
DA:53,0
DA:54,0
DA:58,0
DA:59,0
DA:60,0
DA:61,0
DA:62,0
DA:63,0
DA:64,0
DA:65,0
DA:71,0
DA:89,0
DA:110,0
DA:111,0
DA:113,0
DA:114,0
DA:115,0
DA:117,0
DA:120,0
DA:150,0
DA:166,0
DA:167,0
DA:168,0
DA:170,0
DA:171,0
DA:172,0
DA:173,0
DA:174,0
DA:176,0
DA:180,0
DA:181,0
DA:183,0
DA:210,0
DA:217,0
DA:233,0
DA:252,0
DA:254,0
LF:51
LH:0
BRDA:19,0,0,0
BRDA:19,0,1,0
BRDA:19,1,0,0
BRDA:19,1,1,0
BRDA:19,1,2,0
BRDA:43,2,0,0
BRDA:43,2,1,0
BRDA:51,3,0,0
BRDA:51,3,1,0
BRDA:52,4,0,0
BRDA:52,4,1,0
BRDA:59,5,0,0
BRDA:59,5,1,0
BRDA:61,6,0,0
BRDA:61,6,1,0
BRDA:64,7,0,0
BRDA:64,7,1,0
BRDA:77,8,0,0
BRDA:77,8,1,0
BRDA:91,9,0,0
BRDA:91,9,1,0
BRDA:97,10,0,0
BRDA:97,10,1,0
BRDA:130,11,0,0
BRDA:130,11,1,0
BRDA:141,12,0,0
BRDA:141,12,1,0
BRDA:187,13,0,0
BRDA:187,13,1,0
BRDA:201,14,0,0
BRDA:201,14,1,0
BRDA:208,15,0,0
BRDA:208,15,1,0
BRDA:252,16,0,0
BRDA:252,16,1,0
BRDA:256,17,0,0
BRDA:256,17,1,0
BRDA:258,18,0,0
BRDA:258,18,1,0
BRDA:259,19,0,0
BRDA:259,19,1,0
BRF:41
BRH:0
end_of_record
TN:
SF:src\components\widgets\PendingNotesWidget.tsx
FN:8,PendingNotesWidget
FN:60,(anonymous_1)
FNF:2
FNH:0
FNDA:0,PendingNotesWidget
FNDA:0,(anonymous_1)
DA:9,0
DA:10,0
DA:13,0
DA:31,0
DA:60,0
LF:5
LH:0
BRDA:13,0,0,0
BRDA:13,0,1,0
BRDA:39,1,0,0
BRDA:39,1,1,0
BRDA:42,2,0,0
BRDA:42,2,1,0
BRDA:47,3,0,0
BRDA:47,3,1,0
BRDA:60,4,0,0
BRDA:60,4,1,0
BRDA:63,5,0,0
BRDA:63,5,1,0
BRF:12
BRH:0
end_of_record
TN:
SF:src\components\widgets\RecentPatientsWidget.tsx
FN:16,RecentPatientsWidget
FN:38,(anonymous_1)
FN:41,(anonymous_2)
FN:45,(anonymous_3)
FNF:4
FNH:0
FNDA:0,RecentPatientsWidget
FNDA:0,(anonymous_1)
FNDA:0,(anonymous_2)
FNDA:0,(anonymous_3)
DA:17,0
DA:19,0
DA:39,0
DA:41,0
DA:46,0
DA:47,0
LF:6
LH:0
BRDA:28,0,0,0
BRDA:28,0,1,0
BRDA:46,1,0,0
BRDA:46,1,1,0
BRDA:46,2,0,0
BRDA:46,2,1,0
BRF:6
BRH:0
end_of_record
TN:
SF:src\components\widgets\TodayAgendaWidget.tsx
FN:37,TodayAgendaWidget
FN:44,(anonymous_1)
FN:47,(anonymous_2)
FN:75,(anonymous_3)
FN:110,(anonymous_4)
FNF:5
FNH:0
FNDA:0,TodayAgendaWidget
FNDA:0,(anonymous_1)
FNDA:0,(anonymous_2)
FNDA:0,(anonymous_3)
FNDA:0,(anonymous_4)
DA:13,0
DA:21,0
DA:29,0
DA:41,0
DA:43,0
DA:44,0
DA:47,0
DA:49,0
DA:76,0
DA:111,0
DA:112,0
DA:113,0
DA:115,0
DA:120,0
DA:121,0
DA:123,0
LF:16
LH:0
BRDA:63,0,0,0
BRDA:63,0,1,0
BRDA:63,0,2,0
BRDA:73,1,0,0
BRDA:73,1,1,0
BRDA:89,2,0,0
BRDA:89,2,1,0
BRDA:89,2,2,0
BRDA:104,3,0,0
BRDA:104,3,1,0
BRDA:104,3,2,0
BRDA:115,4,0,0
BRDA:115,4,1,0
BRDA:115,4,2,0
BRDA:120,5,0,0
BRDA:120,5,1,0
BRDA:127,6,0,0
BRDA:127,6,1,0
BRDA:130,7,0,0
BRDA:130,7,1,0
BRDA:133,8,0,0
BRDA:133,8,1,0
BRDA:133,9,0,0
BRDA:133,9,1,0
BRDA:134,10,0,0
BRDA:134,10,1,0
BRDA:142,11,0,0
BRDA:142,11,1,0
BRDA:144,12,0,0
BRDA:144,12,1,0
BRDA:149,13,0,0
BRDA:149,13,1,0
BRDA:149,14,0,0
BRDA:149,14,1,0
BRDA:151,15,0,0
BRDA:151,15,1,0
BRDA:157,16,0,0
BRDA:157,16,1,0
BRDA:165,17,0,0
BRDA:165,17,1,0
BRDA:165,18,0,0
BRDA:165,18,1,0
BRF:42
BRH:0
end_of_record
TN:
SF:src\hooks\use-auto-save.ts
FN:6,useAutoSave
FN:14,(anonymous_1)
FN:29,(anonymous_2)
FNF:3
FNH:0
FNDA:0,useAutoSave
FNDA:0,(anonymous_1)
FNDA:0,(anonymous_2)
DA:14,0
DA:17,0
DA:25,0
DA:26,0
DA:27,0
DA:29,0
DA:30,0
DA:31,0
DA:32,0
DA:33,0
DA:36,0
DA:37,0
DA:39,0
DA:40,0
DA:41,0
LF:15
LH:0
BRDA:30,0,0,0
BRDA:30,0,1,0
BRDA:37,1,0,0
BRDA:37,1,1,0
BRDA:39,2,0,0
BRDA:39,2,1,0
BRDA:39,3,0,0
BRDA:39,3,1,0
BRDA:39,3,2,0
BRF:9
BRH:0
end_of_record
TN:
SF:src\hooks\use-clinics.ts
FN:9,useRefreshAuth
FN:13,(anonymous_1)
FN:20,useMyClinic
FN:29,useClinicInvitations
FN:36,useClinicPatients
FN:43,useClinicFinance
FN:46,(anonymous_6)
FN:50,useCreateClinic
FN:56,(anonymous_8)
FN:61,(anonymous_9)
FN:65,useCreateInvitation
FN:69,(anonymous_11)
FN:70,(anonymous_12)
FN:73,(anonymous_13)
FN:77,useRevokeInvitation
FN:81,(anonymous_15)
FN:82,(anonymous_16)
FN:86,(anonymous_17)
FN:90,useCreateMemberAccount
FN:94,(anonymous_19)
FN:95,(anonymous_20)
FN:99,(anonymous_21)
FN:103,useRemoveMember
FN:107,(anonymous_23)
FN:108,(anonymous_24)
FN:112,(anonymous_25)
FN:116,useUpdateMemberRole
FN:120,(anonymous_27)
FN:122,(anonymous_28)
FN:126,(anonymous_29)
FN:130,useAcceptInvitation
FN:134,(anonymous_31)
FN:135,(anonymous_32)
FN:139,(anonymous_33)
FN:143,useLeaveClinic
FN:148,(anonymous_35)
FN:152,(anonymous_36)
FNF:37
FNH:0
FNDA:0,useRefreshAuth
FNDA:0,(anonymous_1)
FNDA:0,useMyClinic
FNDA:0,useClinicInvitations
FNDA:0,useClinicPatients
FNDA:0,useClinicFinance
FNDA:0,(anonymous_6)
FNDA:0,useCreateClinic
FNDA:0,(anonymous_8)
FNDA:0,(anonymous_9)
FNDA:0,useCreateInvitation
FNDA:0,(anonymous_11)
FNDA:0,(anonymous_12)
FNDA:0,(anonymous_13)
FNDA:0,useRevokeInvitation
FNDA:0,(anonymous_15)
FNDA:0,(anonymous_16)
FNDA:0,(anonymous_17)
FNDA:0,useCreateMemberAccount
FNDA:0,(anonymous_19)
FNDA:0,(anonymous_20)
FNDA:0,(anonymous_21)
FNDA:0,useRemoveMember
FNDA:0,(anonymous_23)
FNDA:0,(anonymous_24)
FNDA:0,(anonymous_25)
FNDA:0,useUpdateMemberRole
FNDA:0,(anonymous_27)
FNDA:0,(anonymous_28)
FNDA:0,(anonymous_29)
FNDA:0,useAcceptInvitation
FNDA:0,(anonymous_31)
FNDA:0,(anonymous_32)
FNDA:0,(anonymous_33)
FNDA:0,useLeaveClinic
FNDA:0,(anonymous_35)
FNDA:0,(anonymous_36)
DA:10,0
DA:11,0
DA:13,0
DA:14,0
DA:15,0
DA:16,0
DA:21,0
DA:22,0
DA:30,0
DA:37,0
DA:44,0
DA:46,0
DA:51,0
DA:52,0
DA:54,0
DA:57,0
DA:58,0
DA:59,0
DA:61,0
DA:66,0
DA:68,0
DA:69,0
DA:71,0
DA:73,0
DA:78,0
DA:80,0
DA:81,0
DA:83,0
DA:84,0
DA:86,0
DA:91,0
DA:93,0
DA:94,0
DA:96,0
DA:97,0
DA:99,0
DA:104,0
DA:106,0
DA:107,0
DA:109,0
DA:110,0
DA:112,0
DA:117,0
DA:119,0
DA:121,0
DA:123,0
DA:124,0
DA:126,0
DA:131,0
DA:133,0
DA:134,0
DA:136,0
DA:137,0
DA:139,0
DA:144,0
DA:146,0
DA:149,0
DA:150,0
DA:152,0
LF:59
LH:0
BRF:0
BRH:0
end_of_record
TN:
SF:src\hooks\use-dashboard-data.ts
FN:48,useDashboardData
FN:57,(anonymous_1)
FN:60,(anonymous_2)
FN:62,(anonymous_3)
FN:67,(anonymous_4)
FN:69,(anonymous_5)
FN:80,(anonymous_6)
FN:84,(anonymous_7)
FN:95,(anonymous_8)
FN:109,(anonymous_9)
FN:116,(anonymous_10)
FN:121,(anonymous_11)
FNF:12
FNH:0
FNDA:0,useDashboardData
FNDA:0,(anonymous_1)
FNDA:0,(anonymous_2)
FNDA:0,(anonymous_3)
FNDA:0,(anonymous_4)
FNDA:0,(anonymous_5)
FNDA:0,(anonymous_6)
FNDA:0,(anonymous_7)
FNDA:0,(anonymous_8)
FNDA:0,(anonymous_9)
FNDA:0,(anonymous_10)
FNDA:0,(anonymous_11)
DA:50,0
DA:57,0
DA:59,0
DA:60,0
DA:62,0
DA:67,0
DA:68,0
DA:70,0
DA:71,0
DA:72,0
DA:78,0
DA:80,0
DA:84,0
DA:85,0
DA:86,0
DA:87,0
DA:93,0
DA:95,0
DA:100,0
DA:107,0
DA:109,0
DA:115,0
DA:116,0
DA:120,0
DA:121,0
DA:125,0
DA:127,0
LF:27
LH:0
BRDA:50,0,0,0
BRDA:71,1,0,0
BRDA:71,1,1,0
BRDA:75,2,0,0
BRDA:75,2,1,0
BRDA:107,3,0,0
BRDA:116,4,0,0
BRDA:116,4,1,0
BRDA:125,5,0,0
BRDA:125,5,1,0
BRF:10
BRH:0
end_of_record
TN:
SF:src\hooks\use-debounce.ts
FN:3,useDebounce
FN:6,(anonymous_1)
FN:7,(anonymous_2)
FN:11,(anonymous_3)
FNF:4
FNH:0
FNDA:0,useDebounce
FNDA:0,(anonymous_1)
FNDA:0,(anonymous_2)
FNDA:0,(anonymous_3)
DA:4,0
DA:6,0
DA:7,0
DA:8,0
DA:11,0
DA:12,0
DA:16,0
LF:7
LH:0
BRF:0
BRH:0
end_of_record
TN:
SF:src\hooks\use-document-title.ts
FN:3,useDocumentTitle
FN:4,(anonymous_1)
FN:7,(anonymous_2)
FNF:3
FNH:0
FNDA:0,useDocumentTitle
FNDA:0,(anonymous_1)
FNDA:0,(anonymous_2)
DA:4,0
DA:5,0
DA:6,0
DA:7,0
DA:8,0
LF:5
LH:0
BRF:0
BRH:0
end_of_record
TN:
SF:src\hooks\use-idle-timer.ts
FN:3,useIdleTimer
FN:7,(anonymous_1)
FN:15,(anonymous_2)
FN:20,(anonymous_3)
FN:23,(anonymous_4)
FN:27,(anonymous_5)
FN:30,(anonymous_6)
FN:32,(anonymous_7)
FNF:8
FNH:0
FNDA:0,useIdleTimer
FNDA:0,(anonymous_1)
FNDA:0,(anonymous_2)
FNDA:0,(anonymous_3)
FNDA:0,(anonymous_4)
FNDA:0,(anonymous_5)
FNDA:0,(anonymous_6)
FNDA:0,(anonymous_7)
DA:4,0
DA:5,0
DA:7,0
DA:8,0
DA:9,0
DA:11,0
DA:13,0
DA:15,0
DA:16,0
DA:20,0
DA:21,0
DA:23,0
DA:24,0
DA:27,0
DA:28,0
DA:30,0
DA:31,0
DA:32,0
DA:36,0
LF:19
LH:0
BRDA:8,0,0,0
BRDA:8,0,1,0
BRDA:11,1,0,0
BRDA:11,1,1,0
BRDA:31,2,0,0
BRDA:31,2,1,0
BRF:6
BRH:0
end_of_record
TN:
SF:src\hooks\use-is-mobile.ts
FN:3,useIsMobile
FN:6,(anonymous_1)
FN:7,(anonymous_2)
FN:17,(anonymous_3)
FNF:4
FNH:0
FNDA:0,useIsMobile
FNDA:0,(anonymous_1)
FNDA:0,(anonymous_2)
FNDA:0,(anonymous_3)
DA:4,0
DA:6,0
DA:7,0
DA:8,0
DA:12,0
DA:15,0
DA:17,0
DA:20,0
LF:8
LH:0
BRF:0
BRH:0
end_of_record
TN:
SF:src\hooks\use-patients.ts
FN:7,(anonymous_0)
FN:12,(anonymous_1)
FN:17,(anonymous_2)
FN:22,(anonymous_3)
FN:27,(anonymous_4)
FN:32,(anonymous_5)
FN:35,(anonymous_6)
FN:36,(anonymous_7)
FN:40,(anonymous_8)
FN:43,(anonymous_9)
FN:48,(anonymous_10)
FN:52,(anonymous_11)
FN:58,(anonymous_12)
FN:62,(anonymous_13)
FN:69,(anonymous_14)
FN:73,(anonymous_15)
FN:80,(anonymous_16)
FN:83,(anonymous_17)
FN:90,(anonymous_18)
FN:109,(anonymous_19)
FN:112,(anonymous_20)
FN:120,(anonymous_21)
FN:123,(anonymous_22)
FN:128,(anonymous_23)
FN:131,(anonymous_24)
FN:133,(anonymous_25)
FN:139,(anonymous_26)
FN:142,(anonymous_27)
FN:143,(anonymous_28)
FN:149,(anonymous_29)
FN:152,(anonymous_30)
FN:159,(anonymous_31)
FN:162,(anonymous_32)
FN:166,(anonymous_33)
FNF:34
FNH:19
FNDA:2,(anonymous_0)
FNDA:1,(anonymous_1)
FNDA:1,(anonymous_2)
FNDA:1,(anonymous_3)
FNDA:1,(anonymous_4)
FNDA:4,(anonymous_5)
FNDA:2,(anonymous_6)
FNDA:10,(anonymous_7)
FNDA:3,(anonymous_8)
FNDA:1,(anonymous_9)
FNDA:2,(anonymous_10)
FNDA:1,(anonymous_11)
FNDA:2,(anonymous_12)
FNDA:1,(anonymous_13)
FNDA:2,(anonymous_14)
FNDA:1,(anonymous_15)
FNDA:5,(anonymous_16)
FNDA:2,(anonymous_17)
FNDA:6,(anonymous_18)
FNDA:0,(anonymous_19)
FNDA:0,(anonymous_20)
FNDA:0,(anonymous_21)
FNDA:0,(anonymous_22)
FNDA:0,(anonymous_23)
FNDA:0,(anonymous_24)
FNDA:0,(anonymous_25)
FNDA:0,(anonymous_26)
FNDA:0,(anonymous_27)
FNDA:0,(anonymous_28)
FNDA:0,(anonymous_29)
FNDA:0,(anonymous_30)
FNDA:0,(anonymous_31)
FNDA:0,(anonymous_32)
FNDA:0,(anonymous_33)
DA:7,1
DA:8,2
DA:9,2
DA:12,1
DA:13,1
DA:14,1
DA:17,1
DA:18,1
DA:19,1
DA:22,1
DA:23,1
DA:24,1
DA:27,1
DA:28,1
DA:29,1
DA:32,1
DA:33,4
DA:35,2
DA:36,10
DA:40,1
DA:41,3
DA:43,1
DA:48,1
DA:49,2
DA:50,2
DA:53,1
DA:58,1
DA:59,2
DA:60,2
DA:63,1
DA:64,1
DA:69,1
DA:70,2
DA:71,2
DA:74,1
DA:75,1
DA:80,1
DA:81,5
DA:84,2
DA:87,2
DA:91,6
DA:92,3
DA:94,3
DA:109,1
DA:110,0
DA:113,0
DA:114,0
DA:120,1
DA:121,0
DA:123,0
DA:128,1
DA:129,0
DA:130,0
DA:131,0
DA:134,0
DA:139,1
DA:140,0
DA:141,0
DA:142,0
DA:144,0
DA:149,1
DA:150,0
DA:152,0
DA:159,1
DA:160,0
DA:161,0
DA:163,0
DA:164,0
DA:167,0
LF:69
LH:49
BRDA:32,0,0,4
BRDA:32,1,0,4
BRDA:32,2,0,4
BRDA:80,3,0,5
BRDA:83,4,0,2
BRDA:91,5,0,3
BRDA:91,5,1,3
BRDA:153,6,0,0
BRDA:153,6,1,0
BRDA:153,6,2,0
BRF:10
BRH:7
end_of_record
TN:
SF:src\hooks\use-session-checkout.ts
FN:41,computeSuggestedDate
FN:49,buildNextAppointmentDate
FN:68,useSessionCheckout
FN:95,(anonymous_3)
FN:96,(anonymous_4)
FN:100,(anonymous_5)
FNF:6
FNH:0
FNDA:0,computeSuggestedDate
FNDA:0,buildNextAppointmentDate
FNDA:0,useSessionCheckout
FNDA:0,(anonymous_3)
FNDA:0,(anonymous_4)
FNDA:0,(anonymous_5)
DA:42,0
DA:44,0
DA:45,0
DA:46,0
DA:53,0
DA:55,0
DA:56,0
DA:59,0
DA:73,0
DA:76,0
DA:77,0
DA:78,0
DA:79,0
DA:80,0
DA:81,0
DA:82,0
DA:83,0
DA:87,0
DA:95,0
DA:96,0
DA:97,0
DA:100,0
DA:101,0
DA:102,0
DA:104,0
DA:105,0
DA:106,0
DA:107,0
DA:108,0
DA:111,0
DA:119,0
DA:120,0
DA:121,0
DA:122,0
DA:125,0
DA:128,0
DA:130,0
DA:144,0
LF:38
LH:0
BRDA:44,0,0,0
BRDA:44,0,1,0
BRDA:45,1,0,0
BRDA:45,1,1,0
BRDA:53,2,0,0
BRDA:53,2,1,0
BRDA:55,3,0,0
BRDA:55,3,1,0
BRDA:56,4,0,0
BRDA:56,4,1,0
BRDA:70,5,0,0
BRDA:87,6,0,0
BRDA:87,6,1,0
BRDA:87,7,0,0
BRDA:87,7,1,0
BRDA:89,8,0,0
BRDA:89,8,1,0
BRDA:89,9,0,0
BRDA:89,9,1,0
BRDA:96,10,0,0
BRDA:96,10,1,0
BRDA:97,11,0,0
BRDA:97,11,1,0
BRDA:105,12,0,0
BRDA:105,12,1,0
BRDA:105,13,0,0
BRDA:105,13,1,0
BRDA:125,14,0,0
BRDA:125,14,1,0
BRF:29
BRH:0
end_of_record
TN:
SF:src\hooks\use-session.ts
FN:7,(anonymous_0)
FN:10,(anonymous_1)
FN:15,(anonymous_2)
FN:19,(anonymous_3)
FN:26,(anonymous_4)
FN:30,(anonymous_5)
FN:37,(anonymous_6)
FN:40,(anonymous_7)
FN:42,(anonymous_8)
FN:48,(anonymous_9)
FN:51,(anonymous_10)
FN:53,(anonymous_11)
FN:59,(anonymous_12)
FN:62,(anonymous_13)
FN:64,(anonymous_14)
FN:70,(anonymous_15)
FN:73,(anonymous_16)
FN:75,(anonymous_17)
FN:79,(anonymous_18)
FNF:19
FNH:0
FNDA:0,(anonymous_0)
FNDA:0,(anonymous_1)
FNDA:0,(anonymous_2)
FNDA:0,(anonymous_3)
FNDA:0,(anonymous_4)
FNDA:0,(anonymous_5)
FNDA:0,(anonymous_6)
FNDA:0,(anonymous_7)
FNDA:0,(anonymous_8)
FNDA:0,(anonymous_9)
FNDA:0,(anonymous_10)
FNDA:0,(anonymous_11)
FNDA:0,(anonymous_12)
FNDA:0,(anonymous_13)
FNDA:0,(anonymous_14)
FNDA:0,(anonymous_15)
FNDA:0,(anonymous_16)
FNDA:0,(anonymous_17)
FNDA:0,(anonymous_18)
DA:7,0
DA:8,0
DA:10,0
DA:15,0
DA:16,0
DA:17,0
DA:20,0
DA:21,0
DA:26,0
DA:27,0
DA:28,0
DA:31,0
DA:32,0
DA:37,0
DA:38,0
DA:39,0
DA:40,0
DA:43,0
DA:48,0
DA:49,0
DA:50,0
DA:51,0
DA:54,0
DA:59,0
DA:60,0
DA:61,0
DA:62,0
DA:65,0
DA:70,0
DA:71,0
DA:72,0
DA:73,0
DA:76,0
DA:77,0
DA:79,0
LF:35
LH:0
BRF:0
BRH:0
end_of_record
TN:
SF:src\hooks\use-tasks.ts
FN:13,(anonymous_0)
FN:16,(anonymous_1)
FN:24,(anonymous_2)
FN:27,(anonymous_3)
FN:31,(anonymous_4)
FN:37,(anonymous_5)
FN:40,(anonymous_6)
FN:44,(anonymous_7)
FN:50,(anonymous_8)
FN:53,(anonymous_9)
FN:56,(anonymous_10)
FNF:11
FNH:0
FNDA:0,(anonymous_0)
FNDA:0,(anonymous_1)
FNDA:0,(anonymous_2)
FNDA:0,(anonymous_3)
FNDA:0,(anonymous_4)
FNDA:0,(anonymous_5)
FNDA:0,(anonymous_6)
FNDA:0,(anonymous_7)
FNDA:0,(anonymous_8)
FNDA:0,(anonymous_9)
FNDA:0,(anonymous_10)
DA:13,0
DA:14,0
DA:17,0
DA:18,0
DA:24,0
DA:25,0
DA:26,0
DA:28,0
DA:29,0
DA:32,0
DA:37,0
DA:38,0
DA:39,0
DA:41,0
DA:42,0
DA:45,0
DA:50,0
DA:51,0
DA:52,0
DA:54,0
DA:57,0
LF:21
LH:0
BRF:0
BRH:0
end_of_record
TN:
SF:src\hooks\useKeyboardShortcut.ts
FN:10,useKeyboardShortcut
FN:15,(anonymous_1)
FN:16,(anonymous_2)
FN:28,(anonymous_3)
FNF:4
FNH:0
FNDA:0,useKeyboardShortcut
FNDA:0,(anonymous_1)
FNDA:0,(anonymous_2)
FNDA:0,(anonymous_3)
DA:15,0
DA:16,0
DA:18,0
DA:20,0
DA:21,0
DA:22,0
DA:26,0
DA:28,0
DA:29,0
LF:9
LH:0
BRDA:13,0,0,0
BRDA:18,1,0,0
BRDA:18,1,1,0
BRDA:18,2,0,0
BRDA:18,2,1,0
BRDA:20,3,0,0
BRDA:20,3,1,0
BRDA:20,4,0,0
BRDA:20,4,1,0
BRF:9
BRH:0
end_of_record
TN:
SF:src\lib\api.ts
FN:18,processQueue
FN:19,(anonymous_1)
FN:24,(anonymous_2)
FN:25,(anonymous_3)
FN:37,(anonymous_4)
FN:40,(anonymous_5)
FN:41,(anonymous_6)
FNF:7
FNH:6
FNDA:4,processQueue
FNDA:1,(anonymous_1)
FNDA:8,(anonymous_2)
FNDA:11,(anonymous_3)
FNDA:1,(anonymous_4)
FNDA:1,(anonymous_5)
FNDA:0,(anonymous_6)
DA:5,1
DA:15,1
DA:16,1
DA:19,4
DA:20,4
DA:23,1
DA:24,8
DA:26,11
DA:30,11
DA:34,11
DA:35,5
DA:37,1
DA:38,1
DA:40,1
DA:41,0
DA:44,4
DA:45,4
DA:47,4
DA:48,4
DA:49,3
DA:50,3
DA:52,1
DA:53,1
DA:54,1
DA:56,4
DA:60,6
LF:26
LH:25
BRDA:6,0,0,1
BRDA:6,0,1,1
BRDA:6,1,0,1
BRDA:6,1,1,0
BRDA:19,2,0,0
BRDA:19,2,1,1
BRDA:30,3,0,11
BRDA:30,3,1,10
BRDA:30,3,2,8
BRDA:34,4,0,5
BRDA:34,4,1,6
BRDA:34,5,0,11
BRDA:34,5,1,10
BRDA:34,5,2,9
BRDA:35,6,0,1
BRDA:35,6,1,4
BRF:16
BRH:14
end_of_record
TN:
SF:src\lib\appointments.api.ts
FN:25,fetchSessionContext
FN:34,fetchAppointmentsByDate
FN:48,fetchAppointmentsByRange
FN:62,completeCheckout
FN:76,fetchRecentPatients
FN:88,fetchDaySummary
FN:101,fetchNextAppointment
FN:109,fetchPendingNotesCount
FN:118,startSession
FN:123,cancelAppointment
FN:128,markNoShow
FN:133,updateNotes
FN:144,updatePayment
FN:151,createAppointment
FN:156,rescheduleAppointment
FN:164,getTodayDateString
FN:170,fetchPsychNote
FN:175,upsertPsychNote
FN:183,upsertAnthropometry
FN:191,upsertMealPlan
FN:199,upsertClinicalScale
FNF:21
FNH:0
FNDA:0,fetchSessionContext
FNDA:0,fetchAppointmentsByDate
FNDA:0,fetchAppointmentsByRange
FNDA:0,completeCheckout
FNDA:0,fetchRecentPatients
FNDA:0,fetchDaySummary
FNDA:0,fetchNextAppointment
FNDA:0,fetchPendingNotesCount
FNDA:0,startSession
FNDA:0,cancelAppointment
FNDA:0,markNoShow
FNDA:0,updateNotes
FNDA:0,updatePayment
FNDA:0,createAppointment
FNDA:0,rescheduleAppointment
FNDA:0,getTodayDateString
FNDA:0,fetchPsychNote
FNDA:0,upsertPsychNote
FNDA:0,upsertAnthropometry
FNDA:0,upsertMealPlan
FNDA:0,upsertClinicalScale
DA:26,0
DA:27,0
DA:37,0
DA:40,0
DA:52,0
DA:55,0
DA:66,0
DA:70,0
DA:77,0
DA:80,0
DA:92,0
DA:95,0
DA:102,0
DA:103,0
DA:110,0
DA:113,0
DA:119,0
DA:120,0
DA:124,0
DA:125,0
DA:129,0
DA:130,0
DA:134,0
DA:135,0
DA:145,0
DA:146,0
DA:152,0
DA:153,0
DA:157,0
DA:158,0
DA:165,0
DA:171,0
DA:172,0
DA:179,0
DA:180,0
DA:187,0
DA:188,0
DA:195,0
DA:196,0
DA:203,0
DA:207,0
LF:41
LH:0
BRF:0
BRH:0
end_of_record
TN:
SF:src\lib\auth.api.ts
FN:12,completeProfile
FNF:1
FNH:0
FNDA:0,completeProfile
DA:13,0
DA:14,0
LF:2
LH:0
BRF:0
BRH:0
end_of_record
TN:
SF:src\lib\clinics.api.ts
FN:13,createClinic
FN:18,getMyClinic
FN:23,updateClinic
FN:28,deleteClinic
FN:32,createInvitation
FN:37,listInvitations
FN:42,revokeInvitation
FN:46,validateToken
FN:53,acceptInvitation
FN:57,createMemberAccount
FN:62,removeMember
FN:66,updateMemberRole
FN:70,getClinicPatients
FN:75,getClinicFinanceSummary
FN:82,leaveClinic
FNF:15
FNH:0
FNDA:0,createClinic
FNDA:0,getMyClinic
FNDA:0,updateClinic
FNDA:0,deleteClinic
FNDA:0,createInvitation
FNDA:0,listInvitations
FNDA:0,revokeInvitation
FNDA:0,validateToken
FNDA:0,acceptInvitation
FNDA:0,createMemberAccount
FNDA:0,removeMember
FNDA:0,updateMemberRole
FNDA:0,getClinicPatients
FNDA:0,getClinicFinanceSummary
FNDA:0,leaveClinic
DA:14,0
DA:15,0
DA:19,0
DA:20,0
DA:24,0
DA:25,0
DA:29,0
DA:33,0
DA:34,0
DA:38,0
DA:39,0
DA:43,0
DA:47,0
DA:50,0
DA:54,0
DA:58,0
DA:59,0
DA:63,0
DA:67,0
DA:71,0
DA:72,0
DA:76,0
DA:79,0
DA:83,0
LF:24
LH:0
BRF:0
BRH:0
end_of_record
TN:
SF:src\lib\confirm-action.ts
FN:17,confirmAction
FN:24,(anonymous_1)
FN:46,(anonymous_2)
FN:78,(anonymous_3)
FN:90,(anonymous_4)
FNF:5
FNH:0
FNDA:0,confirmAction
FNDA:0,(anonymous_1)
FNDA:0,(anonymous_2)
FNDA:0,(anonymous_3)
FNDA:0,(anonymous_4)
DA:24,0
DA:25,0
DA:43,0
DA:45,0
DA:46,0
DA:79,0
DA:80,0
DA:91,0
DA:92,0
LF:9
LH:0
BRDA:20,0,0,0
BRDA:21,1,0,0
BRDA:22,2,0,0
BRDA:64,3,0,0
BRDA:64,3,1,0
BRF:5
BRH:0
end_of_record
TN:
SF:src\lib\dashboard.helpers.ts
FN:7,formatDateHeader
FN:18,getGreeting
FN:28,getNextAppointment
FN:36,(anonymous_3)
FN:37,(anonymous_4)
FN:61,mapRecentPatients
FN:62,(anonymous_6)
FN:92,buildCalendarDays
FN:95,(anonymous_8)
FN:105,(anonymous_9)
FN:112,(anonymous_10)
FN:121,(anonymous_11)
FN:122,(anonymous_12)
FNF:13
FNH:12
FNDA:0,formatDateHeader
FNDA:5,getGreeting
FNDA:6,getNextAppointment
FNDA:2,(anonymous_3)
FNDA:5,(anonymous_4)
FNDA:9,mapRecentPatients
FNDA:14,(anonymous_6)
FNDA:9,buildCalendarDays
FNDA:252,(anonymous_8)
FNDA:2268,(anonymous_9)
FNDA:1,(anonymous_10)
FNDA:2268,(anonymous_11)
FNDA:2268,(anonymous_12)
DA:8,0
DA:9,0
DA:14,0
DA:19,5
DA:20,5
DA:21,3
DA:22,2
DA:31,6
DA:33,4
DA:34,4
DA:36,2
DA:37,5
DA:43,1
DA:62,9
DA:63,14
DA:68,14
DA:69,2
DA:70,1
DA:71,1
DA:73,14
DA:93,9
DA:95,9
DA:96,252
DA:97,252
DA:98,252
DA:99,252
DA:103,252
DA:104,252
DA:105,2268
DA:110,252
DA:111,252
DA:112,5
DA:113,1
DA:114,1
DA:116,1
DA:120,252
DA:121,2268
DA:122,2268
DA:125,252
DA:126,252
DA:128,252
DA:129,1
DA:130,1
DA:131,251
DA:132,1
DA:133,1
DA:134,250
DA:135,1
DA:136,1
DA:137,249
DA:138,2
DA:139,2
DA:142,252
LF:53
LH:50
BRDA:20,0,0,2
BRDA:20,0,1,3
BRDA:21,1,0,1
BRDA:21,1,1,2
BRDA:31,2,0,2
BRDA:31,2,1,4
BRDA:35,3,0,4
BRDA:35,3,1,1
BRDA:68,4,0,11
BRDA:68,4,1,3
BRDA:68,5,0,1
BRDA:68,5,1,2
BRDA:69,6,0,1
BRDA:69,6,1,1
BRDA:76,7,0,14
BRDA:76,7,1,1
BRDA:99,8,0,252
BRDA:99,8,1,247
BRDA:111,9,0,5
BRDA:111,9,1,247
BRDA:116,10,0,0
BRDA:116,10,1,1
BRDA:128,11,0,1
BRDA:128,11,1,251
BRDA:131,12,0,1
BRDA:131,12,1,250
BRDA:134,13,0,1
BRDA:134,13,1,249
BRDA:137,14,0,2
BRDA:137,14,1,247
BRF:30
BRH:29
end_of_record
TN:
SF:src\lib\i18n.ts
FNF:0
FNH:0
DA:8,0
LF:1
LH:0
BRF:0
BRH:0
end_of_record
TN:
SF:src\lib\patients.api.ts
FN:4,(anonymous_0)
FN:9,(anonymous_1)
FN:14,(anonymous_2)
FN:19,(anonymous_3)
FN:24,(anonymous_4)
FN:29,(anonymous_5)
FN:34,(anonymous_6)
FN:48,(anonymous_7)
FN:55,(anonymous_8)
FNF:9
FNH:0
FNDA:0,(anonymous_0)
FNDA:0,(anonymous_1)
FNDA:0,(anonymous_2)
FNDA:0,(anonymous_3)
FNDA:0,(anonymous_4)
FNDA:0,(anonymous_5)
FNDA:0,(anonymous_6)
FNDA:0,(anonymous_7)
FNDA:0,(anonymous_8)
DA:4,0
DA:5,0
DA:6,0
DA:9,0
DA:10,0
DA:11,0
DA:14,0
DA:15,0
DA:16,0
DA:19,0
DA:20,0
DA:21,0
DA:24,0
DA:25,0
DA:26,0
DA:29,0
DA:30,0
DA:31,0
DA:34,0
DA:39,0
DA:40,0
DA:41,0
DA:42,0
DA:45,0
DA:48,0
DA:49,0
DA:52,0
DA:55,0
DA:56,0
LF:29
LH:0
BRDA:41,0,0,0
BRDA:41,0,1,0
BRF:2
BRH:0
end_of_record
TN:
SF:src\lib\query-keys.ts
FN:3,(anonymous_0)
FN:4,(anonymous_1)
FN:5,(anonymous_2)
FN:6,(anonymous_3)
FN:7,(anonymous_4)
FN:8,(anonymous_5)
FN:9,(anonymous_6)
FN:10,(anonymous_7)
FN:11,(anonymous_8)
FN:16,(anonymous_9)
FN:17,(anonymous_10)
FN:18,(anonymous_11)
FN:19,(anonymous_12)
FN:20,(anonymous_13)
FN:21,(anonymous_14)
FN:22,(anonymous_15)
FN:23,(anonymous_16)
FN:24,(anonymous_17)
FN:25,(anonymous_18)
FN:30,(anonymous_19)
FN:31,(anonymous_20)
FN:36,(anonymous_21)
FN:37,(anonymous_22)
FN:38,(anonymous_23)
FN:39,(anonymous_24)
FNF:25
FNH:23
FNDA:9,(anonymous_0)
FNDA:5,(anonymous_1)
FNDA:16,(anonymous_2)
FNDA:16,(anonymous_3)
FNDA:6,(anonymous_4)
FNDA:1,(anonymous_5)
FNDA:1,(anonymous_6)
FNDA:1,(anonymous_7)
FNDA:1,(anonymous_8)
FNDA:0,(anonymous_9)
FNDA:0,(anonymous_10)
FNDA:3,(anonymous_11)
FNDA:3,(anonymous_12)
FNDA:1,(anonymous_13)
FNDA:1,(anonymous_14)
FNDA:1,(anonymous_15)
FNDA:1,(anonymous_16)
FNDA:1,(anonymous_17)
FNDA:1,(anonymous_18)
FNDA:1,(anonymous_19)
FNDA:1,(anonymous_20)
FNDA:1,(anonymous_21)
FNDA:1,(anonymous_22)
FNDA:1,(anonymous_23)
FNDA:1,(anonymous_24)
DA:1,2
DA:3,9
DA:4,5
DA:5,16
DA:6,16
DA:7,6
DA:8,1
DA:9,1
DA:10,1
DA:11,1
DA:14,2
DA:16,0
DA:17,0
DA:18,3
DA:19,3
DA:20,1
DA:21,1
DA:22,1
DA:23,1
DA:24,1
DA:25,1
DA:28,2
DA:30,1
DA:31,1
DA:34,2
DA:36,1
DA:37,1
DA:38,1
DA:39,1
LF:29
LH:27
BRF:0
BRH:0
end_of_record
TN:
SF:src\lib\recent-patients.storage.ts
FN:9,(anonymous_0)
FN:19,(anonymous_1)
FN:25,(anonymous_2)
FNF:3
FNH:0
FNDA:0,(anonymous_0)
FNDA:0,(anonymous_1)
FNDA:0,(anonymous_2)
DA:6,0
DA:7,0
DA:9,0
DA:10,0
DA:11,0
DA:12,0
DA:14,0
DA:15,0
DA:19,0
DA:20,0
DA:21,0
DA:22,0
DA:25,0
DA:28,0
DA:31,0
DA:33,0
DA:35,0
LF:17
LH:0
BRDA:12,0,0,0
BRDA:12,0,1,0
BRF:2
BRH:0
end_of_record
TN:
SF:src\stores\auth.store.ts
FN:26,(anonymous_0)
FN:34,(anonymous_1)
FN:63,(anonymous_2)
FN:93,(anonymous_3)
FN:109,(anonymous_4)
FN:130,(anonymous_5)
FN:131,(anonymous_6)
FN:136,(anonymous_7)
FNF:8
FNH:5
FNDA:1,(anonymous_0)
FNDA:0,(anonymous_1)
FNDA:7,(anonymous_2)
FNDA:4,(anonymous_3)
FNDA:2,(anonymous_4)
FNDA:0,(anonymous_5)
FNDA:0,(anonymous_6)
FNDA:39,(anonymous_7)
DA:24,1
DA:26,1
DA:35,0
DA:37,0
DA:38,0
DA:40,0
DA:48,0
DA:52,0
DA:59,0
DA:64,7
DA:66,7
DA:68,7
DA:70,4
DA:78,3
DA:82,3
DA:89,3
DA:94,4
DA:96,4
DA:100,4
DA:110,2
DA:112,2
DA:115,2
DA:116,1
DA:122,1
DA:130,0
DA:131,0
DA:136,39
LF:27
LH:18
BRDA:48,0,0,0
BRDA:48,0,1,0
BRDA:78,1,0,3
BRDA:78,1,1,0
BRF:4
BRH:1
end_of_record
TN:
SF:src\stores\notes.store.ts
FN:25,(anonymous_0)
FN:32,(anonymous_1)
FN:44,(anonymous_2)
FN:51,(anonymous_3)
FN:63,(anonymous_4)
FN:63,(anonymous_5)
FN:69,(anonymous_6)
FN:78,(anonymous_7)
FN:111,(anonymous_8)
FNF:9
FNH:0
FNDA:0,(anonymous_0)
FNDA:0,(anonymous_1)
FNDA:0,(anonymous_2)
FNDA:0,(anonymous_3)
FNDA:0,(anonymous_4)
FNDA:0,(anonymous_5)
FNDA:0,(anonymous_6)
FNDA:0,(anonymous_7)
FNDA:0,(anonymous_8)
DA:25,0
DA:33,0
DA:34,0
DA:35,0
DA:36,0
DA:38,0
DA:39,0
DA:40,0
DA:45,0
DA:47,0
DA:48,0
DA:51,0
DA:52,0
DA:54,0
DA:55,0
DA:56,0
DA:57,0
DA:60,0
DA:61,0
DA:62,0
DA:63,0
DA:65,0
DA:68,0
DA:69,0
DA:70,0
DA:71,0
DA:73,0
DA:74,0
DA:79,0
DA:81,0
DA:82,0
DA:83,0
DA:84,0
DA:87,0
DA:89,0
DA:90,0
DA:91,0
DA:92,0
DA:94,0
DA:99,0
DA:100,0
DA:102,0
DA:103,0
DA:104,0
DA:106,0
DA:107,0
DA:111,0
LF:47
LH:0
BRDA:47,0,0,0
BRDA:47,0,1,0
BRDA:48,1,0,0
BRDA:48,1,1,0
BRDA:63,2,0,0
BRDA:63,2,1,0
BRDA:68,3,0,0
BRDA:68,3,1,0
BRDA:79,4,0,0
BRDA:79,4,1,0
BRDA:81,5,0,0
BRDA:81,5,1,0
BRDA:82,6,0,0
BRDA:82,6,1,0
BRDA:102,7,0,0
BRDA:102,7,1,0
BRF:16
BRH:0
end_of_record
TN:
SF:src\stores\settings.store.ts
FN:11,(anonymous_0)
FN:13,(anonymous_1)
FN:13,(anonymous_2)
FNF:3
FNH:0
FNDA:0,(anonymous_0)
FNDA:0,(anonymous_1)
FNDA:0,(anonymous_2)
DA:9,0
DA:11,0
DA:13,0
LF:3
LH:0
BRF:0
BRH:0
end_of_record
TN:
SF:src\stores\theme.store.ts
FN:13,(anonymous_0)
FN:15,(anonymous_1)
FN:22,(anonymous_2)
FN:22,(anonymous_3)
FN:31,updateDom
FNF:5
FNH:0
FNDA:0,(anonymous_0)
FNDA:0,(anonymous_1)
FNDA:0,(anonymous_2)
FNDA:0,(anonymous_3)
FNDA:0,updateDom
DA:11,0
DA:13,0
DA:16,0
DA:17,0
DA:22,0
DA:23,0
DA:24,0
DA:32,0
DA:34,0
DA:36,0
DA:37,0
DA:40,0
DA:41,0
DA:44,0
LF:14
LH:0
BRDA:23,0,0,0
BRDA:23,0,1,0
BRDA:36,1,0,0
BRDA:36,1,1,0
BRDA:37,2,0,0
BRDA:37,2,1,0
BRF:6
BRH:0
end_of_record
TN:
SF:src\stores\tour.store.ts
FN:98,(anonymous_0)
FN:103,(anonymous_1)
FN:105,(anonymous_2)
FN:115,(anonymous_3)
FN:122,(anonymous_4)
FN:124,(anonymous_5)
FN:128,(anonymous_6)
FNF:7
FNH:7
FNDA:1,(anonymous_0)
FNDA:4,(anonymous_1)
FNDA:12,(anonymous_2)
FNDA:2,(anonymous_3)
FNDA:1,(anonymous_4)
FNDA:3,(anonymous_5)
FNDA:45,(anonymous_6)
DA:13,1
DA:96,1
DA:98,1
DA:103,4
DA:106,12
DA:107,12
DA:108,12
DA:109,2
DA:111,10
DA:116,2
DA:117,2
DA:118,1
DA:122,1
DA:124,3
DA:128,45
LF:15
LH:15
BRDA:108,0,0,2
BRDA:108,0,1,10
BRDA:117,1,0,1
BRDA:117,1,1,1
BRF:4
BRH:4
end_of_record
