{"C:\\Users\\50370\\Documents\\GitHub\\kio-health\\apps\\api\\src\\app.controller.ts": {"path":"C:\\Users\\50370\\Documents\\GitHub\\kio-health\\apps\\api\\src\\app.controller.ts","statementMap":{"0":{"start":{"line":1,"column":0},"end":{"line":1,"column":49}},"1":{"start":{"line":2,"column":0},"end":{"line":2,"column":43}},"2":{"start":{"line":5,"column":7},"end":{"line":12,"column":null}},"3":{"start":{"line":6,"column":31},"end":{"line":6,"column":43}},"4":{"start":{"line":10,"column":4},"end":{"line":10,"column":38}},"5":{"start":{"line":5,"column":13},"end":{"line":5,"column":26}},"6":{"start":{"line":9,"column":2},"end":{"line":11,"column":null}},"7":{"start":{"line":5,"column":13},"end":{"line":12,"column":null}}},"fnMap":{"0":{"name":"(anonymous_2)","decl":{"start":{"line":6,"column":2},"end":{"line":6,"column":31}},"loc":{"start":{"line":6,"column":53},"end":{"line":6,"column":57}}},"1":{"name":"(anonymous_3)","decl":{"start":{"line":9,"column":2},"end":{"line":9,"column":10}},"loc":{"start":{"line":9,"column":10},"end":{"line":11,"column":3}}}},"branchMap":{"0":{"loc":{"start":{"line":6,"column":43},"end":{"line":6,"column":56}},"type":"cond-expr","locations":[{"start":{"line":6,"column":53},"end":{"line":6,"column":56}},{"start":{"line":6,"column":53},"end":{"line":6,"column":56}}]},"1":{"loc":{"start":{"line":6,"column":43},"end":{"line":6,"column":53}},"type":"binary-expr","locations":[{"start":{"line":6,"column":43},"end":{"line":6,"column":56}},{"start":{"line":6,"column":43},"end":{"line":6,"column":53}}]}},"s":{"0":1,"1":1,"2":1,"3":1,"4":1,"5":1,"6":1,"7":1},"f":{"0":1,"1":1},"b":{"0":[1,0],"1":[1,1]}}
,"C:\\Users\\50370\\Documents\\GitHub\\kio-health\\apps\\api\\src\\app.module.ts": {"path":"C:\\Users\\50370\\Documents\\GitHub\\kio-health\\apps\\api\\src\\app.module.ts","statementMap":{"0":{"start":{"line":1,"column":0},"end":{"line":1,"column":23}},"1":{"start":{"line":2,"column":0},"end":{"line":2,"column":40}},"2":{"start":{"line":3,"column":0},"end":{"line":3,"column":41}},"3":{"start":{"line":4,"column":0},"end":{"line":4,"column":68}},"4":{"start":{"line":5,"column":0},"end":{"line":5,"column":57}},"5":{"start":{"line":6,"column":0},"end":{"line":6,"column":28}},"6":{"start":{"line":7,"column":0},"end":{"line":7,"column":49}},"7":{"start":{"line":8,"column":0},"end":{"line":8,"column":43}},"8":{"start":{"line":9,"column":0},"end":{"line":9,"column":54}},"9":{"start":{"line":10,"column":0},"end":{"line":10,"column":48}},"10":{"start":{"line":11,"column":0},"end":{"line":11,"column":72}},"11":{"start":{"line":12,"column":0},"end":{"line":12,"column":51}},"12":{"start":{"line":13,"column":0},"end":{"line":13,"column":60}},"13":{"start":{"line":14,"column":0},"end":{"line":14,"column":65}},"14":{"start":{"line":15,"column":0},"end":{"line":15,"column":54}},"15":{"start":{"line":16,"column":0},"end":{"line":16,"column":51}},"16":{"start":{"line":17,"column":0},"end":{"line":17,"column":57}},"17":{"start":{"line":18,"column":0},"end":{"line":18,"column":59}},"18":{"start":{"line":19,"column":0},"end":{"line":19,"column":54}},"19":{"start":{"line":20,"column":0},"end":{"line":20,"column":59}},"20":{"start":{"line":21,"column":0},"end":{"line":21,"column":57}},"21":{"start":{"line":22,"column":0},"end":{"line":22,"column":72}},"22":{"start":{"line":59,"column":7},"end":{"line":59,"column":null}},"23":{"start":{"line":59,"column":13},"end":{"line":59,"column":22}},"24":{"start":{"line":59,"column":13},"end":{"line":59,"column":null}}},"fnMap":{},"branchMap":{},"s":{"0":0,"1":0,"2":0,"3":0,"4":0,"5":0,"6":0,"7":0,"8":0,"9":0,"10":0,"11":0,"12":0,"13":0,"14":0,"15":0,"16":0,"17":0,"18":0,"19":0,"20":0,"21":0,"22":0,"23":0,"24":0},"f":{},"b":{}}
,"C:\\Users\\50370\\Documents\\GitHub\\kio-health\\apps\\api\\src\\app.service.ts": {"path":"C:\\Users\\50370\\Documents\\GitHub\\kio-health\\apps\\api\\src\\app.service.ts","statementMap":{"0":{"start":{"line":1,"column":0},"end":{"line":1,"column":44}},"1":{"start":{"line":4,"column":7},"end":{"line":8,"column":null}},"2":{"start":{"line":6,"column":4},"end":{"line":6,"column":26}},"3":{"start":{"line":4,"column":13},"end":{"line":4,"column":23}},"4":{"start":{"line":4,"column":13},"end":{"line":8,"column":null}}},"fnMap":{"0":{"name":"(anonymous_1)","decl":{"start":{"line":5,"column":2},"end":{"line":5,"column":10}},"loc":{"start":{"line":5,"column":10},"end":{"line":7,"column":3}}}},"branchMap":{},"s":{"0":1,"1":1,"2":1,"3":1,"4":1},"f":{"0":1},"b":{}}
,"C:\\Users\\50370\\Documents\\GitHub\\kio-health\\apps\\api\\src\\instrument.ts": {"path":"C:\\Users\\50370\\Documents\\GitHub\\kio-health\\apps\\api\\src\\instrument.ts","statementMap":{"0":{"start":{"line":1,"column":0},"end":{"line":1,"column":41}},"1":{"start":{"line":2,"column":0},"end":{"line":2,"column":66}},"2":{"start":{"line":4,"column":0},"end":{"line":11,"column":3}}},"fnMap":{},"branchMap":{"0":{"loc":{"start":{"line":5,"column":7},"end":{"line":5,"column":35}},"type":"binary-expr","locations":[{"start":{"line":5,"column":7},"end":{"line":5,"column":29}},{"start":{"line":5,"column":33},"end":{"line":5,"column":35}}]}},"s":{"0":0,"1":0,"2":0},"f":{},"b":{"0":[0,0]}}
,"C:\\Users\\50370\\Documents\\GitHub\\kio-health\\apps\\api\\src\\main.ts": {"path":"C:\\Users\\50370\\Documents\\GitHub\\kio-health\\apps\\api\\src\\main.ts","statementMap":{"0":{"start":{"line":1,"column":0},"end":{"line":1,"column":22}},"1":{"start":{"line":2,"column":0},"end":{"line":2,"column":64}},"2":{"start":{"line":3,"column":0},"end":{"line":3,"column":41}},"3":{"start":{"line":4,"column":0},"end":{"line":4,"column":48}},"4":{"start":{"line":5,"column":0},"end":{"line":5,"column":28}},"5":{"start":{"line":8,"column":21},"end":{"line":8,"column":45}},"6":{"start":{"line":11,"column":14},"end":{"line":11,"column":49}},"7":{"start":{"line":14,"column":2},"end":{"line":14,"column":26}},"8":{"start":{"line":17,"column":2},"end":{"line":37,"column":4}},"9":{"start":{"line":39,"column":2},"end":{"line":39,"column":62}},"10":{"start":{"line":41,"column":2},"end":{"line":41,"column":29}},"11":{"start":{"line":44,"column":25},"end":{"line":46,"column":31}},"12":{"start":{"line":48,"column":2},"end":{"line":52,"column":5}},"13":{"start":{"line":54,"column":2},"end":{"line":54,"column":45}},"14":{"start":{"line":56,"column":0},"end":{"line":56,"column":12}}},"fnMap":{"0":{"name":"bootstrap","decl":{"start":{"line":10,"column":15},"end":{"line":10,"column":24}},"loc":{"start":{"line":10,"column":24},"end":{"line":55,"column":1}}}},"branchMap":{"0":{"loc":{"start":{"line":44,"column":25},"end":{"line":46,"column":31}},"type":"cond-expr","locations":[{"start":{"line":45,"column":6},"end":{"line":45,"column":44}},{"start":{"line":46,"column":6},"end":{"line":46,"column":31}}]},"1":{"loc":{"start":{"line":54,"column":19},"end":{"line":54,"column":43}},"type":"binary-expr","locations":[{"start":{"line":54,"column":19},"end":{"line":54,"column":35}},{"start":{"line":54,"column":39},"end":{"line":54,"column":43}}]}},"s":{"0":0,"1":0,"2":0,"3":0,"4":0,"5":0,"6":0,"7":0,"8":0,"9":0,"10":0,"11":0,"12":0,"13":0,"14":0},"f":{"0":0},"b":{"0":[0,0],"1":[0,0]}}
,"C:\\Users\\50370\\Documents\\GitHub\\kio-health\\apps\\api\\src\\access-log\\access-log.module.ts": {"path":"C:\\Users\\50370\\Documents\\GitHub\\kio-health\\apps\\api\\src\\access-log\\access-log.module.ts","statementMap":{"0":{"start":{"line":1,"column":0},"end":{"line":1,"column":48}},"1":{"start":{"line":2,"column":0},"end":{"line":2,"column":56}},"2":{"start":{"line":3,"column":0},"end":{"line":3,"column":55}},"3":{"start":{"line":11,"column":7},"end":{"line":11,"column":null}},"4":{"start":{"line":11,"column":13},"end":{"line":11,"column":28}},"5":{"start":{"line":11,"column":13},"end":{"line":11,"column":null}}},"fnMap":{},"branchMap":{},"s":{"0":0,"1":0,"2":0,"3":0,"4":0,"5":0},"f":{},"b":{}}
,"C:\\Users\\50370\\Documents\\GitHub\\kio-health\\apps\\api\\src\\access-log\\access-log.service.ts": {"path":"C:\\Users\\50370\\Documents\\GitHub\\kio-health\\apps\\api\\src\\access-log\\access-log.service.ts","statementMap":{"0":{"start":{"line":1,"column":0},"end":{"line":1,"column":44}},"1":{"start":{"line":2,"column":0},"end":{"line":2,"column":57}},"2":{"start":{"line":5,"column":7},"end":{"line":38,"column":null}},"3":{"start":{"line":6,"column":31},"end":{"line":6,"column":39}},"4":{"start":{"line":17,"column":4},"end":{"line":36,"column":5}},"5":{"start":{"line":18,"column":6},"end":{"line":28,"column":9}},"6":{"start":{"line":31,"column":6},"end":{"line":34,"column":8}},"7":{"start":{"line":35,"column":6},"end":{"line":35,"column":18}},"8":{"start":{"line":5,"column":13},"end":{"line":5,"column":29}},"9":{"start":{"line":5,"column":13},"end":{"line":38,"column":null}}},"fnMap":{"0":{"name":"(anonymous_2)","decl":{"start":{"line":6,"column":2},"end":{"line":6,"column":31}},"loc":{"start":{"line":6,"column":52},"end":{"line":6,"column":56}}},"1":{"name":"(anonymous_3)","decl":{"start":{"line":8,"column":2},"end":{"line":8,"column":7}},"loc":{"start":{"line":15,"column":22},"end":{"line":37,"column":3}}}},"branchMap":{"0":{"loc":{"start":{"line":6,"column":39},"end":{"line":6,"column":55}},"type":"cond-expr","locations":[{"start":{"line":6,"column":52},"end":{"line":6,"column":55}},{"start":{"line":6,"column":52},"end":{"line":6,"column":55}}]},"1":{"loc":{"start":{"line":6,"column":39},"end":{"line":6,"column":52}},"type":"binary-expr","locations":[{"start":{"line":6,"column":39},"end":{"line":6,"column":55}},{"start":{"line":6,"column":39},"end":{"line":6,"column":52}}]}},"s":{"0":0,"1":0,"2":0,"3":0,"4":0,"5":0,"6":0,"7":0,"8":0,"9":0},"f":{"0":0,"1":0},"b":{"0":[0,0],"1":[0,0]}}
,"C:\\Users\\50370\\Documents\\GitHub\\kio-health\\apps\\api\\src\\appointments\\appointments.controller.ts": {"path":"C:\\Users\\50370\\Documents\\GitHub\\kio-health\\apps\\api\\src\\appointments\\appointments.controller.ts","statementMap":{"0":{"start":{"line":1,"column":0},"end":{"line":1,"column":null}},"1":{"start":{"line":15,"column":0},"end":{"line":15,"column":61}},"2":{"start":{"line":16,"column":0},"end":{"line":16,"column":61}},"3":{"start":{"line":17,"column":0},"end":{"line":17,"column":82}},"4":{"start":{"line":18,"column":0},"end":{"line":18,"column":68}},"5":{"start":{"line":19,"column":0},"end":{"line":19,"column":65}},"6":{"start":{"line":20,"column":0},"end":{"line":20,"column":66}},"7":{"start":{"line":21,"column":0},"end":{"line":21,"column":68}},"8":{"start":{"line":22,"column":0},"end":{"line":22,"column":76}},"9":{"start":{"line":23,"column":0},"end":{"line":23,"column":60}},"10":{"start":{"line":24,"column":0},"end":{"line":24,"column":65}},"11":{"start":{"line":25,"column":0},"end":{"line":25,"column":72}},"12":{"start":{"line":26,"column":0},"end":{"line":26,"column":68}},"13":{"start":{"line":27,"column":0},"end":{"line":27,"column":63}},"14":{"start":{"line":28,"column":0},"end":{"line":28,"column":73}},"15":{"start":{"line":29,"column":0},"end":{"line":29,"column":87}},"16":{"start":{"line":33,"column":7},"end":{"line":334,"column":null}},"17":{"start":{"line":35,"column":21},"end":{"line":35,"column":42}},"18":{"start":{"line":36,"column":21},"end":{"line":36,"column":39}},"19":{"start":{"line":44,"column":4},"end":{"line":44,"column":61}},"20":{"start":{"line":54,"column":4},"end":{"line":54,"column":80}},"21":{"start":{"line":62,"column":4},"end":{"line":67,"column":6}},"22":{"start":{"line":72,"column":4},"end":{"line":72,"column":67}},"23":{"start":{"line":80,"column":4},"end":{"line":84,"column":6}},"24":{"start":{"line":89,"column":4},"end":{"line":89,"column":65}},"25":{"start":{"line":94,"column":4},"end":{"line":94,"column":70}},"26":{"start":{"line":104,"column":19},"end":{"line":106,"column":null}},"27":{"start":{"line":110,"column":4},"end":{"line":118,"column":6}},"28":{"start":{"line":120,"column":4},"end":{"line":120,"column":18}},"29":{"start":{"line":132,"column":34},"end":{"line":135,"column":null}},"30":{"start":{"line":139,"column":4},"end":{"line":147,"column":6}},"31":{"start":{"line":149,"column":4},"end":{"line":153,"column":7}},"32":{"start":{"line":155,"column":4},"end":{"line":155,"column":20}},"33":{"start":{"line":165,"column":4},"end":{"line":169,"column":6}},"34":{"start":{"line":178,"column":4},"end":{"line":178,"column":77}},"35":{"start":{"line":187,"column":4},"end":{"line":190,"column":6}},"36":{"start":{"line":199,"column":4},"end":{"line":199,"column":75}},"37":{"start":{"line":209,"column":19},"end":{"line":211,"column":null}},"38":{"start":{"line":215,"column":4},"end":{"line":223,"column":6}},"39":{"start":{"line":225,"column":4},"end":{"line":225,"column":18}},"40":{"start":{"line":236,"column":19},"end":{"line":239,"column":null}},"41":{"start":{"line":243,"column":4},"end":{"line":251,"column":6}},"42":{"start":{"line":253,"column":4},"end":{"line":253,"column":18}},"43":{"start":{"line":263,"column":4},"end":{"line":267,"column":6}},"44":{"start":{"line":277,"column":4},"end":{"line":281,"column":6}},"45":{"start":{"line":291,"column":4},"end":{"line":295,"column":6}},"46":{"start":{"line":304,"column":4},"end":{"line":304,"column":74}},"47":{"start":{"line":314,"column":4},"end":{"line":318,"column":6}},"48":{"start":{"line":328,"column":4},"end":{"line":332,"column":6}},"49":{"start":{"line":33,"column":13},"end":{"line":33,"column":35}},"50":{"start":{"line":40,"column":8},"end":{"line":45,"column":null}},"51":{"start":{"line":49,"column":8},"end":{"line":55,"column":null}},"52":{"start":{"line":58,"column":8},"end":{"line":68,"column":null}},"53":{"start":{"line":71,"column":8},"end":{"line":73,"column":null}},"54":{"start":{"line":76,"column":8},"end":{"line":85,"column":null}},"55":{"start":{"line":88,"column":8},"end":{"line":90,"column":null}},"56":{"start":{"line":93,"column":8},"end":{"line":95,"column":null}},"57":{"start":{"line":99,"column":8},"end":{"line":121,"column":null}},"58":{"start":{"line":125,"column":8},"end":{"line":156,"column":null}},"59":{"start":{"line":160,"column":8},"end":{"line":170,"column":null}},"60":{"start":{"line":174,"column":8},"end":{"line":179,"column":null}},"61":{"start":{"line":183,"column":8},"end":{"line":191,"column":null}},"62":{"start":{"line":195,"column":8},"end":{"line":200,"column":null}},"63":{"start":{"line":204,"column":8},"end":{"line":226,"column":null}},"64":{"start":{"line":230,"column":8},"end":{"line":254,"column":null}},"65":{"start":{"line":258,"column":8},"end":{"line":268,"column":null}},"66":{"start":{"line":272,"column":8},"end":{"line":282,"column":null}},"67":{"start":{"line":286,"column":8},"end":{"line":296,"column":null}},"68":{"start":{"line":300,"column":8},"end":{"line":305,"column":null}},"69":{"start":{"line":309,"column":8},"end":{"line":319,"column":null}},"70":{"start":{"line":323,"column":8},"end":{"line":333,"column":null}},"71":{"start":{"line":33,"column":13},"end":{"line":334,"column":null}}},"fnMap":{"0":{"name":"(anonymous_4)","decl":{"start":{"line":34,"column":2},"end":{"line":34,"column":null}},"loc":{"start":{"line":36,"column":55},"end":{"line":37,"column":6}}},"1":{"name":"(anonymous_5)","decl":{"start":{"line":40,"column":8},"end":{"line":40,"column":14}},"loc":{"start":{"line":42,"column":37},"end":{"line":45,"column":3}}},"2":{"name":"(anonymous_6)","decl":{"start":{"line":49,"column":8},"end":{"line":49,"column":18}},"loc":{"start":{"line":52,"column":41},"end":{"line":55,"column":3}}},"3":{"name":"(anonymous_7)","decl":{"start":{"line":58,"column":8},"end":{"line":58,"column":18}},"loc":{"start":{"line":60,"column":40},"end":{"line":68,"column":3}}},"4":{"name":"(anonymous_8)","decl":{"start":{"line":71,"column":8},"end":{"line":71,"column":25}},"loc":{"start":{"line":71,"column":65},"end":{"line":73,"column":3}}},"5":{"name":"(anonymous_9)","decl":{"start":{"line":76,"column":8},"end":{"line":76,"column":21}},"loc":{"start":{"line":78,"column":38},"end":{"line":85,"column":3}}},"6":{"name":"(anonymous_10)","decl":{"start":{"line":88,"column":8},"end":{"line":88,"column":23}},"loc":{"start":{"line":88,"column":63},"end":{"line":90,"column":3}}},"7":{"name":"(anonymous_11)","decl":{"start":{"line":93,"column":8},"end":{"line":93,"column":28}},"loc":{"start":{"line":93,"column":68},"end":{"line":95,"column":3}}},"8":{"name":"(anonymous_12)","decl":{"start":{"line":99,"column":8},"end":{"line":99,"column":25}},"loc":{"start":{"line":102,"column":19},"end":{"line":121,"column":3}}},"9":{"name":"(anonymous_13)","decl":{"start":{"line":125,"column":8},"end":{"line":125,"column":17}},"loc":{"start":{"line":130,"column":19},"end":{"line":156,"column":3}}},"10":{"name":"(anonymous_14)","decl":{"start":{"line":160,"column":8},"end":{"line":160,"column":24}},"loc":{"start":{"line":163,"column":36},"end":{"line":170,"column":3}}},"11":{"name":"(anonymous_15)","decl":{"start":{"line":174,"column":8},"end":{"line":174,"column":20}},"loc":{"start":{"line":176,"column":53},"end":{"line":179,"column":3}}},"12":{"name":"(anonymous_16)","decl":{"start":{"line":183,"column":8},"end":{"line":183,"column":25}},"loc":{"start":{"line":185,"column":53},"end":{"line":191,"column":3}}},"13":{"name":"(anonymous_17)","decl":{"start":{"line":195,"column":8},"end":{"line":195,"column":18}},"loc":{"start":{"line":197,"column":53},"end":{"line":200,"column":3}}},"14":{"name":"(anonymous_18)","decl":{"start":{"line":204,"column":8},"end":{"line":204,"column":20}},"loc":{"start":{"line":207,"column":19},"end":{"line":226,"column":3}}},"15":{"name":"(anonymous_19)","decl":{"start":{"line":230,"column":8},"end":{"line":230,"column":23}},"loc":{"start":{"line":234,"column":19},"end":{"line":254,"column":3}}},"16":{"name":"(anonymous_20)","decl":{"start":{"line":258,"column":8},"end":{"line":258,"column":27}},"loc":{"start":{"line":261,"column":39},"end":{"line":268,"column":3}}},"17":{"name":"(anonymous_21)","decl":{"start":{"line":272,"column":8},"end":{"line":272,"column":22}},"loc":{"start":{"line":275,"column":34},"end":{"line":282,"column":3}}},"18":{"name":"(anonymous_22)","decl":{"start":{"line":286,"column":8},"end":{"line":286,"column":27}},"loc":{"start":{"line":289,"column":39},"end":{"line":296,"column":3}}},"19":{"name":"(anonymous_23)","decl":{"start":{"line":300,"column":8},"end":{"line":300,"column":17}},"loc":{"start":{"line":302,"column":53},"end":{"line":305,"column":3}}},"20":{"name":"(anonymous_24)","decl":{"start":{"line":309,"column":8},"end":{"line":309,"column":19}},"loc":{"start":{"line":312,"column":32},"end":{"line":319,"column":3}}},"21":{"name":"(anonymous_25)","decl":{"start":{"line":323,"column":8},"end":{"line":323,"column":21}},"loc":{"start":{"line":326,"column":33},"end":{"line":333,"column":3}}}},"branchMap":{"0":{"loc":{"start":{"line":218,"column":19},"end":{"line":218,"column":42}},"type":"binary-expr","locations":[{"start":{"line":218,"column":19},"end":{"line":218,"column":29}},{"start":{"line":218,"column":33},"end":{"line":218,"column":42}}]},"1":{"loc":{"start":{"line":42,"column":17},"end":{"line":42,"column":null}},"type":"cond-expr","locations":[{"start":{"line":42,"column":37},"end":{"line":42,"column":null}},{"start":{"line":42,"column":37},"end":{"line":42,"column":null}}]},"2":{"loc":{"start":{"line":42,"column":17},"end":{"line":42,"column":37}},"type":"binary-expr","locations":[{"start":{"line":42,"column":17},"end":{"line":42,"column":null}},{"start":{"line":42,"column":17},"end":{"line":42,"column":37}}]},"3":{"loc":{"start":{"line":52,"column":17},"end":{"line":52,"column":null}},"type":"cond-expr","locations":[{"start":{"line":52,"column":41},"end":{"line":52,"column":null}},{"start":{"line":52,"column":41},"end":{"line":52,"column":null}}]},"4":{"loc":{"start":{"line":52,"column":17},"end":{"line":52,"column":41}},"type":"binary-expr","locations":[{"start":{"line":52,"column":17},"end":{"line":52,"column":null}},{"start":{"line":52,"column":17},"end":{"line":52,"column":41}}]},"5":{"loc":{"start":{"line":60,"column":20},"end":{"line":60,"column":null}},"type":"cond-expr","locations":[{"start":{"line":60,"column":40},"end":{"line":60,"column":null}},{"start":{"line":60,"column":40},"end":{"line":60,"column":null}}]},"6":{"loc":{"start":{"line":60,"column":20},"end":{"line":60,"column":40}},"type":"binary-expr","locations":[{"start":{"line":60,"column":20},"end":{"line":60,"column":null}},{"start":{"line":60,"column":20},"end":{"line":60,"column":40}}]},"7":{"loc":{"start":{"line":78,"column":20},"end":{"line":78,"column":null}},"type":"cond-expr","locations":[{"start":{"line":78,"column":38},"end":{"line":78,"column":null}},{"start":{"line":78,"column":38},"end":{"line":78,"column":null}}]},"8":{"loc":{"start":{"line":78,"column":20},"end":{"line":78,"column":38}},"type":"binary-expr","locations":[{"start":{"line":78,"column":20},"end":{"line":78,"column":null}},{"start":{"line":78,"column":20},"end":{"line":78,"column":38}}]},"9":{"loc":{"start":{"line":163,"column":17},"end":{"line":163,"column":null}},"type":"cond-expr","locations":[{"start":{"line":163,"column":36},"end":{"line":163,"column":null}},{"start":{"line":163,"column":36},"end":{"line":163,"column":null}}]},"10":{"loc":{"start":{"line":163,"column":17},"end":{"line":163,"column":36}},"type":"binary-expr","locations":[{"start":{"line":163,"column":17},"end":{"line":163,"column":null}},{"start":{"line":163,"column":17},"end":{"line":163,"column":36}}]},"11":{"loc":{"start":{"line":233,"column":17},"end":{"line":233,"column":null}},"type":"cond-expr","locations":[{"start":{"line":233,"column":35},"end":{"line":233,"column":null}},{"start":{"line":233,"column":35},"end":{"line":233,"column":null}}]},"12":{"loc":{"start":{"line":233,"column":17},"end":{"line":233,"column":35}},"type":"binary-expr","locations":[{"start":{"line":233,"column":17},"end":{"line":233,"column":null}},{"start":{"line":233,"column":17},"end":{"line":233,"column":35}}]},"13":{"loc":{"start":{"line":261,"column":17},"end":{"line":261,"column":null}},"type":"cond-expr","locations":[{"start":{"line":261,"column":39},"end":{"line":261,"column":null}},{"start":{"line":261,"column":39},"end":{"line":261,"column":null}}]},"14":{"loc":{"start":{"line":261,"column":17},"end":{"line":261,"column":39}},"type":"binary-expr","locations":[{"start":{"line":261,"column":17},"end":{"line":261,"column":null}},{"start":{"line":261,"column":17},"end":{"line":261,"column":39}}]},"15":{"loc":{"start":{"line":275,"column":17},"end":{"line":275,"column":null}},"type":"cond-expr","locations":[{"start":{"line":275,"column":34},"end":{"line":275,"column":null}},{"start":{"line":275,"column":34},"end":{"line":275,"column":null}}]},"16":{"loc":{"start":{"line":275,"column":17},"end":{"line":275,"column":34}},"type":"binary-expr","locations":[{"start":{"line":275,"column":17},"end":{"line":275,"column":null}},{"start":{"line":275,"column":17},"end":{"line":275,"column":34}}]},"17":{"loc":{"start":{"line":289,"column":17},"end":{"line":289,"column":null}},"type":"cond-expr","locations":[{"start":{"line":289,"column":39},"end":{"line":289,"column":null}},{"start":{"line":289,"column":39},"end":{"line":289,"column":null}}]},"18":{"loc":{"start":{"line":289,"column":17},"end":{"line":289,"column":39}},"type":"binary-expr","locations":[{"start":{"line":289,"column":17},"end":{"line":289,"column":null}},{"start":{"line":289,"column":17},"end":{"line":289,"column":39}}]},"19":{"loc":{"start":{"line":326,"column":17},"end":{"line":326,"column":null}},"type":"cond-expr","locations":[{"start":{"line":326,"column":33},"end":{"line":326,"column":null}},{"start":{"line":326,"column":33},"end":{"line":326,"column":null}}]},"20":{"loc":{"start":{"line":326,"column":17},"end":{"line":326,"column":33}},"type":"binary-expr","locations":[{"start":{"line":326,"column":17},"end":{"line":326,"column":null}},{"start":{"line":326,"column":17},"end":{"line":326,"column":33}}]},"21":{"loc":{"start":{"line":35,"column":42},"end":{"line":35,"column":null}},"type":"cond-expr","locations":[{"start":{"line":35,"column":61},"end":{"line":35,"column":null}},{"start":{"line":35,"column":61},"end":{"line":35,"column":null}}]},"22":{"loc":{"start":{"line":35,"column":42},"end":{"line":35,"column":61}},"type":"binary-expr","locations":[{"start":{"line":35,"column":42},"end":{"line":35,"column":null}},{"start":{"line":35,"column":42},"end":{"line":35,"column":61}}]},"23":{"loc":{"start":{"line":35,"column":61},"end":{"line":36,"column":null}},"type":"cond-expr","locations":[{"start":{"line":36,"column":55},"end":{"line":36,"column":null}},{"start":{"line":36,"column":55},"end":{"line":36,"column":null}}]},"24":{"loc":{"start":{"line":35,"column":61},"end":{"line":36,"column":55}},"type":"binary-expr","locations":[{"start":{"line":35,"column":61},"end":{"line":36,"column":null}},{"start":{"line":36,"column":39},"end":{"line":36,"column":55}}]}},"s":{"0":0,"1":0,"2":0,"3":0,"4":0,"5":0,"6":0,"7":0,"8":0,"9":0,"10":0,"11":0,"12":0,"13":0,"14":0,"15":0,"16":0,"17":0,"18":0,"19":0,"20":0,"21":0,"22":0,"23":0,"24":0,"25":0,"26":0,"27":0,"28":0,"29":0,"30":0,"31":0,"32":0,"33":0,"34":0,"35":0,"36":0,"37":0,"38":0,"39":0,"40":0,"41":0,"42":0,"43":0,"44":0,"45":0,"46":0,"47":0,"48":0,"49":0,"50":0,"51":0,"52":0,"53":0,"54":0,"55":0,"56":0,"57":0,"58":0,"59":0,"60":0,"61":0,"62":0,"63":0,"64":0,"65":0,"66":0,"67":0,"68":0,"69":0,"70":0,"71":0},"f":{"0":0,"1":0,"2":0,"3":0,"4":0,"5":0,"6":0,"7":0,"8":0,"9":0,"10":0,"11":0,"12":0,"13":0,"14":0,"15":0,"16":0,"17":0,"18":0,"19":0,"20":0,"21":0},"b":{"0":[0,0],"1":[0,0],"2":[0,0],"3":[0,0],"4":[0,0],"5":[0,0],"6":[0,0],"7":[0,0],"8":[0,0],"9":[0,0],"10":[0,0],"11":[0,0],"12":[0,0],"13":[0,0],"14":[0,0],"15":[0,0],"16":[0,0],"17":[0,0],"18":[0,0],"19":[0,0],"20":[0,0],"21":[0,0],"22":[0,0],"23":[0,0],"24":[0,0]}}
,"C:\\Users\\50370\\Documents\\GitHub\\kio-health\\apps\\api\\src\\appointments\\appointments.module.ts": {"path":"C:\\Users\\50370\\Documents\\GitHub\\kio-health\\apps\\api\\src\\appointments\\appointments.module.ts","statementMap":{"0":{"start":{"line":1,"column":0},"end":{"line":1,"column":40}},"1":{"start":{"line":2,"column":0},"end":{"line":2,"column":67}},"2":{"start":{"line":3,"column":0},"end":{"line":3,"column":61}},"3":{"start":{"line":4,"column":0},"end":{"line":4,"column":55}},"4":{"start":{"line":5,"column":0},"end":{"line":5,"column":55}},"5":{"start":{"line":6,"column":0},"end":{"line":6,"column":73}},"6":{"start":{"line":14,"column":7},"end":{"line":14,"column":null}},"7":{"start":{"line":14,"column":13},"end":{"line":14,"column":31}},"8":{"start":{"line":14,"column":13},"end":{"line":14,"column":null}}},"fnMap":{},"branchMap":{},"s":{"0":0,"1":0,"2":0,"3":0,"4":0,"5":0,"6":0,"7":0,"8":0},"f":{},"b":{}}
,"C:\\Users\\50370\\Documents\\GitHub\\kio-health\\apps\\api\\src\\appointments\\appointments.service.ts": {"path":"C:\\Users\\50370\\Documents\\GitHub\\kio-health\\apps\\api\\src\\appointments\\appointments.service.ts","statementMap":{"0":{"start":{"line":1,"column":0},"end":{"line":1,"column":null}},"1":{"start":{"line":8,"column":0},"end":{"line":8,"column":57}},"2":{"start":{"line":13,"column":0},"end":{"line":13,"column":null}},"3":{"start":{"line":20,"column":0},"end":{"line":20,"column":62}},"4":{"start":{"line":21,"column":0},"end":{"line":21,"column":62}},"5":{"start":{"line":22,"column":0},"end":{"line":22,"column":57}},"6":{"start":{"line":23,"column":0},"end":{"line":23,"column":80}},"7":{"start":{"line":25,"column":0},"end":{"line":25,"column":54}},"8":{"start":{"line":27,"column":0},"end":{"line":27,"column":52}},"9":{"start":{"line":30,"column":7},"end":{"line":1034,"column":null}},"10":{"start":{"line":32,"column":21},"end":{"line":32,"column":29}},"11":{"start":{"line":33,"column":21},"end":{"line":33,"column":36}},"12":{"start":{"line":34,"column":21},"end":{"line":34,"column":35}},"13":{"start":{"line":35,"column":21},"end":{"line":35,"column":40}},"14":{"start":{"line":36,"column":21},"end":{"line":36,"column":44}},"15":{"start":{"line":40,"column":23},"end":{"line":40,"column":37}},"16":{"start":{"line":41,"column":18},"end":{"line":41,"column":42}},"17":{"start":{"line":42,"column":16},"end":{"line":42,"column":38}},"18":{"start":{"line":44,"column":25},"end":{"line":51,"column":6}},"19":{"start":{"line":53,"column":44},"end":{"line":53,"column":46}},"20":{"start":{"line":55,"column":4},"end":{"line":58,"column":7}},"21":{"start":{"line":56,"column":18},"end":{"line":56,"column":59}},"22":{"start":{"line":57,"column":6},"end":{"line":57,"column":45}},"23":{"start":{"line":60,"column":4},"end":{"line":60,"column":77}},"24":{"start":{"line":60,"column":59},"end":{"line":60,"column":74}},"25":{"start":{"line":76,"column":4},"end":{"line":89,"column":5}},"26":{"start":{"line":77,"column":6},"end":{"line":77,"column":36}},"27":{"start":{"line":78,"column":6},"end":{"line":78,"column":40}},"28":{"start":{"line":79,"column":6},"end":{"line":79,"column":32}},"29":{"start":{"line":80,"column":6},"end":{"line":80,"column":51}},"30":{"start":{"line":81,"column":6},"end":{"line":81,"column":43}},"31":{"start":{"line":83,"column":25},"end":{"line":83,"column":71}},"32":{"start":{"line":84,"column":6},"end":{"line":84,"column":42}},"33":{"start":{"line":85,"column":6},"end":{"line":85,"column":40}},"34":{"start":{"line":86,"column":6},"end":{"line":86,"column":40}},"35":{"start":{"line":87,"column":6},"end":{"line":87,"column":51}},"36":{"start":{"line":88,"column":6},"end":{"line":88,"column":43}},"37":{"start":{"line":91,"column":20},"end":{"line":100,"column":6}},"38":{"start":{"line":102,"column":4},"end":{"line":102,"column":19}},"39":{"start":{"line":110,"column":31},"end":{"line":120,"column":6}},"40":{"start":{"line":123,"column":17},"end":{"line":123,"column":34}},"41":{"start":{"line":129,"column":9},"end":{"line":129,"column":11}},"42":{"start":{"line":131,"column":4},"end":{"line":141,"column":5}},"43":{"start":{"line":132,"column":6},"end":{"line":132,"column":44}},"44":{"start":{"line":132,"column":35},"end":{"line":132,"column":44}},"45":{"start":{"line":133,"column":6},"end":{"line":133,"column":30}},"46":{"start":{"line":134,"column":6},"end":{"line":139,"column":9}},"47":{"start":{"line":140,"column":6},"end":{"line":140,"column":44}},"48":{"start":{"line":140,"column":38},"end":{"line":140,"column":44}},"49":{"start":{"line":143,"column":4},"end":{"line":143,"column":26}},"50":{"start":{"line":151,"column":25},"end":{"line":151,"column":39}},"51":{"start":{"line":152,"column":4},"end":{"line":152,"column":38}},"52":{"start":{"line":153,"column":23},"end":{"line":153,"column":35}},"53":{"start":{"line":154,"column":4},"end":{"line":154,"column":41}},"54":{"start":{"line":156,"column":25},"end":{"line":164,"column":6}},"55":{"start":{"line":177,"column":8},"end":{"line":177,"column":10}},"56":{"start":{"line":179,"column":4},"end":{"line":196,"column":5}},"57":{"start":{"line":180,"column":21},"end":{"line":180,"column":62}},"58":{"start":{"line":182,"column":6},"end":{"line":184,"column":7}},"59":{"start":{"line":183,"column":8},"end":{"line":183,"column":57}},"60":{"start":{"line":186,"column":6},"end":{"line":186,"column":30}},"61":{"start":{"line":188,"column":25},"end":{"line":188,"column":72}},"62":{"start":{"line":189,"column":30},"end":{"line":189,"column":60}},"63":{"start":{"line":191,"column":6},"end":{"line":195,"column":9}},"64":{"start":{"line":198,"column":4},"end":{"line":198,"column":19}},"65":{"start":{"line":207,"column":24},"end":{"line":225,"column":6}},"66":{"start":{"line":227,"column":4},"end":{"line":227,"column":34}},"67":{"start":{"line":227,"column":22},"end":{"line":227,"column":34}},"68":{"start":{"line":230,"column":29},"end":{"line":238,"column":6}},"69":{"start":{"line":241,"column":30},"end":{"line":247,"column":6}},"70":{"start":{"line":249,"column":4},"end":{"line":253,"column":6}},"71":{"start":{"line":261,"column":18},"end":{"line":267,"column":6}},"72":{"start":{"line":269,"column":4},"end":{"line":269,"column":21}},"73":{"start":{"line":281,"column":24},"end":{"line":283,"column":null}},"74":{"start":{"line":287,"column":20},"end":{"line":289,"column":6}},"75":{"start":{"line":291,"column":4},"end":{"line":293,"column":5}},"76":{"start":{"line":292,"column":6},"end":{"line":292,"column":60}},"77":{"start":{"line":296,"column":22},"end":{"line":304,"column":6}},"78":{"start":{"line":306,"column":26},"end":{"line":313,"column":6}},"79":{"start":{"line":315,"column":26},"end":{"line":317,"column":6}},"80":{"start":{"line":319,"column":21},"end":{"line":321,"column":6}},"81":{"start":{"line":323,"column":27},"end":{"line":326,"column":6}},"82":{"start":{"line":328,"column":4},"end":{"line":350,"column":6}},"83":{"start":{"line":360,"column":24},"end":{"line":362,"column":null}},"84":{"start":{"line":365,"column":17},"end":{"line":367,"column":6}},"85":{"start":{"line":369,"column":4},"end":{"line":369,"column":27}},"86":{"start":{"line":369,"column":15},"end":{"line":369,"column":27}},"87":{"start":{"line":372,"column":4},"end":{"line":375,"column":5}},"88":{"start":{"line":373,"column":34},"end":{"line":373,"column":78}},"89":{"start":{"line":374,"column":6},"end":{"line":374,"column":53}},"90":{"start":{"line":378,"column":4},"end":{"line":381,"column":5}},"91":{"start":{"line":379,"column":24},"end":{"line":379,"column":73}},"92":{"start":{"line":380,"column":6},"end":{"line":380,"column":50}},"93":{"start":{"line":383,"column":4},"end":{"line":383,"column":16}},"94":{"start":{"line":395,"column":24},"end":{"line":397,"column":null}},"95":{"start":{"line":401,"column":16},"end":{"line":401,"column":26}},"96":{"start":{"line":402,"column":21},"end":{"line":402,"column":50}},"97":{"start":{"line":403,"column":4},"end":{"line":403,"column":48}},"98":{"start":{"line":405,"column":4},"end":{"line":414,"column":5}},"99":{"start":{"line":406,"column":23},"end":{"line":408,"column":8}},"100":{"start":{"line":409,"column":6},"end":{"line":413,"column":7}},"101":{"start":{"line":410,"column":8},"end":{"line":412,"column":10}},"102":{"start":{"line":417,"column":4},"end":{"line":417,"column":60}},"103":{"start":{"line":420,"column":23},"end":{"line":420,"column":50}},"104":{"start":{"line":421,"column":29},"end":{"line":421,"column":71}},"105":{"start":{"line":424,"column":47},"end":{"line":424,"column":51}},"106":{"start":{"line":425,"column":4},"end":{"line":427,"column":5}},"107":{"start":{"line":426,"column":6},"end":{"line":426,"column":79}},"108":{"start":{"line":430,"column":4},"end":{"line":461,"column":7}},"109":{"start":{"line":431,"column":27},"end":{"line":433,"column":8}},"110":{"start":{"line":435,"column":6},"end":{"line":460,"column":7}},"111":{"start":{"line":437,"column":8},"end":{"line":446,"column":11}},"112":{"start":{"line":449,"column":8},"end":{"line":459,"column":11}},"113":{"start":{"line":465,"column":4},"end":{"line":486,"column":5}},"114":{"start":{"line":466,"column":6},"end":{"line":470,"column":7}},"115":{"start":{"line":467,"column":8},"end":{"line":469,"column":10}},"116":{"start":{"line":472,"column":27},"end":{"line":472,"column":47}},"117":{"start":{"line":473,"column":6},"end":{"line":479,"column":7}},"118":{"start":{"line":474,"column":8},"end":{"line":478,"column":9}},"119":{"start":{"line":475,"column":10},"end":{"line":477,"column":12}},"120":{"start":{"line":480,"column":11},"end":{"line":486,"column":5}},"121":{"start":{"line":481,"column":6},"end":{"line":485,"column":7}},"122":{"start":{"line":482,"column":8},"end":{"line":484,"column":10}},"123":{"start":{"line":490,"column":24},"end":{"line":492,"column":null}},"124":{"start":{"line":495,"column":17},"end":{"line":497,"column":6}},"125":{"start":{"line":499,"column":4},"end":{"line":501,"column":5}},"126":{"start":{"line":500,"column":6},"end":{"line":500,"column":76}},"127":{"start":{"line":503,"column":4},"end":{"line":506,"column":7}},"128":{"start":{"line":514,"column":24},"end":{"line":521,"column":6}},"129":{"start":{"line":523,"column":4},"end":{"line":523,"column":72}},"130":{"start":{"line":523,"column":22},"end":{"line":523,"column":72}},"131":{"start":{"line":526,"column":4},"end":{"line":532,"column":5}},"132":{"start":{"line":527,"column":6},"end":{"line":529,"column":8}},"133":{"start":{"line":530,"column":11},"end":{"line":532,"column":5}},"134":{"start":{"line":531,"column":6},"end":{"line":531,"column":48}},"135":{"start":{"line":535,"column":4},"end":{"line":543,"column":5}},"136":{"start":{"line":539,"column":28},"end":{"line":540,"column":null}},"137":{"start":{"line":542,"column":6},"end":{"line":542,"column":64}},"138":{"start":{"line":545,"column":19},"end":{"line":547,"column":null}},"139":{"start":{"line":549,"column":4},"end":{"line":549,"column":56}},"140":{"start":{"line":557,"column":24},"end":{"line":559,"column":null}},"141":{"start":{"line":562,"column":4},"end":{"line":570,"column":7}},"142":{"start":{"line":578,"column":24},"end":{"line":580,"column":null}},"143":{"start":{"line":583,"column":4},"end":{"line":591,"column":7}},"144":{"start":{"line":599,"column":24},"end":{"line":601,"column":null}},"145":{"start":{"line":604,"column":27},"end":{"line":604,"column":67}},"146":{"start":{"line":605,"column":4},"end":{"line":609,"column":5}},"147":{"start":{"line":606,"column":6},"end":{"line":608,"column":8}},"148":{"start":{"line":611,"column":23},"end":{"line":611,"column":60}},"149":{"start":{"line":611,"column":51},"end":{"line":611,"column":56}},"150":{"start":{"line":612,"column":22},"end":{"line":612,"column":77}},"151":{"start":{"line":614,"column":4},"end":{"line":634,"column":7}},"152":{"start":{"line":641,"column":4},"end":{"line":653,"column":5}},"153":{"start":{"line":642,"column":6},"end":{"line":642,"column":52}},"154":{"start":{"line":642,"column":22},"end":{"line":642,"column":52}},"155":{"start":{"line":643,"column":6},"end":{"line":643,"column":49}},"156":{"start":{"line":643,"column":22},"end":{"line":643,"column":49}},"157":{"start":{"line":644,"column":6},"end":{"line":644,"column":54}},"158":{"start":{"line":644,"column":23},"end":{"line":644,"column":54}},"159":{"start":{"line":645,"column":6},"end":{"line":645,"column":63}},"160":{"start":{"line":645,"column":23},"end":{"line":645,"column":63}},"161":{"start":{"line":646,"column":6},"end":{"line":646,"column":35}},"162":{"start":{"line":649,"column":6},"end":{"line":649,"column":52}},"163":{"start":{"line":649,"column":22},"end":{"line":649,"column":52}},"164":{"start":{"line":650,"column":6},"end":{"line":650,"column":49}},"165":{"start":{"line":650,"column":22},"end":{"line":650,"column":49}},"166":{"start":{"line":651,"column":6},"end":{"line":651,"column":54}},"167":{"start":{"line":651,"column":23},"end":{"line":651,"column":54}},"168":{"start":{"line":652,"column":6},"end":{"line":652,"column":35}},"169":{"start":{"line":666,"column":20},"end":{"line":666,"column":67}},"170":{"start":{"line":667,"column":22},"end":{"line":667,"column":45}},"171":{"start":{"line":668,"column":28},"end":{"line":668,"column":74}},"172":{"start":{"line":669,"column":23},"end":{"line":669,"column":50}},"173":{"start":{"line":670,"column":20},"end":{"line":670,"column":62}},"174":{"start":{"line":673,"column":4},"end":{"line":673,"column":64}},"175":{"start":{"line":675,"column":24},"end":{"line":690,"column":6}},"176":{"start":{"line":692,"column":26},"end":{"line":695,"column":null}},"177":{"start":{"line":698,"column":4},"end":{"line":704,"column":5}},"178":{"start":{"line":699,"column":6},"end":{"line":702,"column":9}},"179":{"start":{"line":703,"column":6},"end":{"line":703,"column":48}},"180":{"start":{"line":706,"column":4},"end":{"line":706,"column":23}},"181":{"start":{"line":719,"column":24},"end":{"line":721,"column":null}},"182":{"start":{"line":725,"column":6},"end":{"line":725,"column":69}},"183":{"start":{"line":726,"column":26},"end":{"line":728,"column":26}},"184":{"start":{"line":730,"column":25},"end":{"line":730,"column":48}},"185":{"start":{"line":731,"column":23},"end":{"line":731,"column":71}},"186":{"start":{"line":734,"column":4},"end":{"line":739,"column":6}},"187":{"start":{"line":741,"column":20},"end":{"line":750,"column":6}},"188":{"start":{"line":752,"column":4},"end":{"line":756,"column":6}},"189":{"start":{"line":758,"column":4},"end":{"line":758,"column":19}},"190":{"start":{"line":771,"column":24},"end":{"line":778,"column":6}},"191":{"start":{"line":780,"column":4},"end":{"line":784,"column":5}},"192":{"start":{"line":781,"column":6},"end":{"line":783,"column":8}},"193":{"start":{"line":791,"column":24},"end":{"line":793,"column":null}},"194":{"start":{"line":796,"column":4},"end":{"line":800,"column":5}},"195":{"start":{"line":797,"column":6},"end":{"line":799,"column":8}},"196":{"start":{"line":802,"column":4},"end":{"line":806,"column":7}},"197":{"start":{"line":813,"column":24},"end":{"line":815,"column":null}},"198":{"start":{"line":818,"column":4},"end":{"line":822,"column":5}},"199":{"start":{"line":819,"column":6},"end":{"line":821,"column":8}},"200":{"start":{"line":824,"column":20},"end":{"line":828,"column":6}},"201":{"start":{"line":830,"column":4},"end":{"line":832,"column":5}},"202":{"start":{"line":831,"column":6},"end":{"line":831,"column":93}},"203":{"start":{"line":834,"column":4},"end":{"line":834,"column":19}},"204":{"start":{"line":841,"column":24},"end":{"line":843,"column":null}},"205":{"start":{"line":846,"column":4},"end":{"line":850,"column":5}},"206":{"start":{"line":847,"column":6},"end":{"line":849,"column":8}},"207":{"start":{"line":852,"column":4},"end":{"line":856,"column":7}},"208":{"start":{"line":863,"column":24},"end":{"line":865,"column":null}},"209":{"start":{"line":868,"column":4},"end":{"line":871,"column":7}},"210":{"start":{"line":883,"column":24},"end":{"line":885,"column":null}},"211":{"start":{"line":888,"column":19},"end":{"line":912,"column":6}},"212":{"start":{"line":890,"column":33},"end":{"line":901,"column":8}},"213":{"start":{"line":903,"column":6},"end":{"line":909,"column":7}},"214":{"start":{"line":906,"column":8},"end":{"line":908,"column":11}},"215":{"start":{"line":911,"column":6},"end":{"line":911,"column":32}},"216":{"start":{"line":914,"column":4},"end":{"line":916,"column":5}},"217":{"start":{"line":915,"column":6},"end":{"line":915,"column":74}},"218":{"start":{"line":918,"column":4},"end":{"line":918,"column":18}},"219":{"start":{"line":931,"column":24},"end":{"line":933,"column":null}},"220":{"start":{"line":936,"column":4},"end":{"line":995,"column":7}},"221":{"start":{"line":938,"column":33},"end":{"line":949,"column":8}},"222":{"start":{"line":952,"column":6},"end":{"line":960,"column":9}},"223":{"start":{"line":963,"column":28},"end":{"line":963,"column":32}},"224":{"start":{"line":965,"column":6},"end":{"line":992,"column":7}},"225":{"start":{"line":966,"column":26},"end":{"line":966,"column":59}},"226":{"start":{"line":967,"column":8},"end":{"line":972,"column":10}},"227":{"start":{"line":975,"column":10},"end":{"line":975,"column":73}},"228":{"start":{"line":976,"column":24},"end":{"line":976,"column":66}},"229":{"start":{"line":978,"column":8},"end":{"line":991,"column":11}},"230":{"start":{"line":994,"column":6},"end":{"line":994,"column":53}},"231":{"start":{"line":1001,"column":20},"end":{"line":1003,"column":6}},"232":{"start":{"line":1005,"column":4},"end":{"line":1007,"column":5}},"233":{"start":{"line":1006,"column":6},"end":{"line":1006,"column":69}},"234":{"start":{"line":1009,"column":4},"end":{"line":1009,"column":19}},"235":{"start":{"line":1016,"column":24},"end":{"line":1026,"column":6}},"236":{"start":{"line":1028,"column":4},"end":{"line":1030,"column":5}},"237":{"start":{"line":1029,"column":6},"end":{"line":1029,"column":75}},"238":{"start":{"line":1032,"column":4},"end":{"line":1032,"column":23}},"239":{"start":{"line":30,"column":13},"end":{"line":30,"column":32}},"240":{"start":{"line":30,"column":13},"end":{"line":1034,"column":null}}},"fnMap":{"0":{"name":"(anonymous_2)","decl":{"start":{"line":31,"column":2},"end":{"line":31,"column":null}},"loc":{"start":{"line":36,"column":65},"end":{"line":37,"column":6}}},"1":{"name":"(anonymous_3)","decl":{"start":{"line":39,"column":2},"end":{"line":39,"column":7}},"loc":{"start":{"line":39,"column":64},"end":{"line":61,"column":3}}},"2":{"name":"(anonymous_4)","decl":{"start":{"line":55,"column":25},"end":{"line":55,"column":26}},"loc":{"start":{"line":55,"column":33},"end":{"line":58,"column":5}}},"3":{"name":"(anonymous_5)","decl":{"start":{"line":60,"column":39},"end":{"line":60,"column":40}},"loc":{"start":{"line":60,"column":59},"end":{"line":60,"column":74}}},"4":{"name":"(anonymous_6)","decl":{"start":{"line":67,"column":2},"end":{"line":67,"column":7}},"loc":{"start":{"line":71,"column":15},"end":{"line":103,"column":3}}},"5":{"name":"(anonymous_7)","decl":{"start":{"line":109,"column":2},"end":{"line":109,"column":7}},"loc":{"start":{"line":109,"column":45},"end":{"line":144,"column":3}}},"6":{"name":"(anonymous_8)","decl":{"start":{"line":150,"column":2},"end":{"line":150,"column":7}},"loc":{"start":{"line":150,"column":67},"end":{"line":199,"column":3}}},"7":{"name":"(anonymous_9)","decl":{"start":{"line":206,"column":2},"end":{"line":206,"column":7}},"loc":{"start":{"line":206,"column":43},"end":{"line":254,"column":3}}},"8":{"name":"(anonymous_10)","decl":{"start":{"line":260,"column":2},"end":{"line":260,"column":7}},"loc":{"start":{"line":260,"column":48},"end":{"line":270,"column":3}}},"9":{"name":"(anonymous_11)","decl":{"start":{"line":280,"column":2},"end":{"line":280,"column":7}},"loc":{"start":{"line":280,"column":68},"end":{"line":351,"column":3}}},"10":{"name":"(anonymous_12)","decl":{"start":{"line":359,"column":2},"end":{"line":359,"column":7}},"loc":{"start":{"line":359,"column":63},"end":{"line":384,"column":3}}},"11":{"name":"(anonymous_13)","decl":{"start":{"line":390,"column":2},"end":{"line":390,"column":7}},"loc":{"start":{"line":393,"column":27},"end":{"line":462,"column":3}}},"12":{"name":"(anonymous_14)","decl":{"start":{"line":430,"column":36},"end":{"line":430,"column":41}},"loc":{"start":{"line":430,"column":49},"end":{"line":461,"column":5}}},"13":{"name":"(anonymous_15)","decl":{"start":{"line":464,"column":10},"end":{"line":464,"column":29}},"loc":{"start":{"line":464,"column":66},"end":{"line":487,"column":3}}},"14":{"name":"(anonymous_16)","decl":{"start":{"line":489,"column":2},"end":{"line":489,"column":7}},"loc":{"start":{"line":489,"column":60},"end":{"line":507,"column":3}}},"15":{"name":"(anonymous_17)","decl":{"start":{"line":509,"column":2},"end":{"line":509,"column":7}},"loc":{"start":{"line":512,"column":27},"end":{"line":550,"column":3}}},"16":{"name":"(anonymous_18)","decl":{"start":{"line":552,"column":2},"end":{"line":552,"column":7}},"loc":{"start":{"line":555,"column":31},"end":{"line":571,"column":3}}},"17":{"name":"(anonymous_19)","decl":{"start":{"line":573,"column":2},"end":{"line":573,"column":7}},"loc":{"start":{"line":576,"column":26},"end":{"line":592,"column":3}}},"18":{"name":"(anonymous_20)","decl":{"start":{"line":594,"column":2},"end":{"line":594,"column":7}},"loc":{"start":{"line":597,"column":31},"end":{"line":635,"column":3}}},"19":{"name":"(anonymous_21)","decl":{"start":{"line":611,"column":41},"end":{"line":611,"column":42}},"loc":{"start":{"line":611,"column":51},"end":{"line":611,"column":56}}},"20":{"name":"(anonymous_22)","decl":{"start":{"line":637,"column":10},"end":{"line":637,"column":33}},"loc":{"start":{"line":639,"column":17},"end":{"line":654,"column":3}}},"21":{"name":"(anonymous_23)","decl":{"start":{"line":665,"column":2},"end":{"line":665,"column":7}},"loc":{"start":{"line":665,"column":61},"end":{"line":707,"column":3}}},"22":{"name":"(anonymous_24)","decl":{"start":{"line":714,"column":2},"end":{"line":714,"column":7}},"loc":{"start":{"line":717,"column":33},"end":{"line":759,"column":3}}},"23":{"name":"(anonymous_25)","decl":{"start":{"line":765,"column":10},"end":{"line":765,"column":15}},"loc":{"start":{"line":769,"column":33},"end":{"line":785,"column":3}}},"24":{"name":"(anonymous_26)","decl":{"start":{"line":790,"column":2},"end":{"line":790,"column":7}},"loc":{"start":{"line":790,"column":63},"end":{"line":807,"column":3}}},"25":{"name":"(anonymous_27)","decl":{"start":{"line":812,"column":2},"end":{"line":812,"column":7}},"loc":{"start":{"line":812,"column":68},"end":{"line":835,"column":3}}},"26":{"name":"(anonymous_28)","decl":{"start":{"line":840,"column":2},"end":{"line":840,"column":7}},"loc":{"start":{"line":840,"column":61},"end":{"line":857,"column":3}}},"27":{"name":"(anonymous_29)","decl":{"start":{"line":862,"column":2},"end":{"line":862,"column":7}},"loc":{"start":{"line":862,"column":77},"end":{"line":872,"column":3}}},"28":{"name":"(anonymous_30)","decl":{"start":{"line":878,"column":2},"end":{"line":878,"column":7}},"loc":{"start":{"line":881,"column":25},"end":{"line":919,"column":3}}},"29":{"name":"(anonymous_31)","decl":{"start":{"line":888,"column":50},"end":{"line":888,"column":55}},"loc":{"start":{"line":888,"column":63},"end":{"line":912,"column":5}}},"30":{"name":"(anonymous_32)","decl":{"start":{"line":926,"column":2},"end":{"line":926,"column":7}},"loc":{"start":{"line":929,"column":28},"end":{"line":996,"column":3}}},"31":{"name":"(anonymous_33)","decl":{"start":{"line":936,"column":36},"end":{"line":936,"column":41}},"loc":{"start":{"line":936,"column":49},"end":{"line":995,"column":5}}},"32":{"name":"(anonymous_34)","decl":{"start":{"line":1000,"column":10},"end":{"line":1000,"column":15}},"loc":{"start":{"line":1000,"column":59},"end":{"line":1010,"column":3}}},"33":{"name":"(anonymous_35)","decl":{"start":{"line":1012,"column":10},"end":{"line":1012,"column":15}},"loc":{"start":{"line":1014,"column":23},"end":{"line":1033,"column":3}}}},"branchMap":{"0":{"loc":{"start":{"line":57,"column":22},"end":{"line":57,"column":39}},"type":"binary-expr","locations":[{"start":{"line":57,"column":22},"end":{"line":57,"column":34}},{"start":{"line":57,"column":38},"end":{"line":57,"column":39}}]},"1":{"loc":{"start":{"line":76,"column":4},"end":{"line":89,"column":5}},"type":"if","locations":[{"start":{"line":76,"column":4},"end":{"line":89,"column":5}},{"start":{"line":82,"column":11},"end":{"line":89,"column":5}}]},"2":{"loc":{"start":{"line":76,"column":8},"end":{"line":76,"column":18}},"type":"binary-expr","locations":[{"start":{"line":76,"column":8},"end":{"line":76,"column":12}},{"start":{"line":76,"column":16},"end":{"line":76,"column":18}}]},"3":{"loc":{"start":{"line":83,"column":25},"end":{"line":83,"column":71}},"type":"cond-expr","locations":[{"start":{"line":83,"column":38},"end":{"line":83,"column":58}},{"start":{"line":83,"column":61},"end":{"line":83,"column":71}}]},"4":{"loc":{"start":{"line":132,"column":6},"end":{"line":132,"column":44}},"type":"if","locations":[{"start":{"line":132,"column":6},"end":{"line":132,"column":44}},{"start":{},"end":{}}]},"5":{"loc":{"start":{"line":140,"column":6},"end":{"line":140,"column":44}},"type":"if","locations":[{"start":{"line":140,"column":6},"end":{"line":140,"column":44}},{"start":{},"end":{}}]},"6":{"loc":{"start":{"line":182,"column":6},"end":{"line":184,"column":7}},"type":"if","locations":[{"start":{"line":182,"column":6},"end":{"line":184,"column":7}},{"start":{},"end":{}}]},"7":{"loc":{"start":{"line":227,"column":4},"end":{"line":227,"column":34}},"type":"if","locations":[{"start":{"line":227,"column":4},"end":{"line":227,"column":34}},{"start":{},"end":{}}]},"8":{"loc":{"start":{"line":232,"column":17},"end":{"line":234,"column":14}},"type":"cond-expr","locations":[{"start":{"line":233,"column":10},"end":{"line":233,"column":71}},{"start":{"line":234,"column":10},"end":{"line":234,"column":14}}]},"9":{"loc":{"start":{"line":235,"column":23},"end":{"line":237,"column":14}},"type":"cond-expr","locations":[{"start":{"line":236,"column":10},"end":{"line":236,"column":77}},{"start":{"line":237,"column":10},"end":{"line":237,"column":14}}]},"10":{"loc":{"start":{"line":291,"column":4},"end":{"line":293,"column":5}},"type":"if","locations":[{"start":{"line":291,"column":4},"end":{"line":293,"column":5}},{"start":{},"end":{}}]},"11":{"loc":{"start":{"line":332,"column":19},"end":{"line":334,"column":16}},"type":"cond-expr","locations":[{"start":{"line":333,"column":12},"end":{"line":333,"column":61}},{"start":{"line":334,"column":12},"end":{"line":334,"column":16}}]},"12":{"loc":{"start":{"line":335,"column":25},"end":{"line":337,"column":16}},"type":"cond-expr","locations":[{"start":{"line":336,"column":12},"end":{"line":336,"column":67}},{"start":{"line":337,"column":12},"end":{"line":337,"column":16}}]},"13":{"loc":{"start":{"line":338,"column":22},"end":{"line":340,"column":16}},"type":"cond-expr","locations":[{"start":{"line":339,"column":12},"end":{"line":339,"column":64}},{"start":{"line":340,"column":12},"end":{"line":340,"column":16}}]},"14":{"loc":{"start":{"line":341,"column":26},"end":{"line":343,"column":16}},"type":"cond-expr","locations":[{"start":{"line":342,"column":12},"end":{"line":342,"column":80}},{"start":{"line":343,"column":12},"end":{"line":343,"column":16}}]},"15":{"loc":{"start":{"line":345,"column":17},"end":{"line":345,"column":45}},"type":"binary-expr","locations":[{"start":{"line":345,"column":17},"end":{"line":345,"column":37}},{"start":{"line":345,"column":41},"end":{"line":345,"column":45}}]},"16":{"loc":{"start":{"line":369,"column":4},"end":{"line":369,"column":27}},"type":"if","locations":[{"start":{"line":369,"column":4},"end":{"line":369,"column":27}},{"start":{},"end":{}}]},"17":{"loc":{"start":{"line":372,"column":4},"end":{"line":375,"column":5}},"type":"if","locations":[{"start":{"line":372,"column":4},"end":{"line":375,"column":5}},{"start":{},"end":{}}]},"18":{"loc":{"start":{"line":378,"column":4},"end":{"line":381,"column":5}},"type":"if","locations":[{"start":{"line":378,"column":4},"end":{"line":381,"column":5}},{"start":{},"end":{}}]},"19":{"loc":{"start":{"line":405,"column":4},"end":{"line":414,"column":5}},"type":"if","locations":[{"start":{"line":405,"column":4},"end":{"line":414,"column":5}},{"start":{},"end":{}}]},"20":{"loc":{"start":{"line":409,"column":6},"end":{"line":413,"column":7}},"type":"if","locations":[{"start":{"line":409,"column":6},"end":{"line":413,"column":7}},{"start":{},"end":{}}]},"21":{"loc":{"start":{"line":425,"column":4},"end":{"line":427,"column":5}},"type":"if","locations":[{"start":{"line":425,"column":4},"end":{"line":427,"column":5}},{"start":{},"end":{}}]},"22":{"loc":{"start":{"line":435,"column":6},"end":{"line":460,"column":7}},"type":"if","locations":[{"start":{"line":435,"column":6},"end":{"line":460,"column":7}},{"start":{"line":447,"column":13},"end":{"line":460,"column":7}}]},"23":{"loc":{"start":{"line":443,"column":26},"end":{"line":443,"column":76}},"type":"binary-expr","locations":[{"start":{"line":443,"column":26},"end":{"line":443,"column":47}},{"start":{"line":443,"column":51},"end":{"line":443,"column":76}}]},"24":{"loc":{"start":{"line":465,"column":4},"end":{"line":486,"column":5}},"type":"if","locations":[{"start":{"line":465,"column":4},"end":{"line":486,"column":5}},{"start":{"line":480,"column":11},"end":{"line":486,"column":5}}]},"25":{"loc":{"start":{"line":466,"column":6},"end":{"line":470,"column":7}},"type":"if","locations":[{"start":{"line":466,"column":6},"end":{"line":470,"column":7}},{"start":{},"end":{}}]},"26":{"loc":{"start":{"line":466,"column":10},"end":{"line":466,"column":49}},"type":"binary-expr","locations":[{"start":{"line":466,"column":10},"end":{"line":466,"column":18}},{"start":{"line":466,"column":22},"end":{"line":466,"column":49}}]},"27":{"loc":{"start":{"line":474,"column":8},"end":{"line":478,"column":9}},"type":"if","locations":[{"start":{"line":474,"column":8},"end":{"line":478,"column":9}},{"start":{},"end":{}}]},"28":{"loc":{"start":{"line":480,"column":11},"end":{"line":486,"column":5}},"type":"if","locations":[{"start":{"line":480,"column":11},"end":{"line":486,"column":5}},{"start":{},"end":{}}]},"29":{"loc":{"start":{"line":481,"column":6},"end":{"line":485,"column":7}},"type":"if","locations":[{"start":{"line":481,"column":6},"end":{"line":485,"column":7}},{"start":{},"end":{}}]},"30":{"loc":{"start":{"line":481,"column":10},"end":{"line":481,"column":42}},"type":"binary-expr","locations":[{"start":{"line":481,"column":10},"end":{"line":481,"column":18}},{"start":{"line":481,"column":22},"end":{"line":481,"column":42}}]},"31":{"loc":{"start":{"line":499,"column":4},"end":{"line":501,"column":5}},"type":"if","locations":[{"start":{"line":499,"column":4},"end":{"line":501,"column":5}},{"start":{},"end":{}}]},"32":{"loc":{"start":{"line":523,"column":4},"end":{"line":523,"column":72}},"type":"if","locations":[{"start":{"line":523,"column":4},"end":{"line":523,"column":72}},{"start":{},"end":{}}]},"33":{"loc":{"start":{"line":526,"column":4},"end":{"line":532,"column":5}},"type":"if","locations":[{"start":{"line":526,"column":4},"end":{"line":532,"column":5}},{"start":{"line":530,"column":11},"end":{"line":532,"column":5}}]},"34":{"loc":{"start":{"line":526,"column":8},"end":{"line":526,"column":61}},"type":"binary-expr","locations":[{"start":{"line":526,"column":8},"end":{"line":526,"column":22}},{"start":{"line":526,"column":26},"end":{"line":526,"column":61}}]},"35":{"loc":{"start":{"line":530,"column":11},"end":{"line":532,"column":5}},"type":"if","locations":[{"start":{"line":530,"column":11},"end":{"line":532,"column":5}},{"start":{},"end":{}}]},"36":{"loc":{"start":{"line":535,"column":4},"end":{"line":543,"column":5}},"type":"if","locations":[{"start":{"line":535,"column":4},"end":{"line":543,"column":5}},{"start":{},"end":{}}]},"37":{"loc":{"start":{"line":536,"column":6},"end":{"line":537,"column":55}},"type":"binary-expr","locations":[{"start":{"line":536,"column":6},"end":{"line":536,"column":27}},{"start":{"line":537,"column":6},"end":{"line":537,"column":55}}]},"38":{"loc":{"start":{"line":604,"column":27},"end":{"line":604,"column":67}},"type":"cond-expr","locations":[{"start":{"line":604,"column":62},"end":{"line":604,"column":63}},{"start":{"line":604,"column":66},"end":{"line":604,"column":67}}]},"39":{"loc":{"start":{"line":605,"column":4},"end":{"line":609,"column":5}},"type":"if","locations":[{"start":{"line":605,"column":4},"end":{"line":609,"column":5}},{"start":{},"end":{}}]},"40":{"loc":{"start":{"line":641,"column":4},"end":{"line":653,"column":5}},"type":"if","locations":[{"start":{"line":641,"column":4},"end":{"line":653,"column":5}},{"start":{"line":647,"column":11},"end":{"line":653,"column":5}}]},"41":{"loc":{"start":{"line":642,"column":6},"end":{"line":642,"column":52}},"type":"if","locations":[{"start":{"line":642,"column":6},"end":{"line":642,"column":52}},{"start":{},"end":{}}]},"42":{"loc":{"start":{"line":643,"column":6},"end":{"line":643,"column":49}},"type":"if","locations":[{"start":{"line":643,"column":6},"end":{"line":643,"column":49}},{"start":{},"end":{}}]},"43":{"loc":{"start":{"line":644,"column":6},"end":{"line":644,"column":54}},"type":"if","locations":[{"start":{"line":644,"column":6},"end":{"line":644,"column":54}},{"start":{},"end":{}}]},"44":{"loc":{"start":{"line":645,"column":6},"end":{"line":645,"column":63}},"type":"if","locations":[{"start":{"line":645,"column":6},"end":{"line":645,"column":63}},{"start":{},"end":{}}]},"45":{"loc":{"start":{"line":649,"column":6},"end":{"line":649,"column":52}},"type":"if","locations":[{"start":{"line":649,"column":6},"end":{"line":649,"column":52}},{"start":{},"end":{}}]},"46":{"loc":{"start":{"line":650,"column":6},"end":{"line":650,"column":49}},"type":"if","locations":[{"start":{"line":650,"column":6},"end":{"line":650,"column":49}},{"start":{},"end":{}}]},"47":{"loc":{"start":{"line":651,"column":6},"end":{"line":651,"column":54}},"type":"if","locations":[{"start":{"line":651,"column":6},"end":{"line":651,"column":54}},{"start":{},"end":{}}]},"48":{"loc":{"start":{"line":668,"column":28},"end":{"line":668,"column":74}},"type":"binary-expr","locations":[{"start":{"line":668,"column":28},"end":{"line":668,"column":40}},{"start":{"line":668,"column":44},"end":{"line":668,"column":74}}]},"49":{"loc":{"start":{"line":681,"column":14},"end":{"line":681,"column":40}},"type":"binary-expr","locations":[{"start":{"line":681,"column":14},"end":{"line":681,"column":22}},{"start":{"line":681,"column":26},"end":{"line":681,"column":40}}]},"50":{"loc":{"start":{"line":683,"column":15},"end":{"line":683,"column":55}},"type":"binary-expr","locations":[{"start":{"line":683,"column":15},"end":{"line":683,"column":24}},{"start":{"line":683,"column":28},"end":{"line":683,"column":55}}]},"51":{"loc":{"start":{"line":698,"column":4},"end":{"line":704,"column":5}},"type":"if","locations":[{"start":{"line":698,"column":4},"end":{"line":704,"column":5}},{"start":{},"end":{}}]},"52":{"loc":{"start":{"line":726,"column":26},"end":{"line":728,"column":26}},"type":"cond-expr","locations":[{"start":{"line":727,"column":8},"end":{"line":727,"column":32}},{"start":{"line":728,"column":8},"end":{"line":728,"column":26}}]},"53":{"loc":{"start":{"line":775,"column":12},"end":{"line":775,"column":76}},"type":"cond-expr","locations":[{"start":{"line":775,"column":35},"end":{"line":775,"column":64}},{"start":{"line":775,"column":67},"end":{"line":775,"column":76}}]},"54":{"loc":{"start":{"line":780,"column":4},"end":{"line":784,"column":5}},"type":"if","locations":[{"start":{"line":780,"column":4},"end":{"line":784,"column":5}},{"start":{},"end":{}}]},"55":{"loc":{"start":{"line":796,"column":4},"end":{"line":800,"column":5}},"type":"if","locations":[{"start":{"line":796,"column":4},"end":{"line":800,"column":5}},{"start":{},"end":{}}]},"56":{"loc":{"start":{"line":818,"column":4},"end":{"line":822,"column":5}},"type":"if","locations":[{"start":{"line":818,"column":4},"end":{"line":822,"column":5}},{"start":{},"end":{}}]},"57":{"loc":{"start":{"line":830,"column":4},"end":{"line":832,"column":5}},"type":"if","locations":[{"start":{"line":830,"column":4},"end":{"line":832,"column":5}},{"start":{},"end":{}}]},"58":{"loc":{"start":{"line":846,"column":4},"end":{"line":850,"column":5}},"type":"if","locations":[{"start":{"line":846,"column":4},"end":{"line":850,"column":5}},{"start":{},"end":{}}]},"59":{"loc":{"start":{"line":896,"column":17},"end":{"line":896,"column":66}},"type":"cond-expr","locations":[{"start":{"line":896,"column":44},"end":{"line":896,"column":54}},{"start":{"line":896,"column":57},"end":{"line":896,"column":66}}]},"60":{"loc":{"start":{"line":903,"column":6},"end":{"line":909,"column":7}},"type":"if","locations":[{"start":{"line":903,"column":6},"end":{"line":909,"column":7}},{"start":{},"end":{}}]},"61":{"loc":{"start":{"line":914,"column":4},"end":{"line":916,"column":5}},"type":"if","locations":[{"start":{"line":914,"column":4},"end":{"line":916,"column":5}},{"start":{},"end":{}}]},"62":{"loc":{"start":{"line":965,"column":6},"end":{"line":992,"column":7}},"type":"if","locations":[{"start":{"line":965,"column":6},"end":{"line":992,"column":7}},{"start":{},"end":{}}]},"63":{"loc":{"start":{"line":1005,"column":4},"end":{"line":1007,"column":5}},"type":"if","locations":[{"start":{"line":1005,"column":4},"end":{"line":1007,"column":5}},{"start":{},"end":{}}]},"64":{"loc":{"start":{"line":1028,"column":4},"end":{"line":1030,"column":5}},"type":"if","locations":[{"start":{"line":1028,"column":4},"end":{"line":1030,"column":5}},{"start":{},"end":{}}]},"65":{"loc":{"start":{"line":32,"column":29},"end":{"line":32,"column":null}},"type":"cond-expr","locations":[{"start":{"line":32,"column":42},"end":{"line":32,"column":null}},{"start":{"line":32,"column":42},"end":{"line":32,"column":null}}]},"66":{"loc":{"start":{"line":32,"column":29},"end":{"line":32,"column":42}},"type":"binary-expr","locations":[{"start":{"line":32,"column":29},"end":{"line":32,"column":null}},{"start":{"line":32,"column":29},"end":{"line":32,"column":42}}]},"67":{"loc":{"start":{"line":32,"column":42},"end":{"line":33,"column":null}},"type":"cond-expr","locations":[{"start":{"line":33,"column":49},"end":{"line":33,"column":null}},{"start":{"line":33,"column":49},"end":{"line":33,"column":null}}]},"68":{"loc":{"start":{"line":32,"column":42},"end":{"line":33,"column":49}},"type":"binary-expr","locations":[{"start":{"line":32,"column":42},"end":{"line":33,"column":null}},{"start":{"line":33,"column":36},"end":{"line":33,"column":49}}]},"69":{"loc":{"start":{"line":33,"column":49},"end":{"line":34,"column":null}},"type":"cond-expr","locations":[{"start":{"line":34,"column":48},"end":{"line":34,"column":null}},{"start":{"line":34,"column":48},"end":{"line":34,"column":null}}]},"70":{"loc":{"start":{"line":33,"column":49},"end":{"line":34,"column":48}},"type":"binary-expr","locations":[{"start":{"line":33,"column":49},"end":{"line":34,"column":null}},{"start":{"line":34,"column":35},"end":{"line":34,"column":48}}]},"71":{"loc":{"start":{"line":34,"column":48},"end":{"line":35,"column":null}},"type":"cond-expr","locations":[{"start":{"line":35,"column":57},"end":{"line":35,"column":null}},{"start":{"line":35,"column":57},"end":{"line":35,"column":null}}]},"72":{"loc":{"start":{"line":34,"column":48},"end":{"line":35,"column":57}},"type":"binary-expr","locations":[{"start":{"line":34,"column":48},"end":{"line":35,"column":null}},{"start":{"line":35,"column":40},"end":{"line":35,"column":57}}]},"73":{"loc":{"start":{"line":35,"column":57},"end":{"line":36,"column":null}},"type":"cond-expr","locations":[{"start":{"line":36,"column":65},"end":{"line":36,"column":null}},{"start":{"line":36,"column":65},"end":{"line":36,"column":null}}]},"74":{"loc":{"start":{"line":35,"column":57},"end":{"line":36,"column":65}},"type":"binary-expr","locations":[{"start":{"line":35,"column":57},"end":{"line":36,"column":null}},{"start":{"line":36,"column":44},"end":{"line":36,"column":65}}]}},"s":{"0":1,"1":1,"2":1,"3":1,"4":1,"5":1,"6":1,"7":1,"8":1,"9":1,"10":36,"11":36,"12":36,"13":36,"14":36,"15":0,"16":0,"17":0,"18":0,"19":0,"20":0,"21":0,"22":0,"23":0,"24":0,"25":0,"26":0,"27":0,"28":0,"29":0,"30":0,"31":0,"32":0,"33":0,"34":0,"35":0,"36":0,"37":0,"38":0,"39":0,"40":0,"41":0,"42":0,"43":0,"44":0,"45":0,"46":0,"47":0,"48":0,"49":0,"50":0,"51":0,"52":0,"53":0,"54":0,"55":0,"56":0,"57":0,"58":0,"59":0,"60":0,"61":0,"62":0,"63":0,"64":0,"65":0,"66":0,"67":0,"68":0,"69":0,"70":0,"71":0,"72":0,"73":0,"74":0,"75":0,"76":0,"77":0,"78":0,"79":0,"80":0,"81":0,"82":0,"83":0,"84":0,"85":0,"86":0,"87":0,"88":0,"89":0,"90":0,"91":0,"92":0,"93":0,"94":4,"95":4,"96":4,"97":4,"98":4,"99":1,"100":1,"101":1,"102":3,"103":1,"104":1,"105":1,"106":1,"107":1,"108":1,"109":1,"110":1,"111":0,"112":1,"113":3,"114":2,"115":0,"116":2,"117":2,"118":6,"119":1,"120":1,"121":1,"122":1,"123":0,"124":0,"125":0,"126":0,"127":0,"128":0,"129":0,"130":0,"131":0,"132":0,"133":0,"134":0,"135":0,"136":0,"137":0,"138":0,"139":0,"140":0,"141":0,"142":0,"143":0,"144":0,"145":0,"146":0,"147":0,"148":0,"149":0,"150":0,"151":0,"152":18,"153":10,"154":2,"155":8,"156":2,"157":6,"158":2,"159":4,"160":2,"161":2,"162":8,"163":2,"164":6,"165":2,"166":4,"167":2,"168":2,"169":4,"170":4,"171":4,"172":4,"173":4,"174":4,"175":3,"176":3,"177":3,"178":0,"179":0,"180":3,"181":0,"182":0,"183":0,"184":0,"185":0,"186":0,"187":0,"188":0,"189":0,"190":4,"191":4,"192":1,"193":4,"194":2,"195":1,"196":1,"197":2,"198":2,"199":1,"200":1,"201":1,"202":0,"203":1,"204":1,"205":1,"206":1,"207":0,"208":0,"209":0,"210":3,"211":3,"212":3,"213":3,"214":2,"215":3,"216":3,"217":1,"218":3,"219":0,"220":0,"221":0,"222":0,"223":0,"224":0,"225":0,"226":0,"227":0,"228":0,"229":0,"230":0,"231":4,"232":4,"233":0,"234":4,"235":14,"236":14,"237":2,"238":12,"239":1,"240":1},"f":{"0":36,"1":0,"2":0,"3":0,"4":0,"5":0,"6":0,"7":0,"8":0,"9":0,"10":0,"11":4,"12":1,"13":3,"14":0,"15":0,"16":0,"17":0,"18":0,"19":0,"20":18,"21":4,"22":0,"23":4,"24":4,"25":2,"26":1,"27":0,"28":3,"29":3,"30":0,"31":0,"32":4,"33":14},"b":{"0":[0,0],"1":[0,0],"2":[0,0],"3":[0,0],"4":[0,0],"5":[0,0],"6":[0,0],"7":[0,0],"8":[0,0],"9":[0,0],"10":[0,0],"11":[0,0],"12":[0,0],"13":[0,0],"14":[0,0],"15":[0,0],"16":[0,0],"17":[0,0],"18":[0,0],"19":[1,3],"20":[1,0],"21":[1,0],"22":[0,1],"23":[0,0],"24":[2,1],"25":[0,2],"26":[2,2],"27":[1,5],"28":[1,0],"29":[1,0],"30":[1,1],"31":[0,0],"32":[0,0],"33":[0,0],"34":[0,0],"35":[0,0],"36":[0,0],"37":[0,0],"38":[0,0],"39":[0,0],"40":[10,8],"41":[2,8],"42":[2,6],"43":[2,4],"44":[2,2],"45":[2,6],"46":[2,4],"47":[2,2],"48":[4,3],"49":[3,3],"50":[3,3],"51":[0,3],"52":[0,0],"53":[0,4],"54":[1,3],"55":[1,1],"56":[1,1],"57":[0,1],"58":[1,0],"59":[0,3],"60":[2,1],"61":[1,2],"62":[0,0],"63":[0,4],"64":[2,12],"65":[1,0],"66":[1,1],"67":[1,0],"68":[1,1],"69":[1,0],"70":[1,1],"71":[1,0],"72":[1,1],"73":[1,0],"74":[1,1]}}
,"C:\\Users\\50370\\Documents\\GitHub\\kio-health\\apps\\api\\src\\appointments\\dto\\complete-checkout.dto.ts": {"path":"C:\\Users\\50370\\Documents\\GitHub\\kio-health\\apps\\api\\src\\appointments\\dto\\complete-checkout.dto.ts","statementMap":{"0":{"start":{"line":1,"column":0},"end":{"line":1,"column":null}},"1":{"start":{"line":10,"column":0},"end":{"line":10,"column":null}},"2":{"start":{"line":11,"column":2},"end":{"line":11,"column":null}},"3":{"start":{"line":12,"column":2},"end":{"line":12,"column":null}},"4":{"start":{"line":15,"column":0},"end":{"line":15,"column":null}},"5":{"start":{"line":16,"column":2},"end":{"line":16,"column":null}},"6":{"start":{"line":17,"column":2},"end":{"line":17,"column":null}},"7":{"start":{"line":18,"column":2},"end":{"line":18,"column":null}},"8":{"start":{"line":21,"column":0},"end":{"line":21,"column":13}},"9":{"start":{"line":24,"column":2},"end":{"line":24,"column":null}},"10":{"start":{"line":27,"column":2},"end":{"line":27,"column":null}},"11":{"start":{"line":30,"column":2},"end":{"line":30,"column":null}},"12":{"start":{"line":34,"column":2},"end":{"line":34,"column":null}},"13":{"start":{"line":37,"column":2},"end":{"line":37,"column":null}}},"fnMap":{"0":{"name":"(anonymous_2)","decl":{"start":{"line":10,"column":0},"end":{"line":10,"column":5}},"loc":{"start":{"line":10,"column":22},"end":{"line":13,"column":1}}},"1":{"name":"(anonymous_3)","decl":{"start":{"line":15,"column":0},"end":{"line":15,"column":5}},"loc":{"start":{"line":15,"column":22},"end":{"line":19,"column":1}}}},"branchMap":{"0":{"loc":{"start":{"line":10,"column":5},"end":{"line":10,"column":null}},"type":"binary-expr","locations":[{"start":{"line":10,"column":5},"end":{"line":10,"column":22}},{"start":{"line":10,"column":5},"end":{"line":10,"column":null}}]},"1":{"loc":{"start":{"line":15,"column":5},"end":{"line":15,"column":null}},"type":"binary-expr","locations":[{"start":{"line":15,"column":5},"end":{"line":15,"column":22}},{"start":{"line":15,"column":5},"end":{"line":15,"column":null}}]}},"s":{"0":0,"1":0,"2":0,"3":0,"4":0,"5":0,"6":0,"7":0,"8":0,"9":0,"10":0,"11":0,"12":0,"13":0},"f":{"0":0,"1":0},"b":{"0":[0,0],"1":[0,0]}}
,"C:\\Users\\50370\\Documents\\GitHub\\kio-health\\apps\\api\\src\\appointments\\dto\\create-anthropometry.dto.ts": {"path":"C:\\Users\\50370\\Documents\\GitHub\\kio-health\\apps\\api\\src\\appointments\\dto\\create-anthropometry.dto.ts","statementMap":{"0":{"start":{"line":1,"column":0},"end":{"line":1,"column":55}},"1":{"start":{"line":3,"column":0},"end":{"line":3,"column":13}},"2":{"start":{"line":5,"column":2},"end":{"line":5,"column":null}},"3":{"start":{"line":8,"column":2},"end":{"line":8,"column":null}},"4":{"start":{"line":12,"column":2},"end":{"line":12,"column":null}},"5":{"start":{"line":16,"column":2},"end":{"line":16,"column":null}},"6":{"start":{"line":20,"column":2},"end":{"line":20,"column":null}}},"fnMap":{},"branchMap":{},"s":{"0":0,"1":0,"2":0,"3":0,"4":0,"5":0,"6":0},"f":{},"b":{}}
,"C:\\Users\\50370\\Documents\\GitHub\\kio-health\\apps\\api\\src\\appointments\\dto\\create-appointment.dto.ts": {"path":"C:\\Users\\50370\\Documents\\GitHub\\kio-health\\apps\\api\\src\\appointments\\dto\\create-appointment.dto.ts","statementMap":{"0":{"start":{"line":1,"column":0},"end":{"line":1,"column":null}},"1":{"start":{"line":11,"column":0},"end":{"line":11,"column":52}},"2":{"start":{"line":13,"column":0},"end":{"line":13,"column":13}},"3":{"start":{"line":15,"column":2},"end":{"line":15,"column":null}},"4":{"start":{"line":18,"column":2},"end":{"line":18,"column":null}},"5":{"start":{"line":22,"column":2},"end":{"line":22,"column":null}},"6":{"start":{"line":26,"column":2},"end":{"line":26,"column":null}},"7":{"start":{"line":31,"column":2},"end":{"line":31,"column":null}},"8":{"start":{"line":37,"column":2},"end":{"line":37,"column":21}}},"fnMap":{},"branchMap":{"0":{"loc":{"start":{"line":22,"column":9},"end":{"line":22,"column":25}},"type":"cond-expr","locations":[{"start":{"line":22,"column":24},"end":{"line":22,"column":25}},{"start":{"line":22,"column":24},"end":{"line":22,"column":25}}]},"1":{"loc":{"start":{"line":22,"column":9},"end":{"line":22,"column":24}},"type":"binary-expr","locations":[{"start":{"line":22,"column":9},"end":{"line":22,"column":25}},{"start":{"line":22,"column":9},"end":{"line":22,"column":24}}]}},"s":{"0":0,"1":0,"2":0,"3":0,"4":0,"5":0,"6":0,"7":0,"8":0},"f":{},"b":{"0":[0,0],"1":[0,0]}}
,"C:\\Users\\50370\\Documents\\GitHub\\kio-health\\apps\\api\\src\\appointments\\dto\\create-clinical-scale.dto.ts": {"path":"C:\\Users\\50370\\Documents\\GitHub\\kio-health\\apps\\api\\src\\appointments\\dto\\create-clinical-scale.dto.ts","statementMap":{"0":{"start":{"line":1,"column":0},"end":{"line":1,"column":null}},"1":{"start":{"line":10,"column":0},"end":{"line":10,"column":46}},"2":{"start":{"line":12,"column":0},"end":{"line":12,"column":13}},"3":{"start":{"line":14,"column":2},"end":{"line":14,"column":null}},"4":{"start":{"line":22,"column":2},"end":{"line":22,"column":null}}},"fnMap":{},"branchMap":{"0":{"loc":{"start":{"line":14,"column":13},"end":{"line":14,"column":23}},"type":"cond-expr","locations":[{"start":{"line":14,"column":22},"end":{"line":14,"column":23}},{"start":{"line":14,"column":22},"end":{"line":14,"column":23}}]},"1":{"loc":{"start":{"line":14,"column":13},"end":{"line":14,"column":22}},"type":"binary-expr","locations":[{"start":{"line":14,"column":13},"end":{"line":14,"column":23}},{"start":{"line":14,"column":13},"end":{"line":14,"column":22}}]}},"s":{"0":0,"1":0,"2":0,"3":0,"4":0},"f":{},"b":{"0":[0,0],"1":[0,0]}}
,"C:\\Users\\50370\\Documents\\GitHub\\kio-health\\apps\\api\\src\\appointments\\dto\\create-meal-plan.dto.ts": {"path":"C:\\Users\\50370\\Documents\\GitHub\\kio-health\\apps\\api\\src\\appointments\\dto\\create-meal-plan.dto.ts","statementMap":{"0":{"start":{"line":1,"column":0},"end":{"line":1,"column":55}},"1":{"start":{"line":3,"column":0},"end":{"line":3,"column":13}},"2":{"start":{"line":6,"column":2},"end":{"line":6,"column":null}},"3":{"start":{"line":10,"column":2},"end":{"line":10,"column":null}},"4":{"start":{"line":14,"column":2},"end":{"line":14,"column":null}}},"fnMap":{},"branchMap":{},"s":{"0":0,"1":0,"2":0,"3":0,"4":0},"f":{},"b":{}}
,"C:\\Users\\50370\\Documents\\GitHub\\kio-health\\apps\\api\\src\\appointments\\dto\\create-psych-note.dto.ts": {"path":"C:\\Users\\50370\\Documents\\GitHub\\kio-health\\apps\\api\\src\\appointments\\dto\\create-psych-note.dto.ts","statementMap":{"0":{"start":{"line":1,"column":0},"end":{"line":1,"column":null}},"1":{"start":{"line":14,"column":0},"end":{"line":14,"column":null}},"2":{"start":{"line":15,"column":2},"end":{"line":15,"column":null}},"3":{"start":{"line":16,"column":2},"end":{"line":16,"column":null}},"4":{"start":{"line":17,"column":2},"end":{"line":17,"column":null}},"5":{"start":{"line":18,"column":2},"end":{"line":18,"column":null}},"6":{"start":{"line":21,"column":0},"end":{"line":21,"column":13}},"7":{"start":{"line":24,"column":2},"end":{"line":24,"column":null}},"8":{"start":{"line":28,"column":2},"end":{"line":28,"column":null}},"9":{"start":{"line":32,"column":2},"end":{"line":32,"column":null}},"10":{"start":{"line":36,"column":2},"end":{"line":36,"column":null}},"11":{"start":{"line":39,"column":0},"end":{"line":39,"column":13}},"12":{"start":{"line":42,"column":2},"end":{"line":42,"column":null}},"13":{"start":{"line":45,"column":0},"end":{"line":45,"column":13}},"14":{"start":{"line":47,"column":2},"end":{"line":47,"column":null}},"15":{"start":{"line":51,"column":2},"end":{"line":51,"column":null}},"16":{"start":{"line":57,"column":2},"end":{"line":57,"column":null}},"17":{"start":{"line":61,"column":2},"end":{"line":61,"column":null}},"18":{"start":{"line":65,"column":2},"end":{"line":65,"column":null}}},"fnMap":{"0":{"name":"(anonymous_2)","decl":{"start":{"line":14,"column":0},"end":{"line":14,"column":12}},"loc":{"start":{"line":14,"column":28},"end":{"line":19,"column":1}}}},"branchMap":{"0":{"loc":{"start":{"line":14,"column":12},"end":{"line":14,"column":null}},"type":"binary-expr","locations":[{"start":{"line":14,"column":12},"end":{"line":14,"column":28}},{"start":{"line":14,"column":28},"end":{"line":14,"column":null}}]},"1":{"loc":{"start":{"line":51,"column":11},"end":{"line":51,"column":31}},"type":"cond-expr","locations":[{"start":{"line":51,"column":17},"end":{"line":51,"column":31}},{"start":{"line":51,"column":17},"end":{"line":51,"column":31}}]},"2":{"loc":{"start":{"line":51,"column":11},"end":{"line":51,"column":17}},"type":"binary-expr","locations":[{"start":{"line":51,"column":11},"end":{"line":51,"column":31}},{"start":{"line":51,"column":11},"end":{"line":51,"column":17}}]}},"s":{"0":1,"1":1,"2":1,"3":1,"4":1,"5":1,"6":1,"7":1,"8":1,"9":1,"10":1,"11":1,"12":1,"13":1,"14":1,"15":1,"16":1,"17":1,"18":1},"f":{"0":1},"b":{"0":[1,1],"1":[0,1],"2":[1,0]}}
,"C:\\Users\\50370\\Documents\\GitHub\\kio-health\\apps\\api\\src\\appointments\\dto\\query-appointments.dto.ts": {"path":"C:\\Users\\50370\\Documents\\GitHub\\kio-health\\apps\\api\\src\\appointments\\dto\\query-appointments.dto.ts","statementMap":{"0":{"start":{"line":1,"column":0},"end":{"line":1,"column":64}},"1":{"start":{"line":3,"column":0},"end":{"line":3,"column":13}},"2":{"start":{"line":9,"column":2},"end":{"line":9,"column":null}},"3":{"start":{"line":16,"column":2},"end":{"line":16,"column":null}},"4":{"start":{"line":23,"column":2},"end":{"line":23,"column":null}}},"fnMap":{},"branchMap":{},"s":{"0":0,"1":0,"2":0,"3":0,"4":0},"f":{},"b":{}}
,"C:\\Users\\50370\\Documents\\GitHub\\kio-health\\apps\\api\\src\\appointments\\dto\\query-day-summary.dto.ts": {"path":"C:\\Users\\50370\\Documents\\GitHub\\kio-health\\apps\\api\\src\\appointments\\dto\\query-day-summary.dto.ts","statementMap":{"0":{"start":{"line":1,"column":0},"end":{"line":1,"column":52}},"1":{"start":{"line":3,"column":0},"end":{"line":3,"column":13}},"2":{"start":{"line":8,"column":2},"end":{"line":8,"column":null}},"3":{"start":{"line":14,"column":2},"end":{"line":14,"column":null}}},"fnMap":{},"branchMap":{},"s":{"0":0,"1":0,"2":0,"3":0},"f":{},"b":{}}
,"C:\\Users\\50370\\Documents\\GitHub\\kio-health\\apps\\api\\src\\appointments\\dto\\reschedule-appointment.dto.ts": {"path":"C:\\Users\\50370\\Documents\\GitHub\\kio-health\\apps\\api\\src\\appointments\\dto\\reschedule-appointment.dto.ts","statementMap":{"0":{"start":{"line":1,"column":0},"end":{"line":1,"column":76}},"1":{"start":{"line":3,"column":0},"end":{"line":3,"column":13}},"2":{"start":{"line":5,"column":2},"end":{"line":5,"column":null}},"3":{"start":{"line":11,"column":2},"end":{"line":11,"column":21}}},"fnMap":{},"branchMap":{},"s":{"0":0,"1":0,"2":0,"3":0},"f":{},"b":{}}
[...]
,"C:\\Users\\50370\\Documents\\GitHub\\kio-health\\apps\\api\\src\\tasks\\tasks.service.ts": {"path":"C:\\Users\\50370\\Documents\\GitHub\\kio-health\\apps\\api\\src\\tasks\\tasks.service.ts","statementMap":{"0":{"start":{"line":1,"column":0},"end":{"line":1,"column":63}},"1":{"start":{"line":2,"column":0},"end":{"line":2,"column":57}},"2":{"start":{"line":6,"column":7},"end":{"line":43,"column":null}},"3":{"start":{"line":7,"column":31},"end":{"line":7,"column":39}},"4":{"start":{"line":12,"column":4},"end":{"line":18,"column":7}},"5":{"start":{"line":22,"column":4},"end":{"line":25,"column":7}},"6":{"start":{"line":29,"column":4},"end":{"line":35,"column":7}},"7":{"start":{"line":39,"column":4},"end":{"line":41,"column":7}},"8":{"start":{"line":6,"column":13},"end":{"line":6,"column":25}},"9":{"start":{"line":6,"column":13},"end":{"line":43,"column":null}}},"fnMap":{"0":{"name":"(anonymous_2)","decl":{"start":{"line":7,"column":2},"end":{"line":7,"column":31}},"loc":{"start":{"line":7,"column":52},"end":{"line":7,"column":56}}},"1":{"name":"(anonymous_3)","decl":{"start":{"line":9,"column":2},"end":{"line":9,"column":7}},"loc":{"start":{"line":9,"column":52},"end":{"line":19,"column":3}}},"2":{"name":"(anonymous_4)","decl":{"start":{"line":21,"column":2},"end":{"line":21,"column":7}},"loc":{"start":{"line":21,"column":33},"end":{"line":26,"column":3}}},"3":{"name":"(anonymous_5)","decl":{"start":{"line":28,"column":2},"end":{"line":28,"column":7}},"loc":{"start":{"line":28,"column":45},"end":{"line":36,"column":3}}},"4":{"name":"(anonymous_6)","decl":{"start":{"line":38,"column":2},"end":{"line":38,"column":7}},"loc":{"start":{"line":38,"column":25},"end":{"line":42,"column":3}}}},"branchMap":{"0":{"loc":{"start":{"line":16,"column":17},"end":{"line":16,"column":64}},"type":"cond-expr","locations":[{"start":{"line":16,"column":31},"end":{"line":16,"column":52}},{"start":{"line":16,"column":55},"end":{"line":16,"column":64}}]},"1":{"loc":{"start":{"line":33,"column":17},"end":{"line":33,"column":64}},"type":"cond-expr","locations":[{"start":{"line":33,"column":31},"end":{"line":33,"column":52}},{"start":{"line":33,"column":55},"end":{"line":33,"column":64}}]},"2":{"loc":{"start":{"line":7,"column":39},"end":{"line":7,"column":55}},"type":"cond-expr","locations":[{"start":{"line":7,"column":52},"end":{"line":7,"column":55}},{"start":{"line":7,"column":52},"end":{"line":7,"column":55}}]},"3":{"loc":{"start":{"line":7,"column":39},"end":{"line":7,"column":52}},"type":"binary-expr","locations":[{"start":{"line":7,"column":39},"end":{"line":7,"column":55}},{"start":{"line":7,"column":39},"end":{"line":7,"column":52}}]}},"s":{"0":0,"1":0,"2":0,"3":0,"4":0,"5":0,"6":0,"7":0,"8":0,"9":0},"f":{"0":0,"1":0,"2":0,"3":0,"4":0},"b":{"0":[0,0],"1":[0,0],"2":[0,0],"3":[0,0]}}
,"C:\\Users\\50370\\Documents\\GitHub\\kio-health\\apps\\api\\src\\tasks\\dto\\task.dto.ts": {"path":"C:\\Users\\50370\\Documents\\GitHub\\kio-health\\apps\\api\\src\\tasks\\dto\\task.dto.ts","statementMap":{"0":{"start":{"line":1,"column":0},"end":{"line":1,"column":null}},"1":{"start":{"line":9,"column":0},"end":{"line":9,"column":13}},"2":{"start":{"line":12,"column":2},"end":{"line":12,"column":null}},"3":{"start":{"line":16,"column":2},"end":{"line":16,"column":null}},"4":{"start":{"line":19,"column":0},"end":{"line":19,"column":13}},"5":{"start":{"line":22,"column":2},"end":{"line":22,"column":null}},"6":{"start":{"line":26,"column":2},"end":{"line":26,"column":null}},"7":{"start":{"line":30,"column":2},"end":{"line":30,"column":null}}},"fnMap":{},"branchMap":{},"s":{"0":0,"1":0,"2":0,"3":0,"4":0,"5":0,"6":0,"7":0},"f":{},"b":{}}
,"C:\\Users\\50370\\Documents\\GitHub\\kio-health\\apps\\api\\src\\test\\encryption-helpers.ts": {"path":"C:\\Users\\50370\\Documents\\GitHub\\kio-health\\apps\\api\\src\\test\\encryption-helpers.ts","statementMap":{"0":{"start":{"line":5,"column":0},"end":{"line":5,"column":16}},"1":{"start":{"line":1,"column":0},"end":{"line":1,"column":62}},"2":{"start":{"line":3,"column":13},"end":{"line":3,"column":50}},"3":{"start":{"line":7,"column":2},"end":{"line":7,"column":33}}},"fnMap":{"0":{"name":"createTestEncryptionService","decl":{"start":{"line":5,"column":16},"end":{"line":5,"column":43}},"loc":{"start":{"line":5,"column":43},"end":{"line":8,"column":1}}}},"branchMap":{},"s":{"0":3,"1":3,"2":3,"3":3},"f":{"0":3},"b":{}}
,"C:\\Users\\50370\\Documents\\GitHub\\kio-health\\apps\\api\\src\\test\\factories.ts": {"path":"C:\\Users\\50370\\Documents\\GitHub\\kio-health\\apps\\api\\src\\test\\factories.ts","statementMap":{"0":{"start":{"line":6,"column":0},"end":{"line":6,"column":16}},"1":{"start":{"line":20,"column":0},"end":{"line":20,"column":16}},"2":{"start":{"line":35,"column":0},"end":{"line":35,"column":16}},"3":{"start":{"line":53,"column":0},"end":{"line":53,"column":16}},"4":{"start":{"line":77,"column":0},"end":{"line":77,"column":16}},"5":{"start":{"line":90,"column":0},"end":{"line":90,"column":16}},"6":{"start":{"line":107,"column":0},"end":{"line":107,"column":16}},"7":{"start":{"line":1,"column":0},"end":{"line":1,"column":36}},"8":{"start":{"line":3,"column":14},"end":{"line":3,"column":15}},"9":{"start":{"line":4,"column":12},"end":{"line":4,"column":27}},"10":{"start":{"line":4,"column":18},"end":{"line":4,"column":27}},"11":{"start":{"line":7,"column":12},"end":{"line":7,"column":17}},"12":{"start":{"line":8,"column":2},"end":{"line":17,"column":4}},"13":{"start":{"line":21,"column":2},"end":{"line":32,"column":4}},"14":{"start":{"line":36,"column":12},"end":{"line":36,"column":17}},"15":{"start":{"line":37,"column":2},"end":{"line":50,"column":4}},"16":{"start":{"line":54,"column":20},"end":{"line":54,"column":57}},"17":{"start":{"line":55,"column":18},"end":{"line":55,"column":64}},"18":{"start":{"line":56,"column":2},"end":{"line":74,"column":4}},"19":{"start":{"line":78,"column":20},"end":{"line":78,"column":30}},"20":{"start":{"line":79,"column":2},"end":{"line":79,"column":45}},"21":{"start":{"line":80,"column":2},"end":{"line":87,"column":4}},"22":{"start":{"line":91,"column":2},"end":{"line":104,"column":4}},"23":{"start":{"line":108,"column":12},"end":{"line":108,"column":17}},"24":{"start":{"line":109,"column":2},"end":{"line":115,"column":4}}},"fnMap":{"0":{"name":"(anonymous_0)","decl":{"start":{"line":4,"column":12},"end":{"line":4,"column":15}},"loc":{"start":{"line":4,"column":18},"end":{"line":4,"column":27}}},"1":{"name":"makeUser","decl":{"start":{"line":6,"column":16},"end":{"line":6,"column":24}},"loc":{"start":{"line":6,"column":64},"end":{"line":18,"column":1}}},"2":{"name":"makeClinicianProfile","decl":{"start":{"line":20,"column":16},"end":{"line":20,"column":36}},"loc":{"start":{"line":20,"column":76},"end":{"line":33,"column":1}}},"3":{"name":"makePatient","decl":{"start":{"line":35,"column":16},"end":{"line":35,"column":27}},"loc":{"start":{"line":35,"column":67},"end":{"line":51,"column":1}}},"4":{"name":"makeAppointment","decl":{"start":{"line":53,"column":16},"end":{"line":53,"column":31}},"loc":{"start":{"line":53,"column":71},"end":{"line":75,"column":1}}},"5":{"name":"makeRefreshToken","decl":{"start":{"line":77,"column":16},"end":{"line":77,"column":32}},"loc":{"start":{"line":77,"column":72},"end":{"line":88,"column":1}}},"6":{"name":"makeFinanceTransaction","decl":{"start":{"line":90,"column":16},"end":{"line":90,"column":38}},"loc":{"start":{"line":90,"column":78},"end":{"line":105,"column":1}}},"7":{"name":"makeClinic","decl":{"start":{"line":107,"column":16},"end":{"line":107,"column":26}},"loc":{"start":{"line":107,"column":66},"end":{"line":116,"column":1}}}},"branchMap":{"0":{"loc":{"start":{"line":6,"column":25},"end":{"line":6,"column":64}},"type":"default-arg","locations":[{"start":{"line":6,"column":62},"end":{"line":6,"column":64}}]},"1":{"loc":{"start":{"line":20,"column":37},"end":{"line":20,"column":76}},"type":"default-arg","locations":[{"start":{"line":20,"column":74},"end":{"line":20,"column":76}}]},"2":{"loc":{"start":{"line":35,"column":28},"end":{"line":35,"column":67}},"type":"default-arg","locations":[{"start":{"line":35,"column":65},"end":{"line":35,"column":67}}]},"3":{"loc":{"start":{"line":53,"column":32},"end":{"line":53,"column":71}},"type":"default-arg","locations":[{"start":{"line":53,"column":69},"end":{"line":53,"column":71}}]},"4":{"loc":{"start":{"line":77,"column":33},"end":{"line":77,"column":72}},"type":"default-arg","locations":[{"start":{"line":77,"column":70},"end":{"line":77,"column":72}}]},"5":{"loc":{"start":{"line":90,"column":39},"end":{"line":90,"column":78}},"type":"default-arg","locations":[{"start":{"line":90,"column":76},"end":{"line":90,"column":78}}]},"6":{"loc":{"start":{"line":107,"column":27},"end":{"line":107,"column":66}},"type":"default-arg","locations":[{"start":{"line":107,"column":64},"end":{"line":107,"column":66}}]}},"s":{"0":4,"1":4,"2":4,"3":4,"4":4,"5":4,"6":4,"7":4,"8":4,"9":4,"10":53,"11":9,"12":9,"13":11,"14":11,"15":11,"16":19,"17":19,"18":19,"19":0,"20":0,"21":0,"22":15,"23":3,"24":3},"f":{"0":53,"1":9,"2":11,"3":11,"4":19,"5":0,"6":15,"7":3},"b":{"0":[7],"1":[8],"2":[4],"3":[6],"4":[0],"5":[2],"6":[3]}}
,"C:\\Users\\50370\\Documents\\GitHub\\kio-health\\apps\\api\\src\\test\\prisma-mock.ts": {"path":"C:\\Users\\50370\\Documents\\GitHub\\kio-health\\apps\\api\\src\\test\\prisma-mock.ts","statementMap":{"0":{"start":{"line":17,"column":0},"end":{"line":17,"column":16}},"1":{"start":{"line":2,"column":2},"end":{"line":14,"column":4}},"2":{"start":{"line":18,"column":15},"end":{"line":39,"column":4}},"3":{"start":{"line":34,"column":6},"end":{"line":34,"column":52}},"4":{"start":{"line":34,"column":36},"end":{"line":34,"column":52}},"5":{"start":{"line":35,"column":6},"end":{"line":35,"column":33}},"6":{"start":{"line":40,"column":2},"end":{"line":40,"column":14}}},"fnMap":{"0":{"name":"makeDelegateMock","decl":{"start":{"line":1,"column":9},"end":{"line":1,"column":25}},"loc":{"start":{"line":1,"column":25},"end":{"line":15,"column":1}}},"1":{"name":"createPrismaMock","decl":{"start":{"line":17,"column":16},"end":{"line":17,"column":32}},"loc":{"start":{"line":17,"column":32},"end":{"line":41,"column":1}}},"2":{"name":"(anonymous_2)","decl":{"start":{"line":33,"column":47},"end":{"line":33,"column":48}},"loc":{"start":{"line":33,"column":63},"end":{"line":36,"column":5}}}},"branchMap":{"0":{"loc":{"start":{"line":34,"column":6},"end":{"line":34,"column":52}},"type":"if","locations":[{"start":{"line":34,"column":6},"end":{"line":34,"column":52}},{"start":{},"end":{}}]}},"s":{"0":5,"1":1134,"2":81,"3":5,"4":5,"5":0,"6":81},"f":{"0":1134,"1":81,"2":5},"b":{"0":[5,0]}}
,"C:\\Users\\50370\\Documents\\GitHub\\kio-health\\apps\\api\\src\\users\\users.controller.ts": {"path":"C:\\Users\\50370\\Documents\\GitHub\\kio-health\\apps\\api\\src\\users\\users.controller.ts","statementMap":{"0":{"start":{"line":1,"column":0},"end":{"line":1,"column":68}},"1":{"start":{"line":2,"column":0},"end":{"line":2,"column":47}},"2":{"start":{"line":3,"column":0},"end":{"line":3,"column":61}},"3":{"start":{"line":4,"column":0},"end":{"line":4,"column":72}},"4":{"start":{"line":5,"column":0},"end":{"line":5,"column":60}},"5":{"start":{"line":9,"column":7},"end":{"line":19,"column":null}},"6":{"start":{"line":10,"column":31},"end":{"line":10,"column":45}},"7":{"start":{"line":17,"column":4},"end":{"line":17,"column":74}},"8":{"start":{"line":9,"column":13},"end":{"line":9,"column":28}},"9":{"start":{"line":13,"column":8},"end":{"line":18,"column":null}},"10":{"start":{"line":9,"column":13},"end":{"line":19,"column":null}}},"fnMap":{"0":{"name":"(anonymous_4)","decl":{"start":{"line":10,"column":2},"end":{"line":10,"column":31}},"loc":{"start":{"line":10,"column":57},"end":{"line":10,"column":61}}},"1":{"name":"(anonymous_5)","decl":{"start":{"line":13,"column":8},"end":{"line":13,"column":21}},"loc":{"start":{"line":15,"column":46},"end":{"line":18,"column":3}}}},"branchMap":{"0":{"loc":{"start":{"line":15,"column":30},"end":{"line":15,"column":null}},"type":"cond-expr","locations":[{"start":{"line":15,"column":46},"end":{"line":15,"column":null}},{"start":{"line":15,"column":46},"end":{"line":15,"column":null}}]},"1":{"loc":{"start":{"line":15,"column":30},"end":{"line":15,"column":46}},"type":"binary-expr","locations":[{"start":{"line":15,"column":30},"end":{"line":15,"column":null}},{"start":{"line":15,"column":30},"end":{"line":15,"column":46}}]},"2":{"loc":{"start":{"line":10,"column":45},"end":{"line":10,"column":60}},"type":"cond-expr","locations":[{"start":{"line":10,"column":57},"end":{"line":10,"column":60}},{"start":{"line":10,"column":57},"end":{"line":10,"column":60}}]},"3":{"loc":{"start":{"line":10,"column":45},"end":{"line":10,"column":57}},"type":"binary-expr","locations":[{"start":{"line":10,"column":45},"end":{"line":10,"column":60}},{"start":{"line":10,"column":45},"end":{"line":10,"column":57}}]}},"s":{"0":0,"1":0,"2":0,"3":0,"4":0,"5":0,"6":0,"7":0,"8":0,"9":0,"10":0},"f":{"0":0,"1":0},"b":{"0":[0,0],"1":[0,0],"2":[0,0],"3":[0,0]}}
,"C:\\Users\\50370\\Documents\\GitHub\\kio-health\\apps\\api\\src\\users\\users.module.ts": {"path":"C:\\Users\\50370\\Documents\\GitHub\\kio-health\\apps\\api\\src\\users\\users.module.ts","statementMap":{"0":{"start":{"line":1,"column":0},"end":{"line":1,"column":40}},"1":{"start":{"line":2,"column":0},"end":{"line":2,"column":53}},"2":{"start":{"line":3,"column":0},"end":{"line":3,"column":47}},"3":{"start":{"line":4,"column":0},"end":{"line":4,"column":55}},"4":{"start":{"line":12,"column":7},"end":{"line":12,"column":null}},"5":{"start":{"line":12,"column":13},"end":{"line":12,"column":24}},"6":{"start":{"line":12,"column":13},"end":{"line":12,"column":null}}},"fnMap":{},"branchMap":{},"s":{"0":0,"1":0,"2":0,"3":0,"4":0,"5":0,"6":0},"f":{},"b":{}}
,"C:\\Users\\50370\\Documents\\GitHub\\kio-health\\apps\\api\\src\\users\\users.service.ts": {"path":"C:\\Users\\50370\\Documents\\GitHub\\kio-health\\apps\\api\\src\\users\\users.service.ts","statementMap":{"0":{"start":{"line":1,"column":0},"end":{"line":1,"column":63}},"1":{"start":{"line":2,"column":0},"end":{"line":2,"column":43}},"2":{"start":{"line":3,"column":0},"end":{"line":3,"column":57}},"3":{"start":{"line":6,"column":7},"end":{"line":64,"column":null}},"4":{"start":{"line":7,"column":31},"end":{"line":7,"column":39}},"5":{"start":{"line":14,"column":20},"end":{"line":16,"column":6}},"6":{"start":{"line":18,"column":4},"end":{"line":20,"column":5}},"7":{"start":{"line":19,"column":6},"end":{"line":19,"column":69}},"8":{"start":{"line":23,"column":48},"end":{"line":23,"column":50}},"9":{"start":{"line":25,"column":4},"end":{"line":30,"column":5}},"10":{"start":{"line":27,"column":6},"end":{"line":29,"column":8}},"11":{"start":{"line":32,"column":4},"end":{"line":34,"column":5}},"12":{"start":{"line":33,"column":6},"end":{"line":33,"column":70}},"13":{"start":{"line":36,"column":4},"end":{"line":38,"column":5}},"14":{"start":{"line":37,"column":6},"end":{"line":37,"column":42}},"15":{"start":{"line":41,"column":27},"end":{"line":44,"column":6}},"16":{"start":{"line":46,"column":4},"end":{"line":46,"column":26}},"17":{"start":{"line":53,"column":17},"end":{"line":56,"column":6}},"18":{"start":{"line":58,"column":4},"end":{"line":60,"column":5}},"19":{"start":{"line":59,"column":6},"end":{"line":59,"column":59}},"20":{"start":{"line":62,"column":4},"end":{"line":62,"column":16}},"21":{"start":{"line":6,"column":13},"end":{"line":6,"column":25}},"22":{"start":{"line":6,"column":13},"end":{"line":64,"column":null}}},"fnMap":{"0":{"name":"(anonymous_2)","decl":{"start":{"line":7,"column":2},"end":{"line":7,"column":31}},"loc":{"start":{"line":7,"column":52},"end":{"line":7,"column":56}}},"1":{"name":"(anonymous_3)","decl":{"start":{"line":12,"column":2},"end":{"line":12,"column":7}},"loc":{"start":{"line":12,"column":60},"end":{"line":47,"column":3}}},"2":{"name":"(anonymous_4)","decl":{"start":{"line":52,"column":2},"end":{"line":52,"column":7}},"loc":{"start":{"line":52,"column":31},"end":{"line":63,"column":3}}}},"branchMap":{"0":{"loc":{"start":{"line":18,"column":4},"end":{"line":20,"column":5}},"type":"if","locations":[{"start":{"line":18,"column":4},"end":{"line":20,"column":5}},{"start":{},"end":{}}]},"1":{"loc":{"start":{"line":25,"column":4},"end":{"line":30,"column":5}},"type":"if","locations":[{"start":{"line":25,"column":4},"end":{"line":30,"column":5}},{"start":{},"end":{}}]},"2":{"loc":{"start":{"line":32,"column":4},"end":{"line":34,"column":5}},"type":"if","locations":[{"start":{"line":32,"column":4},"end":{"line":34,"column":5}},{"start":{},"end":{}}]},"3":{"loc":{"start":{"line":36,"column":4},"end":{"line":38,"column":5}},"type":"if","locations":[{"start":{"line":36,"column":4},"end":{"line":38,"column":5}},{"start":{},"end":{}}]},"4":{"loc":{"start":{"line":58,"column":4},"end":{"line":60,"column":5}},"type":"if","locations":[{"start":{"line":58,"column":4},"end":{"line":60,"column":5}},{"start":{},"end":{}}]},"5":{"loc":{"start":{"line":7,"column":39},"end":{"line":7,"column":55}},"type":"cond-expr","locations":[{"start":{"line":7,"column":52},"end":{"line":7,"column":55}},{"start":{"line":7,"column":52},"end":{"line":7,"column":55}}]},"6":{"loc":{"start":{"line":7,"column":39},"end":{"line":7,"column":52}},"type":"binary-expr","locations":[{"start":{"line":7,"column":39},"end":{"line":7,"column":55}},{"start":{"line":7,"column":39},"end":{"line":7,"column":52}}]}},"s":{"0":0,"1":0,"2":0,"3":0,"4":0,"5":0,"6":0,"7":0,"8":0,"9":0,"10":0,"11":0,"12":0,"13":0,"14":0,"15":0,"16":0,"17":0,"18":0,"19":0,"20":0,"21":0,"22":0},"f":{"0":0,"1":0,"2":0},"b":{"0":[0,0],"1":[0,0],"2":[0,0],"3":[0,0],"4":[0,0],"5":[0,0],"6":[0,0]}}
,"C:\\Users\\50370\\Documents\\GitHub\\kio-health\\apps\\api\\src\\users\\dto\\update-profile.dto.ts": {"path":"C:\\Users\\50370\\Documents\\GitHub\\kio-health\\apps\\api\\src\\users\\dto\\update-profile.dto.ts","statementMap":{"0":{"start":{"line":1,"column":0},"end":{"line":1,"column":null}},"1":{"start":{"line":8,"column":0},"end":{"line":8,"column":46}},"2":{"start":{"line":10,"column":0},"end":{"line":10,"column":13}},"3":{"start":{"line":13,"column":2},"end":{"line":13,"column":null}},"4":{"start":{"line":25,"column":2},"end":{"line":25,"column":null}},"5":{"start":{"line":18,"column":4},"end":{"line":20,"column":5}},"6":{"start":{"line":19,"column":6},"end":{"line":19,"column":31}},"7":{"start":{"line":21,"column":4},"end":{"line":21,"column":17}},"8":{"start":{"line":37,"column":2},"end":{"line":37,"column":null}},"9":{"start":{"line":29,"column":4},"end":{"line":31,"column":5}},"10":{"start":{"line":30,"column":6},"end":{"line":30,"column":33}},"11":{"start":{"line":32,"column":4},"end":{"line":32,"column":17}}},"fnMap":{"0":{"name":"(anonymous_2)","decl":{"start":{"line":16,"column":13},"end":{"line":16,"column":14}},"loc":{"start":{"line":16,"column":27},"end":{"line":22,"column":3}}},"1":{"name":"(anonymous_3)","decl":{"start":{"line":28,"column":13},"end":{"line":28,"column":14}},"loc":{"start":{"line":28,"column":27},"end":{"line":33,"column":3}}}},"branchMap":{"0":{"loc":{"start":{"line":18,"column":4},"end":{"line":20,"column":5}},"type":"if","locations":[{"start":{"line":18,"column":4},"end":{"line":20,"column":5}},{"start":{},"end":{}}]},"1":{"loc":{"start":{"line":29,"column":4},"end":{"line":31,"column":5}},"type":"if","locations":[{"start":{"line":29,"column":4},"end":{"line":31,"column":5}},{"start":{},"end":{}}]}},"s":{"0":0,"1":0,"2":0,"3":0,"4":0,"5":0,"6":0,"7":0,"8":0,"9":0,"10":0,"11":0},"f":{"0":0,"1":0},"b":{"0":[0,0],"1":[0,0]}}
}
