TN:
SF:src\app.controller.ts
FN:6,(anonymous_2)
FN:9,(anonymous_3)
FNF:2
FNH:2
FNDA:1,(anonymous_2)
FNDA:1,(anonymous_3)
DA:1,1
DA:2,1
DA:5,1
DA:6,1
DA:9,1
DA:10,1
LF:6
LH:6
BRDA:6,0,0,1
BRDA:6,0,1,0
BRDA:6,1,0,1
BRDA:6,1,1,1
BRF:4
BRH:3
end_of_record
TN:
SF:src\app.module.ts
FNF:0
FNH:0
DA:1,0
DA:2,0
DA:3,0
DA:4,0
DA:5,0
DA:6,0
DA:7,0
DA:8,0
DA:9,0
DA:10,0
DA:11,0
DA:12,0
DA:13,0
DA:14,0
DA:15,0
DA:16,0
DA:17,0
DA:18,0
DA:19,0
DA:20,0
DA:21,0
DA:22,0
DA:59,0
LF:23
LH:0
BRF:0
BRH:0
end_of_record
TN:
SF:src\app.service.ts
FN:5,(anonymous_1)
FNF:1
FNH:1
FNDA:1,(anonymous_1)
DA:1,1
DA:4,1
DA:6,1
LF:3
LH:3
BRF:0
BRH:0
end_of_record
TN:
SF:src\instrument.ts
FNF:0
FNH:0
DA:1,0
DA:2,0
DA:4,0
LF:3
LH:0
BRDA:5,0,0,0
BRDA:5,0,1,0
BRF:2
BRH:0
end_of_record
TN:
SF:src\main.ts
FN:10,bootstrap
FNF:1
FNH:0
FNDA:0,bootstrap
DA:1,0
DA:2,0
DA:3,0
DA:4,0
DA:5,0
DA:8,0
DA:11,0
DA:14,0
DA:17,0
DA:39,0
DA:41,0
DA:44,0
DA:48,0
DA:54,0
DA:56,0
LF:15
LH:0
BRDA:44,0,0,0
BRDA:44,0,1,0
BRDA:54,1,0,0
BRDA:54,1,1,0
BRF:4
BRH:0
end_of_record
TN:
SF:src\access-log\access-log.module.ts
FNF:0
FNH:0
DA:1,0
DA:2,0
DA:3,0
DA:11,0
LF:4
LH:0
BRF:0
BRH:0
end_of_record
TN:
SF:src\access-log\access-log.service.ts
FN:6,(anonymous_2)
FN:8,(anonymous_3)
FNF:2
FNH:0
FNDA:0,(anonymous_2)
FNDA:0,(anonymous_3)
DA:1,0
DA:2,0
DA:5,0
DA:6,0
DA:17,0
DA:18,0
DA:31,0
DA:35,0
LF:8
LH:0
BRDA:6,0,0,0
BRDA:6,0,1,0
BRDA:6,1,0,0
BRDA:6,1,1,0
BRF:4
BRH:0
end_of_record
TN:
SF:src\appointments\appointments.controller.ts
FN:34,(anonymous_4)
FN:40,(anonymous_5)
FN:49,(anonymous_6)
FN:58,(anonymous_7)
FN:71,(anonymous_8)
FN:76,(anonymous_9)
FN:88,(anonymous_10)
FN:93,(anonymous_11)
FN:99,(anonymous_12)
FN:125,(anonymous_13)
FN:160,(anonymous_14)
FN:174,(anonymous_15)
FN:183,(anonymous_16)
FN:195,(anonymous_17)
FN:204,(anonymous_18)
FN:230,(anonymous_19)
FN:258,(anonymous_20)
FN:272,(anonymous_21)
FN:286,(anonymous_22)
FN:300,(anonymous_23)
FN:309,(anonymous_24)
FN:323,(anonymous_25)
FNF:22
FNH:0
FNDA:0,(anonymous_4)
FNDA:0,(anonymous_5)
FNDA:0,(anonymous_6)
FNDA:0,(anonymous_7)
FNDA:0,(anonymous_8)
FNDA:0,(anonymous_9)
FNDA:0,(anonymous_10)
FNDA:0,(anonymous_11)
FNDA:0,(anonymous_12)
FNDA:0,(anonymous_13)
FNDA:0,(anonymous_14)
FNDA:0,(anonymous_15)
FNDA:0,(anonymous_16)
FNDA:0,(anonymous_17)
FNDA:0,(anonymous_18)
FNDA:0,(anonymous_19)
FNDA:0,(anonymous_20)
FNDA:0,(anonymous_21)
FNDA:0,(anonymous_22)
FNDA:0,(anonymous_23)
FNDA:0,(anonymous_24)
FNDA:0,(anonymous_25)
DA:1,0
DA:15,0
DA:16,0
DA:17,0
DA:18,0
DA:19,0
DA:20,0
DA:21,0
DA:22,0
DA:23,0
DA:24,0
DA:25,0
DA:26,0
DA:27,0
DA:28,0
DA:29,0
DA:33,0
DA:35,0
DA:36,0
DA:40,0
DA:44,0
DA:49,0
DA:54,0
DA:58,0
DA:62,0
DA:71,0
DA:72,0
DA:76,0
DA:80,0
DA:88,0
DA:89,0
DA:93,0
DA:94,0
DA:99,0
DA:104,0
DA:110,0
DA:120,0
DA:125,0
DA:132,0
DA:139,0
DA:149,0
DA:155,0
DA:160,0
DA:165,0
DA:174,0
DA:178,0
DA:183,0
DA:187,0
DA:195,0
DA:199,0
DA:204,0
DA:209,0
DA:215,0
DA:225,0
DA:230,0
DA:236,0
DA:243,0
DA:253,0
DA:258,0
DA:263,0
DA:272,0
DA:277,0
DA:286,0
DA:291,0
DA:300,0
DA:304,0
DA:309,0
DA:314,0
DA:323,0
DA:328,0
LF:70
LH:0
BRDA:218,0,0,0
BRDA:218,0,1,0
BRDA:42,1,0,0
BRDA:42,1,1,0
BRDA:42,2,0,0
BRDA:42,2,1,0
BRDA:52,3,0,0
BRDA:52,3,1,0
BRDA:52,4,0,0
BRDA:52,4,1,0
BRDA:60,5,0,0
BRDA:60,5,1,0
BRDA:60,6,0,0
BRDA:60,6,1,0
BRDA:78,7,0,0
BRDA:78,7,1,0
BRDA:78,8,0,0
BRDA:78,8,1,0
BRDA:163,9,0,0
BRDA:163,9,1,0
BRDA:163,10,0,0
BRDA:163,10,1,0
BRDA:233,11,0,0
BRDA:233,11,1,0
BRDA:233,12,0,0
BRDA:233,12,1,0
BRDA:261,13,0,0
BRDA:261,13,1,0
BRDA:261,14,0,0
BRDA:261,14,1,0
BRDA:275,15,0,0
BRDA:275,15,1,0
BRDA:275,16,0,0
BRDA:275,16,1,0
BRDA:289,17,0,0
BRDA:289,17,1,0
BRDA:289,18,0,0
BRDA:289,18,1,0
BRDA:326,19,0,0
BRDA:326,19,1,0
BRDA:326,20,0,0
BRDA:326,20,1,0
BRDA:35,21,0,0
BRDA:35,21,1,0
BRDA:35,22,0,0
BRDA:35,22,1,0
BRDA:35,23,0,0
BRDA:35,23,1,0
BRDA:35,24,0,0
BRDA:35,24,1,0
BRF:50
BRH:0
end_of_record
TN:
SF:src\appointments\appointments.module.ts
FNF:0
FNH:0
DA:1,0
DA:2,0
DA:3,0
DA:4,0
DA:5,0
DA:6,0
DA:14,0
LF:7
LH:0
BRF:0
BRH:0
end_of_record
TN:
SF:src\appointments\appointments.service.ts
FN:31,(anonymous_2)
FN:39,(anonymous_3)
FN:55,(anonymous_4)
FN:60,(anonymous_5)
FN:67,(anonymous_6)
FN:109,(anonymous_7)
FN:150,(anonymous_8)
FN:206,(anonymous_9)
FN:260,(anonymous_10)
FN:280,(anonymous_11)
FN:359,(anonymous_12)
FN:390,(anonymous_13)
FN:430,(anonymous_14)
FN:464,(anonymous_15)
FN:489,(anonymous_16)
FN:509,(anonymous_17)
FN:552,(anonymous_18)
FN:573,(anonymous_19)
FN:594,(anonymous_20)
FN:611,(anonymous_21)
FN:637,(anonymous_22)
FN:665,(anonymous_23)
FN:714,(anonymous_24)
FN:765,(anonymous_25)
FN:790,(anonymous_26)
FN:812,(anonymous_27)
FN:840,(anonymous_28)
FN:862,(anonymous_29)
FN:878,(anonymous_30)
FN:888,(anonymous_31)
FN:926,(anonymous_32)
FN:936,(anonymous_33)
FN:1000,(anonymous_34)
FN:1012,(anonymous_35)
FNF:34
FNH:14
FNDA:36,(anonymous_2)
FNDA:0,(anonymous_3)
FNDA:0,(anonymous_4)
FNDA:0,(anonymous_5)
FNDA:0,(anonymous_6)
FNDA:0,(anonymous_7)
FNDA:0,(anonymous_8)
FNDA:0,(anonymous_9)
FNDA:0,(anonymous_10)
FNDA:0,(anonymous_11)
FNDA:0,(anonymous_12)
FNDA:4,(anonymous_13)
FNDA:1,(anonymous_14)
FNDA:3,(anonymous_15)
FNDA:0,(anonymous_16)
FNDA:0,(anonymous_17)
FNDA:0,(anonymous_18)
FNDA:0,(anonymous_19)
FNDA:0,(anonymous_20)
FNDA:0,(anonymous_21)
FNDA:18,(anonymous_22)
FNDA:4,(anonymous_23)
FNDA:0,(anonymous_24)
FNDA:4,(anonymous_25)
FNDA:4,(anonymous_26)
FNDA:2,(anonymous_27)
FNDA:1,(anonymous_28)
FNDA:0,(anonymous_29)
FNDA:3,(anonymous_30)
FNDA:3,(anonymous_31)
FNDA:0,(anonymous_32)
FNDA:0,(anonymous_33)
FNDA:4,(anonymous_34)
FNDA:14,(anonymous_35)
DA:1,1
DA:8,1
DA:13,1
DA:20,1
DA:21,1
DA:22,1
DA:23,1
DA:25,1
DA:27,1
DA:30,1
DA:32,36
DA:33,36
DA:34,36
DA:35,36
DA:36,36
DA:40,0
DA:41,0
DA:42,0
DA:44,0
DA:53,0
DA:55,0
DA:56,0
DA:57,0
DA:60,0
DA:76,0
DA:77,0
DA:78,0
DA:79,0
DA:80,0
DA:81,0
DA:83,0
DA:84,0
DA:85,0
DA:86,0
DA:87,0
DA:88,0
DA:91,0
DA:102,0
DA:110,0
DA:123,0
DA:129,0
DA:131,0
DA:132,0
DA:133,0
DA:134,0
DA:140,0
DA:143,0
DA:151,0
DA:152,0
DA:153,0
DA:154,0
DA:156,0
DA:177,0
DA:179,0
DA:180,0
DA:182,0
DA:183,0
DA:186,0
DA:188,0
DA:189,0
DA:191,0
DA:198,0
DA:207,0
DA:227,0
DA:230,0
DA:241,0
DA:249,0
DA:261,0
DA:269,0
DA:281,0
DA:287,0
DA:291,0
DA:292,0
DA:296,0
DA:306,0
DA:315,0
DA:319,0
DA:323,0
DA:328,0
DA:360,0
DA:365,0
DA:369,0
DA:372,0
DA:373,0
DA:374,0
DA:378,0
DA:379,0
DA:380,0
DA:383,0
DA:395,4
DA:401,4
DA:402,4
DA:403,4
DA:405,4
DA:406,1
DA:409,1
DA:410,1
DA:417,3
DA:420,1
DA:421,1
DA:424,1
DA:425,1
DA:426,1
DA:430,1
DA:431,1
DA:435,1
DA:437,0
DA:449,1
DA:465,3
DA:466,2
DA:467,0
DA:472,2
DA:473,2
DA:474,6
DA:475,1
DA:480,1
DA:481,1
DA:482,1
DA:490,0
DA:495,0
DA:499,0
DA:500,0
DA:503,0
DA:514,0
DA:523,0
DA:526,0
DA:527,0
DA:530,0
DA:531,0
DA:535,0
DA:539,0
DA:542,0
DA:545,0
DA:549,0
DA:557,0
DA:562,0
DA:578,0
DA:583,0
DA:599,0
DA:604,0
DA:605,0
DA:606,0
DA:611,0
DA:612,0
DA:614,0
DA:641,18
DA:642,10
DA:643,8
DA:644,6
DA:645,4
DA:646,2
DA:649,8
DA:650,6
DA:651,4
DA:652,2
DA:666,4
DA:667,4
DA:668,4
DA:669,4
DA:670,4
DA:673,4
DA:675,3
DA:692,3
DA:698,3
DA:699,0
DA:703,0
DA:706,3
DA:719,0
DA:725,0
DA:726,0
DA:730,0
DA:731,0
DA:734,0
DA:741,0
DA:752,0
DA:758,0
DA:771,4
DA:780,4
DA:781,1
DA:791,4
DA:796,2
DA:797,1
DA:802,1
DA:813,2
DA:818,2
DA:819,1
DA:824,1
DA:830,1
DA:831,0
DA:834,1
DA:841,1
DA:846,1
DA:847,1
DA:852,0
DA:863,0
DA:868,0
DA:883,3
DA:888,3
DA:890,3
DA:903,3
DA:906,2
DA:911,3
DA:914,3
DA:915,1
DA:918,3
DA:931,0
DA:936,0
DA:938,0
DA:952,0
DA:963,0
DA:965,0
DA:966,0
DA:967,0
DA:975,0
DA:976,0
DA:978,0
DA:994,0
DA:1001,4
DA:1005,4
DA:1006,0
DA:1009,4
DA:1016,14
DA:1028,14
DA:1029,2
DA:1032,12
LF:225
LH:94
BRDA:57,0,0,0
BRDA:57,0,1,0
BRDA:76,1,0,0
BRDA:76,1,1,0
BRDA:76,2,0,0
BRDA:76,2,1,0
BRDA:83,3,0,0
BRDA:83,3,1,0
BRDA:132,4,0,0
BRDA:132,4,1,0
BRDA:140,5,0,0
BRDA:140,5,1,0
BRDA:182,6,0,0
BRDA:182,6,1,0
BRDA:227,7,0,0
BRDA:227,7,1,0
BRDA:232,8,0,0
BRDA:232,8,1,0
BRDA:235,9,0,0
BRDA:235,9,1,0
BRDA:291,10,0,0
BRDA:291,10,1,0
BRDA:332,11,0,0
BRDA:332,11,1,0
BRDA:335,12,0,0
BRDA:335,12,1,0
BRDA:338,13,0,0
BRDA:338,13,1,0
BRDA:341,14,0,0
BRDA:341,14,1,0
BRDA:345,15,0,0
BRDA:345,15,1,0
BRDA:369,16,0,0
BRDA:369,16,1,0
BRDA:372,17,0,0
BRDA:372,17,1,0
BRDA:378,18,0,0
BRDA:378,18,1,0
BRDA:405,19,0,1
BRDA:405,19,1,3
BRDA:409,20,0,1
BRDA:409,20,1,0
BRDA:425,21,0,1
BRDA:425,21,1,0
BRDA:435,22,0,0
BRDA:435,22,1,1
BRDA:443,23,0,0
BRDA:443,23,1,0
BRDA:465,24,0,2
BRDA:465,24,1,1
BRDA:466,25,0,0
BRDA:466,25,1,2
BRDA:466,26,0,2
BRDA:466,26,1,2
BRDA:474,27,0,1
BRDA:474,27,1,5
BRDA:480,28,0,1
BRDA:480,28,1,0
BRDA:481,29,0,1
BRDA:481,29,1,0
BRDA:481,30,0,1
BRDA:481,30,1,1
BRDA:499,31,0,0
BRDA:499,31,1,0
BRDA:523,32,0,0
BRDA:523,32,1,0
BRDA:526,33,0,0
BRDA:526,33,1,0
BRDA:526,34,0,0
BRDA:526,34,1,0
BRDA:530,35,0,0
BRDA:530,35,1,0
BRDA:535,36,0,0
BRDA:535,36,1,0
BRDA:536,37,0,0
BRDA:536,37,1,0
BRDA:604,38,0,0
BRDA:604,38,1,0
BRDA:605,39,0,0
BRDA:605,39,1,0
BRDA:641,40,0,10
BRDA:641,40,1,8
BRDA:642,41,0,2
BRDA:642,41,1,8
BRDA:643,42,0,2
BRDA:643,42,1,6
BRDA:644,43,0,2
BRDA:644,43,1,4
BRDA:645,44,0,2
BRDA:645,44,1,2
BRDA:649,45,0,2
BRDA:649,45,1,6
BRDA:650,46,0,2
BRDA:650,46,1,4
BRDA:651,47,0,2
BRDA:651,47,1,2
BRDA:668,48,0,4
BRDA:668,48,1,3
BRDA:681,49,0,3
BRDA:681,49,1,3
BRDA:683,50,0,3
BRDA:683,50,1,3
BRDA:698,51,0,0
BRDA:698,51,1,3
BRDA:726,52,0,0
BRDA:726,52,1,0
BRDA:775,53,0,0
BRDA:775,53,1,4
BRDA:780,54,0,1
BRDA:780,54,1,3
BRDA:796,55,0,1
BRDA:796,55,1,1
BRDA:818,56,0,1
BRDA:818,56,1,1
BRDA:830,57,0,0
BRDA:830,57,1,1
BRDA:846,58,0,1
BRDA:846,58,1,0
BRDA:896,59,0,0
BRDA:896,59,1,3
BRDA:903,60,0,2
BRDA:903,60,1,1
BRDA:914,61,0,1
BRDA:914,61,1,2
BRDA:965,62,0,0
BRDA:965,62,1,0
BRDA:1005,63,0,0
BRDA:1005,63,1,4
BRDA:1028,64,0,2
BRDA:1028,64,1,12
BRDA:32,65,0,1
BRDA:32,65,1,0
BRDA:32,66,0,1
BRDA:32,66,1,1
BRDA:32,67,0,1
BRDA:32,67,1,0
BRDA:32,68,0,1
BRDA:32,68,1,1
BRDA:33,69,0,1
BRDA:33,69,1,0
BRDA:33,70,0,1
BRDA:33,70,1,1
BRDA:34,71,0,1
BRDA:34,71,1,0
BRDA:34,72,0,1
BRDA:34,72,1,1
BRDA:35,73,0,1
BRDA:35,73,1,0
BRDA:35,74,0,1
BRDA:35,74,1,1
BRF:150
BRH:71
end_of_record
TN:
SF:src\appointments\dto\complete-checkout.dto.ts
FN:10,(anonymous_2)
FN:15,(anonymous_3)
FNF:2
FNH:0
FNDA:0,(anonymous_2)
FNDA:0,(anonymous_3)
DA:1,0
DA:10,0
DA:11,0
DA:12,0
DA:15,0
DA:16,0
DA:17,0
DA:18,0
DA:21,0
DA:24,0
DA:27,0
DA:30,0
DA:34,0
DA:37,0
LF:14
LH:0
BRDA:10,0,0,0
BRDA:10,0,1,0
BRDA:15,1,0,0
BRDA:15,1,1,0
BRF:4
BRH:0
end_of_record
TN:
SF:src\appointments\dto\create-anthropometry.dto.ts
FNF:0
FNH:0
DA:1,0
DA:3,0
DA:5,0
DA:8,0
DA:12,0
DA:16,0
DA:20,0
LF:7
LH:0
BRF:0
BRH:0
end_of_record
TN:
SF:src\appointments\dto\create-appointment.dto.ts
FNF:0
FNH:0
DA:1,0
DA:11,0
DA:13,0
DA:15,0
DA:18,0
DA:22,0
DA:26,0
DA:31,0
DA:37,0
LF:9
LH:0
BRDA:22,0,0,0
BRDA:22,0,1,0
BRDA:22,1,0,0
BRDA:22,1,1,0
BRF:4
BRH:0
end_of_record
TN:
SF:src\appointments\dto\create-clinical-scale.dto.ts
FNF:0
FNH:0
DA:1,0
DA:10,0
DA:12,0
DA:14,0
DA:22,0
LF:5
LH:0
BRDA:14,0,0,0
BRDA:14,0,1,0
BRDA:14,1,0,0
BRDA:14,1,1,0
BRF:4
BRH:0
end_of_record
TN:
SF:src\appointments\dto\create-meal-plan.dto.ts
FNF:0
FNH:0
DA:1,0
DA:3,0
DA:6,0
DA:10,0
DA:14,0
LF:5
LH:0
BRF:0
BRH:0
end_of_record
TN:
SF:src\appointments\dto\create-psych-note.dto.ts
FN:14,(anonymous_2)
FNF:1
FNH:1
FNDA:1,(anonymous_2)
DA:1,1
DA:14,1
DA:15,1
DA:16,1
DA:17,1
DA:18,1
DA:21,1
DA:24,1
DA:28,1
DA:32,1
DA:36,1
DA:39,1
DA:42,1
DA:45,1
DA:47,1
DA:51,1
DA:57,1
DA:61,1
DA:65,1
LF:19
LH:19
BRDA:14,0,0,1
BRDA:14,0,1,1
BRDA:51,1,0,0
BRDA:51,1,1,1
BRDA:51,2,0,1
BRDA:51,2,1,0
BRF:6
BRH:4
end_of_record
TN:
SF:src\appointments\dto\query-appointments.dto.ts
FNF:0
FNH:0
DA:1,0
DA:3,0
DA:9,0
DA:16,0
DA:23,0
LF:5
LH:0
BRF:0
BRH:0
end_of_record
TN:
SF:src\appointments\dto\query-day-summary.dto.ts
FNF:0
FNH:0
DA:1,0
DA:3,0
DA:8,0
DA:14,0
LF:4
LH:0
BRF:0
BRH:0
end_of_record
TN:
SF:src\appointments\dto\reschedule-appointment.dto.ts
FNF:0
FNH:0
DA:1,0
DA:3,0
DA:5,0
DA:11,0
LF:4
LH:0
BRF:0
BRH:0
end_of_record
TN:
SF:src\appointments\dto\update-payment.dto.ts
FNF:0
FNH:0
DA:1,0
DA:2,0
DA:4,0
DA:6,0
DA:11,0
DA:15,0
LF:6
LH:0
BRDA:6,0,0,0
BRDA:6,0,1,0
BRDA:6,1,0,0
BRDA:6,1,1,0
BRDA:15,2,0,0
BRDA:15,2,1,0
BRDA:15,3,0,0
BRDA:15,3,1,0
BRF:8
BRH:0
end_of_record
TN:
SF:src\appointments\dto\update-psych-note.dto.ts
FNF:0
FNH:0
DA:1,0
DA:2,0
DA:4,0
LF:3
LH:0
BRF:0
BRH:0
end_of_record
TN:
SF:src\auth\auth.controller.ts
FN:25,setAuthCookies
FN:47,clearAuthCookies
FN:54,(anonymous_6)
FN:58,(anonymous_7)
FN:70,(anonymous_8)
FN:85,(anonymous_9)
FN:101,(anonymous_10)
FN:115,(anonymous_11)
FN:131,(anonymous_12)
FNF:9
FNH:0
FNDA:0,setAuthCookies
FNDA:0,clearAuthCookies
FNDA:0,(anonymous_6)
FNDA:0,(anonymous_7)
FNDA:0,(anonymous_8)
FNDA:0,(anonymous_9)
FNDA:0,(anonymous_10)
FNDA:0,(anonymous_11)
FNDA:0,(anonymous_12)
DA:1,0
DA:12,0
DA:13,0
DA:14,0
DA:15,0
DA:16,0
DA:17,0
DA:18,0
DA:20,0
DA:22,0
DA:23,0
DA:30,0
DA:38,0
DA:48,0
DA:49,0
DA:53,0
DA:54,0
DA:58,0
DA:63,0
DA:64,0
DA:65,0
DA:70,0
DA:74,0
DA:79,0
DA:80,0
DA:81,0
DA:85,0
DA:89,0
DA:90,0
DA:91,0
DA:95,0
DA:96,0
DA:97,0
DA:101,0
DA:105,0
DA:106,0
DA:107,0
DA:109,0
DA:110,0
DA:115,0
DA:124,0
DA:125,0
DA:126,0
DA:131,0
DA:134,0
LF:45
LH:0
BRDA:90,0,0,0
BRDA:90,0,1,0
BRDA:106,1,0,0
BRDA:106,1,1,0
BRDA:59,2,0,0
BRDA:59,2,1,0
BRDA:59,3,0,0
BRDA:59,3,1,0
BRDA:61,4,0,0
BRDA:61,4,1,0
BRDA:61,5,0,0
BRDA:61,5,1,0
BRDA:71,6,0,0
BRDA:71,6,1,0
BRDA:71,7,0,0
BRDA:71,7,1,0
BRDA:73,8,0,0
BRDA:73,8,1,0
BRDA:73,9,0,0
BRDA:73,9,1,0
BRDA:88,10,0,0
BRDA:88,10,1,0
BRDA:88,11,0,0
BRDA:88,11,1,0
BRDA:104,12,0,0
BRDA:104,12,1,0
BRDA:104,13,0,0
BRDA:104,13,1,0
BRDA:117,14,0,0
BRDA:117,14,1,0
BRDA:117,15,0,0
BRDA:117,15,1,0
BRDA:119,16,0,0
BRDA:119,16,1,0
BRDA:119,17,0,0
BRDA:119,17,1,0
BRDA:133,18,0,0
BRDA:133,18,1,0
BRDA:133,19,0,0
BRDA:133,19,1,0
BRDA:54,20,0,0
BRDA:54,20,1,0
BRDA:54,21,0,0
BRDA:54,21,1,0
BRF:44
BRH:0
end_of_record
TN:
SF:src\auth\auth.module.ts
FNF:0
FNH:0
DA:1,0
DA:2,0
DA:3,0
DA:4,0
DA:5,0
DA:6,0
DA:7,0
DA:9,0
DA:10,0
DA:11,0
DA:28,0
LF:11
LH:0
BRDA:10,0,0,0
BRDA:10,0,1,0
BRDA:10,1,0,0
BRDA:10,1,1,0
BRF:4
BRH:0
end_of_record
TN:
SF:src\auth\auth.service.ts
FN:18,(anonymous_11)
FN:23,(anonymous_12)
FN:44,(anonymous_13)
FN:102,(anonymous_14)
FN:159,(anonymous_15)
FN:166,(anonymous_16)
FN:210,(anonymous_17)
FN:244,(anonymous_18)
FN:259,(anonymous_19)
FN:312,(anonymous_20)
FNF:10
FNH:8
FNDA:14,(anonymous_11)
FNDA:4,(anonymous_12)
FNDA:5,(anonymous_13)
FNDA:3,(anonymous_14)
FNDA:0,(anonymous_15)
FNDA:0,(anonymous_16)
FNDA:1,(anonymous_17)
FNDA:3,(anonymous_18)
FNDA:2,(anonymous_19)
FNDA:6,(anonymous_20)
DA:1,1
DA:6,1
DA:7,1
DA:8,1
DA:9,1
DA:14,1
DA:17,1
DA:19,14
DA:20,14
DA:27,4
DA:31,4
DA:32,1
DA:35,3
DA:37,3
DA:38,1
DA:41,2
DA:49,5
DA:74,5
DA:75,5
DA:84,5
DA:85,5
DA:88,5
DA:91,5
DA:92,5
DA:99,5
DA:105,3
DA:109,3
DA:131,3
DA:132,2
DA:133,1
DA:135,2
DA:141,1
DA:142,1
DA:144,1
DA:145,1
DA:154,1
DA:156,1
DA:160,0
DA:163,0
DA:167,0
DA:192,0
DA:193,0
DA:196,0
DA:197,0
DA:200,0
DA:202,0
DA:218,1
DA:221,1
DA:222,1
DA:225,0
DA:236,0
DA:241,0
DA:249,3
DA:253,3
DA:254,1
DA:257,2
DA:259,2
DA:261,2
DA:270,2
DA:277,2
DA:286,2
DA:295,2
DA:296,2
DA:298,2
DA:306,2
DA:309,2
DA:313,6
DA:314,6
DA:315,6
DA:316,6
DA:318,6
DA:322,6
LF:72
LH:60
BRDA:31,0,0,1
BRDA:31,0,1,3
BRDA:37,1,0,1
BRDA:37,1,1,2
BRDA:91,2,0,5
BRDA:91,2,1,0
BRDA:95,3,0,5
BRDA:95,3,1,2
BRDA:96,4,0,5
BRDA:96,4,1,2
BRDA:131,5,0,2
BRDA:131,5,1,1
BRDA:131,6,0,3
BRDA:131,6,1,2
BRDA:132,7,0,1
BRDA:132,7,1,1
BRDA:192,8,0,0
BRDA:192,8,1,0
BRDA:200,9,0,0
BRDA:200,9,1,0
BRDA:205,10,0,0
BRDA:205,10,1,0
BRDA:206,11,0,0
BRDA:206,11,1,0
BRDA:221,12,0,1
BRDA:221,12,1,0
BRDA:229,13,0,0
BRDA:229,13,1,0
BRDA:253,14,0,1
BRDA:253,14,1,2
BRDA:19,15,0,1
BRDA:19,15,1,0
BRDA:19,16,0,1
BRDA:19,16,1,1
BRDA:19,17,0,1
BRDA:19,17,1,0
BRDA:19,18,0,1
BRDA:19,18,1,1
BRF:38
BRH:24
end_of_record
TN:
SF:src\auth\decorators\current-clinician.decorator.ts
FN:8,(anonymous_0)
FNF:1
FNH:0
FNDA:0,(anonymous_0)
DA:1,0
DA:7,0
DA:9,0
DA:10,0
DA:12,0
DA:13,0
DA:18,0
LF:7
LH:0
BRDA:12,0,0,0
BRDA:12,0,1,0
BRDA:12,1,0,0
BRDA:12,1,1,0
BRF:4
BRH:0
end_of_record
TN:
SF:src\auth\decorators\current-user.decorator.ts
FN:4,(anonymous_0)
FNF:1
FNH:0
FNDA:0,(anonymous_0)
DA:1,0
DA:3,0
DA:5,0
DA:6,0
LF:4
LH:0
BRF:0
BRH:0
end_of_record
TN:
SF:src\auth\dto\complete-profile.dto.ts
FN:26,(anonymous_2)
FN:31,(anonymous_3)
FNF:2
FNH:0
FNDA:0,(anonymous_2)
FNDA:0,(anonymous_3)
DA:1,0
DA:9,0
DA:10,0
DA:12,0
DA:14,0
DA:18,0
DA:21,0
DA:26,0
DA:27,0
DA:31,0
DA:32,0
LF:11
LH:0
BRDA:14,0,0,0
BRDA:14,0,1,0
BRDA:14,1,0,0
BRDA:14,1,1,0
BRF:4
BRH:0
end_of_record
TN:
SF:src\auth\dto\login.dto.ts
FNF:0
FNH:0
DA:1,0
DA:3,0
DA:6,0
DA:10,0
LF:4
LH:0
BRF:0
BRH:0
end_of_record
TN:
SF:src\auth\dto\signup.dto.ts
FNF:0
FNH:0
DA:1,0
DA:3,0
DA:6,0
DA:11,0
DA:15,0
DA:19,0
LF:6
LH:0
BRF:0
BRH:0
end_of_record
TN:
SF:src\auth\guards\appointment-ownership.guard.ts
FN:12,(anonymous_2)
FN:14,(anonymous_3)
FNF:2
FNH:2
FNDA:5,(anonymous_2)
FNDA:5,(anonymous_3)
DA:1,1
DA:8,1
DA:11,1
DA:12,5
DA:15,5
DA:16,5
DA:17,5
DA:19,5
DA:20,2
DA:23,3
DA:28,3
DA:29,1
DA:32,2
DA:33,1
DA:38,1
LF:15
LH:15
BRDA:19,0,0,2
BRDA:19,0,1,3
BRDA:19,1,0,5
BRDA:19,1,1,4
BRDA:28,2,0,1
BRDA:28,2,1,2
BRDA:32,3,0,1
BRDA:32,3,1,1
BRDA:12,4,0,1
BRDA:12,4,1,0
BRDA:12,5,0,1
BRDA:12,5,1,1
BRF:12
BRH:11
end_of_record
TN:
SF:src\auth\guards\jwt-auth.guard.ts
FNF:0
FNH:0
DA:1,0
DA:2,0
DA:5,0
LF:3
LH:0
BRF:0
BRH:0
end_of_record
TN:
SF:src\auth\guards\patient-ownership.guard.ts
FN:12,(anonymous_2)
FN:14,(anonymous_3)
FNF:2
FNH:0
FNDA:0,(anonymous_2)
FNDA:0,(anonymous_3)
DA:1,0
DA:8,0
DA:11,0
DA:12,0
DA:15,0
DA:16,0
DA:17,0
DA:19,0
DA:20,0
DA:23,0
DA:28,0
DA:29,0
DA:32,0
DA:33,0
DA:38,0
LF:15
LH:0
BRDA:19,0,0,0
BRDA:19,0,1,0
BRDA:19,1,0,0
BRDA:19,1,1,0
BRDA:28,2,0,0
BRDA:28,2,1,0
BRDA:32,3,0,0
BRDA:32,3,1,0
BRDA:12,4,0,0
BRDA:12,4,1,0
BRDA:12,5,0,0
BRDA:12,5,1,0
BRF:12
BRH:0
end_of_record
TN:
SF:src\auth\strategies\jwt.strategy.ts
FN:9,(anonymous_2)
FN:13,(anonymous_3)
FN:22,(anonymous_4)
FNF:3
FNH:0
FNDA:0,(anonymous_2)
FNDA:0,(anonymous_3)
FNDA:0,(anonymous_4)
DA:1,0
DA:2,0
DA:3,0
DA:8,0
DA:10,0
DA:13,0
DA:30,0
LF:7
LH:0
BRDA:13,0,0,0
BRDA:13,0,1,0
BRF:2
BRH:0
end_of_record
TN:
SF:src\clinics\clinics-public.controller.ts
FN:6,(anonymous_4)
FN:9,(anonymous_5)
FNF:2
FNH:0
FNDA:0,(anonymous_4)
FNDA:0,(anonymous_5)
DA:1,0
DA:2,0
DA:5,0
DA:6,0
DA:9,0
DA:10,0
LF:6
LH:0
BRDA:6,0,0,0
BRDA:6,0,1,0
BRDA:6,1,0,0
BRDA:6,1,1,0
BRF:4
BRH:0
end_of_record
TN:
SF:src\clinics\clinics.controller.ts
FN:36,(anonymous_4)
FN:38,(anonymous_5)
FN:49,(anonymous_6)
FN:55,(anonymous_7)
FN:62,(anonymous_8)
FN:70,(anonymous_9)
FN:77,(anonymous_10)
FN:88,(anonymous_11)
FN:96,(anonymous_12)
FN:106,(anonymous_13)
FN:117,(anonymous_14)
FN:127,(anonymous_15)
FN:142,(anonymous_16)
FN:149,(anonymous_17)
FN:165,(anonymous_18)
FN:172,(anonymous_19)
FNF:16
FNH:0
FNDA:0,(anonymous_4)
FNDA:0,(anonymous_5)
FNDA:0,(anonymous_6)
FNDA:0,(anonymous_7)
FNDA:0,(anonymous_8)
FNDA:0,(anonymous_9)
FNDA:0,(anonymous_10)
FNDA:0,(anonymous_11)
FNDA:0,(anonymous_12)
FNDA:0,(anonymous_13)
FNDA:0,(anonymous_14)
FNDA:0,(anonymous_15)
FNDA:0,(anonymous_16)
FNDA:0,(anonymous_17)
FNDA:0,(anonymous_18)
FNDA:0,(anonymous_19)
DA:1,0
DA:17,0
DA:18,0
DA:19,0
DA:20,0
DA:21,0
DA:22,0
DA:23,0
DA:24,0
DA:25,0
DA:35,0
DA:36,0
DA:39,0
DA:40,0
DA:41,0
DA:45,0
DA:49,0
DA:50,0
DA:51,0
DA:55,0
DA:56,0
DA:57,0
DA:62,0
DA:63,0
DA:64,0
DA:70,0
DA:71,0
DA:72,0
DA:77,0
DA:78,0
DA:79,0
DA:88,0
DA:89,0
DA:90,0
DA:96,0
DA:100,0
DA:101,0
DA:106,0
DA:110,0
DA:111,0
DA:117,0
DA:121,0
DA:122,0
DA:127,0
DA:132,0
DA:133,0
DA:142,0
DA:143,0
DA:144,0
DA:149,0
DA:154,0
DA:155,0
DA:156,0
DA:165,0
DA:166,0
DA:167,0
DA:172,0
DA:173,0
DA:174,0
LF:59
LH:0
BRDA:40,0,0,0
BRDA:40,0,1,0
BRDA:158,1,0,0
BRDA:158,1,1,0
BRDA:159,2,0,0
BRDA:159,2,1,0
BRDA:49,3,0,0
BRDA:49,3,1,0
BRDA:49,4,0,0
BRDA:49,4,1,0
BRDA:62,5,0,0
BRDA:62,5,1,0
BRDA:62,6,0,0
BRDA:62,6,1,0
BRDA:77,7,0,0
BRDA:77,7,1,0
BRDA:77,8,0,0
BRDA:77,8,1,0
BRDA:108,9,0,0
BRDA:108,9,1,0
BRDA:108,10,0,0
BRDA:108,10,1,0
BRDA:130,11,0,0
BRDA:130,11,1,0
BRDA:130,12,0,0
BRDA:130,12,1,0
BRDA:36,13,0,0
BRDA:36,13,1,0
BRDA:36,14,0,0
BRDA:36,14,1,0
BRF:30
BRH:0
end_of_record
TN:
SF:src\clinics\clinics.module.ts
FNF:0
FNH:0
DA:1,0
DA:2,0
DA:3,0
DA:4,0
DA:11,0
LF:5
LH:0
BRF:0
BRH:0
end_of_record
TN:
SF:src\clinics\clinics.service.ts
FN:19,(anonymous_11)
FN:21,(anonymous_12)
FN:29,(anonymous_13)
FN:38,(anonymous_14)
FN:63,(anonymous_15)
FN:70,(anonymous_16)
FN:74,(anonymous_17)
FN:98,(anonymous_18)
FN:105,(anonymous_19)
FN:115,(anonymous_20)
FN:135,(anonymous_21)
FN:155,(anonymous_22)
FN:170,(anonymous_23)
FN:180,(anonymous_24)
FN:198,(anonymous_25)
FN:213,(anonymous_26)
FN:235,(anonymous_27)
FN:240,(anonymous_28)
FN:257,(anonymous_29)
FN:269,(anonymous_30)
FN:279,(anonymous_31)
FN:280,(anonymous_32)
FN:282,(anonymous_33)
FN:283,(anonymous_34)
FN:298,(anonymous_35)
FNF:25
FNH:0
FNDA:0,(anonymous_11)
FNDA:0,(anonymous_12)
FNDA:0,(anonymous_13)
FNDA:0,(anonymous_14)
FNDA:0,(anonymous_15)
FNDA:0,(anonymous_16)
FNDA:0,(anonymous_17)
FNDA:0,(anonymous_18)
FNDA:0,(anonymous_19)
FNDA:0,(anonymous_20)
FNDA:0,(anonymous_21)
FNDA:0,(anonymous_22)
FNDA:0,(anonymous_23)
FNDA:0,(anonymous_24)
FNDA:0,(anonymous_25)
FNDA:0,(anonymous_26)
FNDA:0,(anonymous_27)
FNDA:0,(anonymous_28)
FNDA:0,(anonymous_29)
FNDA:0,(anonymous_30)
FNDA:0,(anonymous_31)
FNDA:0,(anonymous_32)
FNDA:0,(anonymous_33)
FNDA:0,(anonymous_34)
FNDA:0,(anonymous_35)
DA:1,0
DA:7,0
DA:8,0
DA:9,0
DA:15,0
DA:18,0
DA:19,0
DA:22,0
DA:25,0
DA:26,0
DA:29,0
DA:30,0
DA:31,0
DA:34,0
DA:39,0
DA:56,0
DA:57,0
DA:60,0
DA:64,0
DA:71,0
DA:79,0
DA:80,0
DA:81,0
DA:83,0
DA:94,0
DA:95,0
DA:99,0
DA:106,0
DA:109,0
DA:110,0
DA:112,0
DA:116,0
DA:121,0
DA:126,0
DA:129,0
DA:136,0
DA:140,0
DA:145,0
DA:148,0
DA:151,0
DA:152,0
DA:155,0
DA:156,0
DA:163,0
DA:171,0
DA:174,0
DA:175,0
DA:178,0
DA:180,0
DA:181,0
DA:188,0
DA:191,0
DA:194,0
DA:199,0
DA:202,0
DA:203,0
DA:205,0
DA:206,0
DA:210,0
DA:218,0
DA:221,0
DA:222,0
DA:224,0
DA:225,0
DA:229,0
DA:236,0
DA:240,0
DA:242,0
DA:254,0
DA:258,0
DA:265,0
DA:266,0
DA:268,0
DA:270,0
DA:278,0
DA:279,0
DA:280,0
DA:281,0
DA:282,0
DA:283,0
DA:285,0
DA:295,0
DA:299,0
DA:302,0
DA:303,0
DA:305,0
DA:306,0
DA:310,0
LF:88
LH:0
BRDA:25,0,0,0
BRDA:25,0,1,0
BRDA:56,1,0,0
BRDA:56,1,1,0
BRDA:94,2,0,0
BRDA:94,2,1,0
BRDA:109,3,0,0
BRDA:109,3,1,0
BRDA:121,4,0,0
BRDA:121,4,1,0
BRDA:122,5,0,0
BRDA:122,5,1,0
BRDA:122,5,2,0
BRDA:140,6,0,0
BRDA:140,6,1,0
BRDA:141,7,0,0
BRDA:141,7,1,0
BRDA:141,7,2,0
BRDA:151,8,0,0
BRDA:151,8,1,0
BRDA:174,9,0,0
BRDA:174,9,1,0
BRDA:202,10,0,0
BRDA:202,10,1,0
BRDA:205,11,0,0
BRDA:205,11,1,0
BRDA:221,12,0,0
BRDA:221,12,1,0
BRDA:224,13,0,0
BRDA:224,13,1,0
BRDA:302,14,0,0
BRDA:302,14,1,0
BRDA:305,15,0,0
BRDA:305,15,1,0
BRDA:19,16,0,0
BRDA:19,16,1,0
BRDA:19,17,0,0
BRDA:19,17,1,0
BRF:38
BRH:0
end_of_record
TN:
SF:src\clinics\dto\create-clinic.dto.ts
FNF:0
FNH:0
DA:1,0
DA:3,0
DA:7,0
LF:3
LH:0
BRF:0
BRH:0
end_of_record
TN:
SF:src\clinics\dto\create-member-account.dto.ts
FNF:0
FNH:0
DA:1,0
DA:2,0
DA:4,0
DA:6,0
DA:10,0
DA:13,0
DA:16,0
LF:7
LH:0
BRDA:13,0,0,0
BRDA:13,0,1,0
BRDA:13,1,0,0
BRDA:13,1,1,0
BRDA:16,2,0,0
BRDA:16,2,1,0
BRDA:16,3,0,0
BRDA:16,3,1,0
BRF:8
BRH:0
end_of_record
TN:
SF:src\clinics\dto\invite-member.dto.ts
FNF:0
FNH:0
DA:1,0
DA:2,0
DA:4,0
DA:6,0
DA:9,0
LF:5
LH:0
BRDA:9,0,0,0
BRDA:9,0,1,0
BRDA:9,1,0,0
BRDA:9,1,1,0
BRF:4
BRH:0
end_of_record
TN:
SF:src\clinics\dto\update-clinic.dto.ts
FNF:0
FNH:0
DA:1,0
DA:3,0
DA:7,0
LF:3
LH:0
BRF:0
BRH:0
end_of_record
TN:
SF:src\clinics\dto\update-member-role.dto.ts
FNF:0
FNH:0
DA:1,0
DA:2,0
DA:4,0
DA:6,0
LF:4
LH:0
BRDA:6,0,0,0
BRDA:6,0,1,0
BRDA:6,1,0,0
BRDA:6,1,1,0
BRF:4
BRH:0
end_of_record
TN:
SF:src\clinics\guards\clinic-admin.guard.ts
FN:10,(anonymous_1)
FNF:1
FNH:0
FNDA:0,(anonymous_1)
DA:1,0
DA:9,0
DA:11,0
DA:12,0
DA:14,0
DA:15,0
DA:20,0
LF:7
LH:0
BRDA:14,0,0,0
BRDA:14,0,1,0
BRDA:14,1,0,0
BRDA:14,1,1,0
BRF:4
BRH:0
end_of_record
TN:
SF:src\clinics\guards\clinic-owner.guard.ts
FN:10,(anonymous_1)
FNF:1
FNH:0
FNDA:0,(anonymous_1)
DA:1,0
DA:9,0
DA:11,0
DA:12,0
DA:14,0
DA:15,0
DA:18,0
LF:7
LH:0
BRDA:14,0,0,0
BRDA:14,0,1,0
BRF:2
BRH:0
end_of_record
TN:
SF:src\export\export.module.ts
FNF:0
FNH:0
DA:1,0
DA:2,0
DA:8,0
LF:3
LH:0
BRF:0
BRH:0
end_of_record
TN:
SF:src\export\export.service.ts
FN:13,(anonymous_2)
FN:21,(anonymous_3)
FN:26,(anonymous_4)
FNF:3
FNH:0
FNDA:0,(anonymous_2)
FNDA:0,(anonymous_3)
FNDA:0,(anonymous_4)
DA:1,1
DA:2,1
DA:12,1
DA:21,0
DA:22,0
DA:23,0
DA:25,0
DA:26,0
DA:27,0
DA:31,0
DA:32,0
DA:33,0
DA:38,0
DA:41,0
DA:42,0
DA:43,0
DA:44,0
DA:48,0
DA:51,0
DA:52,0
DA:55,0
DA:56,0
DA:57,0
DA:60,0
DA:61,0
DA:62,0
DA:63,0
DA:65,0
DA:66,0
DA:68,0
DA:69,0
DA:70,0
DA:76,0
DA:77,0
DA:83,0
DA:84,0
DA:90,0
DA:91,0
DA:98,0
DA:103,0
DA:106,0
DA:107,0
DA:108,0
DA:112,0
DA:113,0
DA:117,0
DA:121,0
DA:124,0
DA:125,0
DA:129,0
DA:130,0
DA:138,0
LF:52
LH:3
BRDA:43,0,0,0
BRDA:43,0,1,0
BRDA:60,1,0,0
BRDA:60,1,1,0
BRDA:68,2,0,0
BRDA:68,2,1,0
BRDA:69,3,0,0
BRDA:69,3,1,0
BRDA:76,4,0,0
BRDA:76,4,1,0
BRDA:83,5,0,0
BRDA:83,5,1,0
BRDA:90,6,0,0
BRDA:90,6,1,0
BRDA:99,7,0,0
BRDA:99,7,1,0
BRDA:99,7,2,0
BRDA:106,8,0,0
BRDA:106,8,1,0
BRDA:112,9,0,0
BRDA:112,9,1,0
BRDA:112,10,0,0
BRDA:112,10,1,0
BRF:23
BRH:0
end_of_record
TN:
SF:src\finance\finance.controller.ts
FN:10,(anonymous_4)
FN:13,(anonymous_5)
FN:21,(anonymous_6)
FN:34,(anonymous_7)
FNF:4
FNH:0
FNDA:0,(anonymous_4)
FNDA:0,(anonymous_5)
FNDA:0,(anonymous_6)
FNDA:0,(anonymous_7)
DA:1,0
DA:2,0
DA:3,0
DA:4,0
DA:5,0
DA:9,0
DA:10,0
DA:13,0
DA:17,0
DA:21,0
DA:26,0
DA:34,0
DA:42,0
LF:13
LH:0
BRDA:47,0,0,0
BRDA:47,0,1,0
BRDA:48,1,0,0
BRDA:48,1,1,0
BRDA:15,2,0,0
BRDA:15,2,1,0
BRDA:15,3,0,0
BRDA:15,3,1,0
BRDA:10,4,0,0
BRDA:10,4,1,0
BRDA:10,5,0,0
BRDA:10,5,1,0
BRF:12
BRH:0
end_of_record
TN:
SF:src\finance\finance.module.ts
FNF:0
FNH:0
DA:1,0
DA:2,0
DA:3,0
DA:4,0
DA:5,0
DA:12,0
LF:6
LH:0
BRF:0
BRH:0
end_of_record
TN:
SF:src\finance\finance.service.ts
FN:9,(anonymous_2)
FN:11,(anonymous_3)
FN:36,(anonymous_4)
FN:50,(anonymous_5)
FN:51,(anonymous_6)
FN:83,(anonymous_7)
FN:87,(anonymous_8)
FN:129,(anonymous_9)
FN:137,(anonymous_10)
FN:138,(anonymous_11)
FN:141,(anonymous_12)
FN:142,(anonymous_13)
FN:153,(anonymous_14)
FN:154,(anonymous_15)
FN:156,(anonymous_16)
FN:157,(anonymous_17)
FN:171,(anonymous_18)
FNF:17
FNH:11
FNDA:12,(anonymous_2)
FNDA:12,(anonymous_3)
FNDA:0,(anonymous_4)
FNDA:3,(anonymous_5)
FNDA:3,(anonymous_6)
FNDA:0,(anonymous_7)
FNDA:3,(anonymous_8)
FNDA:6,(anonymous_9)
FNDA:12,(anonymous_10)
FNDA:7,(anonymous_11)
FNDA:12,(anonymous_12)
FNDA:5,(anonymous_13)
FNDA:0,(anonymous_14)
FNDA:0,(anonymous_15)
FNDA:0,(anonymous_16)
FNDA:0,(anonymous_17)
FNDA:3,(anonymous_18)
DA:1,1
DA:2,1
DA:4,1
DA:5,1
DA:8,1
DA:9,12
DA:16,12
DA:17,12
DA:19,12
DA:37,0
DA:51,3
DA:52,3
DA:53,2
DA:57,2
DA:58,1
DA:69,2
DA:84,0
DA:95,3
DA:96,3
DA:97,3
DA:99,3
DA:103,3
DA:105,3
DA:123,3
DA:130,6
DA:136,6
DA:137,12
DA:138,7
DA:140,6
DA:141,12
DA:142,5
DA:145,6
DA:146,6
DA:147,6
DA:152,6
DA:153,0
DA:154,0
DA:155,6
DA:156,0
DA:157,0
DA:160,6
DA:161,6
DA:162,6
DA:170,6
DA:171,3
DA:176,6
DA:177,6
DA:178,12
DA:179,7
DA:180,7
DA:181,6
DA:182,1
DA:183,5
DA:184,0
DA:187,6
LF:55
LH:48
BRDA:45,0,0,0
BRDA:45,0,1,0
BRDA:52,1,0,2
BRDA:52,1,1,1
BRDA:57,2,0,1
BRDA:57,2,1,1
BRDA:63,3,0,0
BRDA:63,3,1,1
BRDA:77,4,0,0
BRDA:77,4,1,2
BRDA:92,5,0,2
BRDA:93,6,0,2
BRDA:103,7,0,1
BRDA:103,7,1,2
BRDA:145,8,0,1
BRDA:145,8,1,5
BRDA:146,9,0,1
BRDA:146,9,1,5
BRDA:178,10,0,5
BRDA:178,10,1,7
BRDA:180,11,0,1
BRDA:180,11,1,6
BRDA:181,12,0,1
BRDA:181,12,1,5
BRDA:183,13,0,0
BRDA:183,13,1,5
BRDA:9,14,0,1
BRDA:9,14,1,0
BRDA:9,15,0,1
BRDA:9,15,1,1
BRF:30
BRH:24
end_of_record
TN:
SF:src\finance\dto\create-transaction.dto.ts
FNF:0
FNH:0
DA:1,0
DA:10,0
DA:12,0
DA:14,0
DA:18,0
DA:22,0
DA:26,0
DA:30,0
DA:34,0
LF:9
LH:0
BRDA:14,0,0,0
BRDA:14,0,1,0
BRDA:14,1,0,0
BRDA:14,1,1,0
BRF:4
BRH:0
end_of_record
TN:
SF:src\finance\listeners\appointment-paid.listener.ts
FN:8,(anonymous_2)
FN:11,(anonymous_3)
FNF:2
FNH:0
FNDA:0,(anonymous_2)
FNDA:0,(anonymous_3)
DA:1,0
DA:2,0
DA:3,0
DA:4,0
DA:7,0
DA:8,0
DA:11,0
DA:12,0
DA:16,0
LF:9
LH:0
BRDA:8,0,0,0
BRDA:8,0,1,0
BRDA:8,1,0,0
BRDA:8,1,1,0
BRF:4
BRH:0
end_of_record
TN:
SF:src\integrations\google-calendar.controller.ts
FN:9,(anonymous_4)
FN:13,(anonymous_5)
FN:25,(anonymous_6)
FN:45,(anonymous_7)
FNF:4
FNH:0
FNDA:0,(anonymous_4)
FNDA:0,(anonymous_5)
FNDA:0,(anonymous_6)
FNDA:0,(anonymous_7)
DA:1,0
DA:3,0
DA:4,0
DA:5,0
DA:8,0
DA:9,0
DA:13,0
DA:17,0
DA:18,0
DA:20,0
DA:21,0
DA:25,0
DA:30,0
DA:31,0
DA:34,0
DA:35,0
DA:36,0
DA:38,0
DA:39,0
DA:45,0
DA:46,0
DA:48,0
DA:49,0
LF:23
LH:0
BRDA:17,0,0,0
BRDA:17,0,1,0
BRDA:30,1,0,0
BRDA:30,1,1,0
BRDA:30,2,0,0
BRDA:30,2,1,0
BRDA:31,3,0,0
BRDA:31,3,1,0
BRDA:36,4,0,0
BRDA:36,4,1,0
BRDA:39,5,0,0
BRDA:39,5,1,0
BRDA:46,6,0,0
BRDA:46,6,1,0
BRDA:9,7,0,0
BRDA:9,7,1,0
BRDA:9,8,0,0
BRDA:9,8,1,0
BRF:18
BRH:0
end_of_record
TN:
SF:src\integrations\google-calendar.service.ts
FN:14,(anonymous_2)
FN:16,(anonymous_3)
FN:24,(anonymous_4)
FN:36,(anonymous_5)
FN:56,(anonymous_6)
FN:77,(anonymous_7)
FN:93,(anonymous_8)
FN:107,(anonymous_9)
FN:144,(anonymous_10)
FNF:9
FNH:0
FNDA:0,(anonymous_2)
FNDA:0,(anonymous_3)
FNDA:0,(anonymous_4)
FNDA:0,(anonymous_5)
FNDA:0,(anonymous_6)
FNDA:0,(anonymous_7)
FNDA:0,(anonymous_8)
FNDA:0,(anonymous_9)
FNDA:0,(anonymous_10)
DA:1,1
DA:2,1
DA:3,1
DA:6,1
DA:7,0
DA:10,0
DA:11,0
DA:12,0
DA:14,0
DA:17,0
DA:25,0
DA:26,0
DA:28,0
DA:37,0
DA:38,0
DA:40,0
DA:57,0
DA:61,0
DA:63,0
DA:64,0
DA:66,0
DA:67,0
DA:69,0
DA:72,0
DA:78,0
DA:82,0
DA:84,0
DA:85,0
DA:93,0
DA:94,0
DA:104,0
DA:112,0
DA:113,0
DA:115,0
DA:116,0
DA:123,0
DA:124,0
DA:125,0
DA:130,0
DA:132,0
DA:136,0
DA:139,0
DA:140,0
DA:145,0
DA:147,0
DA:148,0
DA:150,0
DA:152,0
DA:153,0
DA:158,0
LF:50
LH:4
BRDA:10,0,0,0
BRDA:10,0,1,0
BRDA:11,1,0,0
BRDA:11,1,1,0
BRDA:12,2,0,0
BRDA:12,2,1,0
BRDA:44,3,0,0
BRDA:44,3,1,0
BRDA:45,4,0,0
BRDA:45,4,1,0
BRDA:50,5,0,0
BRDA:50,5,1,0
BRDA:51,6,0,0
BRDA:51,6,1,0
BRDA:61,7,0,0
BRDA:61,7,1,0
BRDA:82,8,0,0
BRDA:82,8,1,0
BRDA:98,9,0,0
BRDA:98,9,1,0
BRDA:99,10,0,0
BRDA:99,10,1,0
BRDA:104,11,0,0
BRDA:104,11,1,0
BRDA:113,12,0,0
BRDA:113,12,1,0
BRDA:118,13,0,0
BRDA:118,13,1,0
BRDA:124,14,0,0
BRDA:124,14,1,0
BRDA:136,15,0,0
BRDA:136,15,1,0
BRDA:145,16,0,0
BRDA:145,16,1,0
BRDA:148,17,0,0
BRDA:148,17,1,0
BRDA:14,18,0,1
BRDA:14,18,1,0
BRDA:14,19,0,1
BRDA:14,19,1,1
BRF:40
BRH:3
end_of_record
TN:
SF:src\integrations\integrations.module.ts
FNF:0
FNH:0
DA:1,0
DA:2,0
DA:3,0
DA:4,0
DA:12,0
LF:5
LH:0
BRF:0
BRH:0
end_of_record
TN:
SF:src\lib\encryption.module.ts
FNF:0
FNH:0
DA:1,0
DA:2,0
DA:9,0
LF:3
LH:0
BRF:0
BRH:0
end_of_record
TN:
SF:src\lib\encryption.service.ts
FN:26,(anonymous_1)
FN:47,(anonymous_2)
FNF:2
FNH:2
FNDA:22,(anonymous_1)
FNDA:23,(anonymous_2)
DA:1,3
DA:2,3
DA:4,3
DA:5,3
DA:6,3
DA:8,3
DA:9,3
DA:10,0
DA:12,3
DA:13,0
DA:18,3
DA:21,3
DA:27,22
DA:28,22
DA:31,22
DA:32,22
DA:33,22
DA:34,22
DA:48,23
DA:49,23
DA:50,4
DA:52,19
DA:53,19
DA:54,19
DA:55,19
DA:58,18
DA:59,18
DA:60,18
DA:61,15
LF:29
LH:27
BRDA:9,0,0,0
BRDA:9,0,1,3
BRDA:12,1,0,0
BRDA:12,1,1,3
BRDA:49,2,0,4
BRDA:49,2,1,19
BRF:6
BRH:4
end_of_record
TN:
SF:src\patients\document-upload.config.ts
FN:24,(anonymous_0)
FN:30,(anonymous_1)
FNF:2
FNH:0
FNDA:0,(anonymous_0)
FNDA:0,(anonymous_1)
DA:1,0
DA:2,0
DA:3,0
DA:4,0
DA:6,0
DA:14,0
DA:16,0
DA:22,0
DA:25,0
DA:26,0
DA:30,0
DA:35,0
DA:36,0
DA:38,0
LF:14
LH:0
BRDA:35,0,0,0
BRDA:35,0,1,0
BRF:2
BRH:0
end_of_record
TN:
SF:src\patients\patients-documents.service.ts
FN:14,(anonymous_2)
FN:16,(anonymous_3)
FN:51,(anonymous_4)
FN:68,(anonymous_5)
FN:87,(anonymous_6)
FN:108,(anonymous_7)
FNF:6
FNH:0
FNDA:0,(anonymous_2)
FNDA:0,(anonymous_3)
FNDA:0,(anonymous_4)
FNDA:0,(anonymous_5)
FNDA:0,(anonymous_6)
FNDA:0,(anonymous_7)
DA:1,0
DA:6,0
DA:8,0
DA:9,0
DA:10,0
DA:13,0
DA:14,0
DA:22,0
DA:24,0
DA:25,0
DA:27,0
DA:28,0
DA:30,0
DA:52,0
DA:54,0
DA:73,0
DA:75,0
DA:79,0
DA:80,0
DA:83,0
DA:84,0
DA:88,0
DA:90,0
DA:94,0
DA:95,0
DA:98,0
DA:100,0
DA:101,0
DA:102,0
DA:109,0
DA:114,0
DA:115,0
LF:32
LH:0
BRDA:79,0,0,0
BRDA:79,0,1,0
BRDA:94,1,0,0
BRDA:94,1,1,0
BRDA:114,2,0,0
BRDA:114,2,1,0
BRDA:14,3,0,0
BRDA:14,3,1,0
BRDA:14,4,0,0
BRDA:14,4,1,0
BRF:10
BRH:0
end_of_record
TN:
SF:src\patients\patients.controller.ts
FN:39,(anonymous_4)
FN:46,(anonymous_5)
FN:71,(anonymous_6)
FN:91,(anonymous_7)
FN:112,(anonymous_8)
FN:132,(anonymous_9)
FN:152,(anonymous_10)
FN:169,(anonymous_11)
FN:198,(anonymous_12)
FN:206,(anonymous_13)
FN:241,(anonymous_14)
FN:266,(anonymous_15)
FN:286,(anonymous_16)
FN:313,(anonymous_17)
FNF:14
FNH:0
FNDA:0,(anonymous_4)
FNDA:0,(anonymous_5)
FNDA:0,(anonymous_6)
FNDA:0,(anonymous_7)
FNDA:0,(anonymous_8)
FNDA:0,(anonymous_9)
FNDA:0,(anonymous_10)
FNDA:0,(anonymous_11)
FNDA:0,(anonymous_12)
FNDA:0,(anonymous_13)
FNDA:0,(anonymous_14)
FNDA:0,(anonymous_15)
FNDA:0,(anonymous_16)
FNDA:0,(anonymous_17)
DA:1,0
DA:17,0
DA:18,0
DA:19,0
DA:20,0
DA:21,0
DA:22,0
DA:23,0
DA:24,0
DA:25,0
DA:26,0
DA:31,0
DA:32,0
DA:33,0
DA:34,0
DA:38,0
DA:40,0
DA:41,0
DA:42,0
DA:46,0
DA:52,0
DA:57,0
DA:67,0
DA:71,0
DA:77,0
DA:87,0
DA:91,0
DA:98,0
DA:108,0
DA:112,0
DA:118,0
DA:128,0
DA:132,0
DA:138,0
DA:148,0
DA:152,0
DA:156,0
DA:169,0
DA:177,0
DA:184,0
DA:194,0
DA:198,0
DA:202,0
DA:206,0
DA:215,0
DA:221,0
DA:222,0
DA:227,0
DA:237,0
DA:241,0
DA:248,0
DA:250,0
DA:260,0
DA:266,0
DA:272,0
DA:282,0
DA:286,0
DA:293,0
DA:299,0
DA:309,0
DA:313,0
DA:319,0
DA:321,0
DA:331,0
LF:64
LH:0
BRDA:49,0,0,0
BRDA:49,0,1,0
BRDA:49,1,0,0
BRDA:49,1,1,0
BRDA:74,2,0,0
BRDA:74,2,1,0
BRDA:74,3,0,0
BRDA:74,3,1,0
BRDA:95,4,0,0
BRDA:95,4,1,0
BRDA:95,5,0,0
BRDA:95,5,1,0
BRDA:173,6,0,0
BRDA:173,6,1,0
BRDA:173,7,0,0
BRDA:173,7,1,0
BRDA:173,7,2,0
BRDA:173,8,0,0
BRDA:173,8,1,0
BRDA:173,9,0,0
BRDA:173,9,1,0
BRDA:290,10,0,0
BRDA:290,10,1,0
BRDA:290,11,0,0
BRDA:290,11,1,0
BRDA:40,12,0,0
BRDA:40,12,1,0
BRDA:40,13,0,0
BRDA:40,13,1,0
BRDA:40,14,0,0
BRDA:40,14,1,0
BRDA:40,15,0,0
BRDA:40,15,1,0
BRDA:41,16,0,0
BRDA:41,16,1,0
BRDA:41,17,0,0
BRDA:41,17,1,0
BRF:37
BRH:0
end_of_record
TN:
SF:src\patients\patients.module.ts
FNF:0
FNH:0
DA:1,0
DA:2,0
DA:3,0
DA:4,0
DA:5,0
DA:6,0
DA:7,0
DA:8,0
DA:19,0
LF:9
LH:0
BRF:0
BRH:0
end_of_record
TN:
SF:src\patients\patients.service.ts
FN:16,(anonymous_2)
FN:21,(anonymous_3)
FN:36,(anonymous_4)
FN:72,(anonymous_5)
FN:105,(anonymous_6)
FN:110,(anonymous_7)
FN:135,(anonymous_8)
FN:165,(anonymous_9)
FN:191,(anonymous_10)
FN:207,(anonymous_11)
FN:213,(anonymous_12)
FN:230,(anonymous_13)
FN:292,(anonymous_14)
FN:300,(anonymous_15)
FN:318,(anonymous_16)
FNF:15
FNH:7
FNDA:14,(anonymous_2)
FNDA:0,(anonymous_3)
FNDA:3,(anonymous_4)
FNDA:4,(anonymous_5)
FNDA:2,(anonymous_6)
FNDA:7,(anonymous_7)
FNDA:0,(anonymous_8)
FNDA:0,(anonymous_9)
FNDA:0,(anonymous_10)
FNDA:0,(anonymous_11)
FNDA:0,(anonymous_12)
FNDA:2,(anonymous_13)
FNDA:0,(anonymous_14)
FNDA:0,(anonymous_15)
FNDA:13,(anonymous_16)
DA:1,1
DA:6,1
DA:12,1
DA:15,1
DA:17,14
DA:18,14
DA:22,0
DA:27,0
DA:28,0
DA:33,0
DA:43,3
DA:45,3
DA:48,3
DA:51,3
DA:54,3
DA:58,3
DA:69,3
DA:79,4
DA:80,4
DA:82,4
DA:84,4
DA:85,1
DA:87,3
DA:92,4
DA:93,0
DA:97,4
DA:99,4
DA:104,4
DA:105,2
DA:111,7
DA:128,7
DA:129,1
DA:132,6
DA:136,0
DA:137,0
DA:139,0
DA:141,0
DA:147,0
DA:148,0
DA:154,0
DA:165,0
DA:166,0
DA:168,0
DA:172,0
DA:173,0
DA:174,0
DA:175,0
DA:178,0
DA:188,0
DA:192,0
DA:194,0
DA:207,0
DA:214,0
DA:216,0
DA:221,0
DA:222,0
DA:227,0
DA:235,2
DA:243,2
DA:246,2
DA:252,2
DA:258,2
DA:264,2
DA:270,2
DA:289,2
DA:293,0
DA:294,0
DA:301,0
DA:302,0
DA:321,13
DA:323,13
DA:324,5
DA:326,12
DA:327,1
DA:331,12
DA:332,2
DA:334,12
DA:335,2
DA:338,2
DA:341,12
LF:80
LH:47
BRDA:27,0,0,0
BRDA:27,0,1,0
BRDA:45,1,0,1
BRDA:45,1,1,2
BRDA:48,2,0,1
BRDA:48,2,1,2
BRDA:51,3,0,1
BRDA:51,3,1,2
BRDA:54,4,0,1
BRDA:54,4,1,2
BRDA:79,5,0,3
BRDA:79,6,0,3
BRDA:84,7,0,1
BRDA:84,7,1,3
BRDA:92,8,0,0
BRDA:92,8,1,4
BRDA:97,9,0,1
BRDA:97,9,1,3
BRDA:128,10,0,1
BRDA:128,10,1,6
BRDA:136,11,0,0
BRDA:136,12,0,0
BRDA:147,13,0,0
BRDA:147,13,1,0
BRDA:166,14,0,0
BRDA:166,14,1,0
BRDA:168,15,0,0
BRDA:168,15,1,0
BRDA:173,16,0,0
BRDA:173,16,1,0
BRDA:221,17,0,0
BRDA:221,17,1,0
BRDA:246,18,0,2
BRDA:246,18,1,0
BRDA:247,19,0,1
BRDA:247,19,1,1
BRDA:252,20,0,0
BRDA:252,20,1,2
BRDA:253,21,0,0
BRDA:253,21,1,0
BRDA:258,22,0,0
BRDA:258,22,1,2
BRDA:259,23,0,0
BRDA:259,23,1,0
BRDA:264,24,0,0
BRDA:264,24,1,2
BRDA:265,25,0,0
BRDA:265,25,1,0
BRDA:274,26,0,2
BRDA:274,26,1,2
BRDA:277,27,0,2
BRDA:277,27,1,0
BRDA:280,28,0,2
BRDA:280,28,1,0
BRDA:283,29,0,2
BRDA:283,29,1,0
BRDA:323,30,0,5
BRDA:323,30,1,8
BRDA:326,31,0,1
BRDA:326,31,1,11
BRDA:331,32,0,2
BRDA:331,32,1,10
BRDA:334,33,0,2
BRDA:334,33,1,10
BRDA:17,34,0,1
BRDA:17,34,1,0
BRDA:17,35,0,1
BRDA:17,35,1,1
BRDA:17,36,0,1
BRDA:17,36,1,0
BRDA:17,37,0,1
BRDA:17,37,1,1
BRF:72
BRH:42
end_of_record
TN:
SF:src\patients\dto\create-patient.dto.ts
FN:30,(anonymous_2)
FN:47,(anonymous_3)
FNF:2
FNH:0
FNDA:0,(anonymous_2)
FNDA:0,(anonymous_3)
DA:1,0
DA:8,0
DA:10,0
DA:13,0
DA:17,0
DA:21,0
DA:24,0
DA:27,0
DA:30,0
DA:31,0
DA:35,0
DA:39,0
DA:43,0
DA:47,0
DA:48,0
DA:52,0
LF:16
LH:0
BRDA:30,0,0,0
BRDA:30,0,1,0
BRDA:31,1,0,0
BRDA:31,1,1,0
BRDA:31,2,0,0
BRDA:31,2,1,0
BRF:6
BRH:0
end_of_record
TN:
SF:src\patients\dto\query-patients.dto.ts
FN:7,(anonymous_2)
FN:13,(anonymous_3)
FNF:2
FNH:0
FNDA:0,(anonymous_2)
FNDA:0,(anonymous_3)
DA:1,0
DA:2,0
DA:3,0
DA:5,0
DA:7,0
DA:10,0
DA:13,0
DA:16,0
DA:20,0
DA:24,0
LF:10
LH:0
BRDA:24,0,0,0
BRDA:24,0,1,0
BRDA:24,1,0,0
BRDA:24,1,1,0
BRF:4
BRH:0
end_of_record
TN:
SF:src\patients\dto\query-timeline.dto.ts
FN:6,(anonymous_2)
FN:12,(anonymous_3)
FNF:2
FNH:0
FNDA:0,(anonymous_2)
FNDA:0,(anonymous_3)
DA:1,0
DA:2,0
DA:4,0
DA:6,0
DA:9,0
DA:12,0
DA:16,0
DA:20,0
LF:8
LH:0
BRF:0
BRH:0
end_of_record
TN:
SF:src\patients\dto\update-patient.dto.ts
FNF:0
FNH:0
DA:1,0
DA:2,0
DA:4,0
LF:3
LH:0
BRF:0
BRH:0
end_of_record
TN:
SF:src\patients\dto\upload-document.dto.ts
FNF:0
FNH:0
DA:1,0
DA:3,0
DA:7,0
LF:3
LH:0
BRF:0
BRH:0
end_of_record
TN:
SF:src\prisma\prisma.module.ts
FNF:0
FNH:0
DA:1,0
DA:2,0
DA:9,0
LF:3
LH:0
BRF:0
BRH:0
end_of_record
TN:
SF:src\prisma\prisma.service.ts
FN:12,(anonymous_2)
FN:19,(anonymous_3)
FN:23,(anonymous_4)
FNF:3
FNH:0
FNDA:0,(anonymous_2)
FNDA:0,(anonymous_3)
FNDA:0,(anonymous_4)
DA:1,5
DA:2,5
DA:3,5
DA:4,5
DA:8,5
DA:13,0
DA:16,0
DA:20,0
DA:24,0
LF:9
LH:5
BRDA:14,0,0,0
BRDA:14,0,1,0
BRF:2
BRH:0
end_of_record
TN:
SF:src\search\search.controller.ts
FN:10,(anonymous_4)
FN:13,(anonymous_5)
FN:47,(anonymous_6)
FNF:3
FNH:0
FNDA:0,(anonymous_4)
FNDA:0,(anonymous_5)
FNDA:0,(anonymous_6)
DA:1,0
DA:2,0
DA:3,0
DA:4,0
DA:9,0
DA:10,0
DA:13,0
DA:17,0
DA:19,0
DA:31,0
DA:45,0
DA:47,0
LF:12
LH:0
BRDA:17,0,0,0
BRDA:17,0,1,0
BRDA:17,1,0,0
BRDA:17,1,1,0
BRDA:10,2,0,0
BRDA:10,2,1,0
BRDA:10,3,0,0
BRDA:10,3,1,0
BRF:8
BRH:0
end_of_record
TN:
SF:src\search\search.module.ts
FNF:0
FNH:0
DA:1,0
DA:2,0
DA:3,0
DA:9,0
LF:4
LH:0
BRF:0
BRH:0
end_of_record
TN:
SF:src\tasks\tasks.controller.ts
FN:18,(anonymous_4)
FN:21,(anonymous_5)
FN:26,(anonymous_6)
FN:31,(anonymous_7)
FN:36,(anonymous_8)
FNF:5
FNH:0
FNDA:0,(anonymous_4)
FNDA:0,(anonymous_5)
FNDA:0,(anonymous_6)
FNDA:0,(anonymous_7)
FNDA:0,(anonymous_8)
DA:1,0
DA:11,0
DA:12,0
DA:13,0
DA:17,0
DA:18,0
DA:21,0
DA:22,0
DA:26,0
DA:27,0
DA:31,0
DA:32,0
DA:36,0
DA:37,0
LF:14
LH:0
BRDA:21,0,0,0
BRDA:21,0,1,0
BRDA:21,1,0,0
BRDA:21,1,1,0
BRDA:31,2,0,0
BRDA:31,2,1,0
BRDA:31,3,0,0
BRDA:31,3,1,0
BRDA:18,4,0,0
BRDA:18,4,1,0
BRDA:18,5,0,0
BRDA:18,5,1,0
BRF:12
BRH:0
end_of_record
TN:
SF:src\tasks\tasks.module.ts
FNF:0
FNH:0
DA:1,0
DA:2,0
DA:3,0
DA:4,0
DA:11,0
LF:5
LH:0
BRF:0
BRH:0
end_of_record
TN:
SF:src\tasks\tasks.service.ts
FN:7,(anonymous_2)
FN:9,(anonymous_3)
FN:21,(anonymous_4)
FN:28,(anonymous_5)
FN:38,(anonymous_6)
FNF:5
FNH:0
FNDA:0,(anonymous_2)
FNDA:0,(anonymous_3)
FNDA:0,(anonymous_4)
FNDA:0,(anonymous_5)
FNDA:0,(anonymous_6)
DA:1,0
DA:2,0
DA:6,0
DA:7,0
DA:12,0
DA:22,0
DA:29,0
DA:39,0
LF:8
LH:0
BRDA:16,0,0,0
BRDA:16,0,1,0
BRDA:33,1,0,0
BRDA:33,1,1,0
BRDA:7,2,0,0
BRDA:7,2,1,0
BRDA:7,3,0,0
BRDA:7,3,1,0
BRF:8
BRH:0
end_of_record
TN:
SF:src\tasks\dto\task.dto.ts
FNF:0
FNH:0
DA:1,0
DA:9,0
DA:12,0
DA:16,0
DA:19,0
DA:22,0
DA:26,0
DA:30,0
LF:8
LH:0
BRF:0
BRH:0
end_of_record
TN:
SF:src\test\encryption-helpers.ts
FN:5,createTestEncryptionService
FNF:1
FNH:1
FNDA:3,createTestEncryptionService
DA:1,3
DA:3,3
DA:5,3
DA:7,3
LF:4
LH:4
BRF:0
BRH:0
end_of_record
TN:
SF:src\test\factories.ts
FN:4,(anonymous_0)
FN:6,makeUser
FN:20,makeClinicianProfile
FN:35,makePatient
FN:53,makeAppointment
FN:77,makeRefreshToken
FN:90,makeFinanceTransaction
FN:107,makeClinic
FNF:8
FNH:7
FNDA:53,(anonymous_0)
FNDA:9,makeUser
FNDA:11,makeClinicianProfile
FNDA:11,makePatient
FNDA:19,makeAppointment
FNDA:0,makeRefreshToken
FNDA:15,makeFinanceTransaction
FNDA:3,makeClinic
DA:1,4
DA:3,4
DA:4,53
DA:6,4
DA:7,9
DA:8,9
DA:20,4
DA:21,11
DA:35,4
DA:36,11
DA:37,11
DA:53,4
DA:54,19
DA:55,19
DA:56,19
DA:77,4
DA:78,0
DA:79,0
DA:80,0
DA:90,4
DA:91,15
DA:107,4
DA:108,3
DA:109,3
LF:24
LH:21
BRDA:6,0,0,7
BRDA:20,1,0,8
BRDA:35,2,0,4
BRDA:53,3,0,6
BRDA:77,4,0,0
BRDA:90,5,0,2
BRDA:107,6,0,3
BRF:7
BRH:6
end_of_record
TN:
SF:src\test\prisma-mock.ts
FN:1,makeDelegateMock
FN:17,createPrismaMock
FN:33,(anonymous_2)
FNF:3
FNH:3
FNDA:1134,makeDelegateMock
FNDA:81,createPrismaMock
FNDA:5,(anonymous_2)
DA:2,1134
DA:17,5
DA:18,81
DA:34,5
DA:35,0
DA:40,81
LF:6
LH:5
BRDA:34,0,0,5
BRDA:34,0,1,0
BRF:2
BRH:1
end_of_record
TN:
SF:src\users\users.controller.ts
FN:10,(anonymous_4)
FN:13,(anonymous_5)
FNF:2
FNH:0
FNDA:0,(anonymous_4)
FNDA:0,(anonymous_5)
DA:1,0
DA:2,0
DA:3,0
DA:4,0
DA:5,0
DA:9,0
DA:10,0
DA:13,0
DA:17,0
LF:9
LH:0
BRDA:15,0,0,0
BRDA:15,0,1,0
BRDA:15,1,0,0
BRDA:15,1,1,0
BRDA:10,2,0,0
BRDA:10,2,1,0
BRDA:10,3,0,0
BRDA:10,3,1,0
BRF:8
BRH:0
end_of_record
TN:
SF:src\users\users.module.ts
FNF:0
FNH:0
DA:1,0
DA:2,0
DA:3,0
DA:4,0
DA:12,0
LF:5
LH:0
BRF:0
BRH:0
end_of_record
TN:
SF:src\users\users.service.ts
FN:7,(anonymous_2)
FN:12,(anonymous_3)
FN:52,(anonymous_4)
FNF:3
FNH:0
FNDA:0,(anonymous_2)
FNDA:0,(anonymous_3)
FNDA:0,(anonymous_4)
DA:1,0
DA:2,0
DA:3,0
DA:6,0
DA:7,0
DA:14,0
DA:18,0
DA:19,0
DA:23,0
DA:25,0
DA:27,0
DA:32,0
DA:33,0
DA:36,0
DA:37,0
DA:41,0
DA:46,0
DA:53,0
DA:58,0
DA:59,0
DA:62,0
LF:21
LH:0
BRDA:18,0,0,0
BRDA:18,0,1,0
BRDA:25,1,0,0
BRDA:25,1,1,0
BRDA:32,2,0,0
BRDA:32,2,1,0
BRDA:36,3,0,0
BRDA:36,3,1,0
BRDA:58,4,0,0
BRDA:58,4,1,0
BRDA:7,5,0,0
BRDA:7,5,1,0
BRDA:7,6,0,0
BRDA:7,6,1,0
BRF:14
BRH:0
end_of_record
TN:
SF:src\users\dto\update-profile.dto.ts
FN:16,(anonymous_2)
FN:28,(anonymous_3)
FNF:2
FNH:0
FNDA:0,(anonymous_2)
FNDA:0,(anonymous_3)
DA:1,0
DA:8,0
DA:10,0
DA:13,0
DA:18,0
DA:19,0
DA:21,0
DA:25,0
DA:29,0
DA:30,0
DA:32,0
DA:37,0
LF:12
LH:0
BRDA:18,0,0,0
BRDA:18,0,1,0
BRDA:29,1,0,0
BRDA:29,1,1,0
BRF:4
BRH:0
end_of_record
